<Event xmlns='http://schemas.microsoft.com/win/2004/08/events/event'><System><Provider Name='Microsoft-Windows-Sysmon' Guid='{5770385f-c22a-43e0-bf4c-06f5698ffbd9}'/><EventID>1</EventID><Version>5</Version><Level>4</Level><Task>1</Task><Opcode>0</Opcode><Keywords>0x8000000000000000</Keywords><TimeCreated SystemTime='2026-09-10T23:55:51.7353473Z'/><EventRecordID>689</EventRecordID><Correlation/><Execution ProcessID='3628' ThreadID='4880'/><Channel>Microsoft-Windows-Sysmon/Operational</Channel><Computer>Abraham</Computer><Security UserID='S-1-5-18'/></System><EventData><Data Name='RuleName'>-</Data><Data Name='UtcTime'>2026-09-10 23:55:51.733</Data><Data Name='ProcessGuid'>{c4fe85a1-4387-6aa3-8d01-000000000b00}</Data><Data Name='ProcessId'>132</Data><Data Name='Image'>C:\Windows\System32\taskhostw.exe</Data><Data Name='FileVersion'>10.0.26100.8328 (WinBuild.160101.0800)</Data><Data Name='Description'>Host Process for Windows Tasks</Data><Data Name='Product'>Microsoft® Windows® Operating System</Data><Data Name='Company'>Microsoft Corporation</Data><Data Name='OriginalFileName'>taskhostw.exe</Data><Data Name='CommandLine'>taskhostw.exe</Data><Data Name='CurrentDirectory'>C:\WINDOWS\system32\</Data><Data Name='User'>NT AUTHORITY\SYSTEM</Data><Data Name='LogonGuid'>{c4fe85a1-3c65-6aa3-e703-000000000000}</Data><Data Name='LogonId'>0x3e7</Data><Data Name='TerminalSessionId'>0</Data><Data Name='IntegrityLevel'>System</Data><Data Name='Hashes'>MD5=9E9370331B9D14ABBA21091FFFCD1D1E,SHA256=EA8D441DF237FB3D3B7A27A95FDE186E19C94D58A618F5C29ED5FC13CB155E96,IMPHASH=2196268E7A2880E3ADC74481297D0C4B</Data><Data Name='ParentProcessGuid'>{00000000-0000-0000-0000-000000000000}</Data><Data Name='ParentProcessId'>1544</Data><Data Name='ParentImage'>-</Data><Data Name='ParentCommandLine'>-</Data><Data Name='ParentUser'>-</Data></EventData></Event>
<Event xmlns='http://schemas.microsoft.com/win/2004/08/events/event'><System><Provider Name='Microsoft-Windows-Sysmon' Guid='{5770385f-c22a-43e0-bf4c-06f5698ffbd9}'/><EventID>22</EventID><Version>5</Version><Level>4</Level><Task>22</Task><Opcode>0</Opcode><Keywords>0x8000000000000000</Keywords><TimeCreated SystemTime='2026-09-10T23:55:30.3698969Z'/><EventRecordID>688</EventRecordID><Correlation/><Execution ProcessID='3628' ThreadID='4900'/><Channel>Microsoft-Windows-Sysmon/Operational</Channel><Computer>Abraham</Computer><Security UserID='S-1-5-18'/></System><EventData><Data Name='RuleName'>-</Data><Data Name='UtcTime'>2026-09-10 23:55:29.167</Data><Data Name='ProcessGuid'>{c4fe85a1-3c66-6aa3-2b00-000000000b00}</Data><Data Name='ProcessId'>2212</Data><Data Name='QueryName'>Abraham</Data><Data Name='QueryStatus'>1460</Data><Data Name='QueryResults'>-</Data><Data Name='Image'>C:\Windows\System32\svchost.exe</Data><Data Name='User'>NT AUTHORITY\NETWORK SERVICE</Data></EventData></Event>
<Event xmlns='http://schemas.microsoft.com/win/2004/08/events/event'><System><Provider Name='Microsoft-Windows-Sysmon' Guid='{5770385f-c22a-43e0-bf4c-06f5698ffbd9}'/><EventID>1</EventID><Version>5</Version><Level>4</Level><Task>1</Task><Opcode>0</Opcode><Keywords>0x8000000000000000</Keywords><TimeCreated SystemTime='2026-09-10T23:54:53.0666313Z'/><EventRecordID>687</EventRecordID><Correlation/><Execution ProcessID='3628' ThreadID='4880'/><Channel>Microsoft-Windows-Sysmon/Operational</Channel><Computer>Abraham</Computer><Security UserID='S-1-5-18'/></System><EventData><Data Name='RuleName'>-</Data><Data Name='UtcTime'>2026-09-10 23:54:53.062</Data><Data Name='ProcessGuid'>{c4fe85a1-434d-6aa3-8b01-000000000b00}</Data><Data Name='ProcessId'>8660</Data><Data Name='Image'>C:\Windows\UUS\amd64\MoUsoCoreWorker.exe</Data><Data Name='FileVersion'>1509.2608.11022.0</Data><Data Name='Description'>MoUSO Core Worker Process</Data><Data Name='Product'>Microsoft® Windows® Operating System</Data><Data Name='Company'>Microsoft Corporation</Data><Data Name='OriginalFileName'>MoUSOCoreWorker.exe</Data><Data Name='CommandLine'>"C:\WINDOWS\uus\AMD64\MoUsoCoreWorker.exe" useprivatenamespaces</Data><Data Name='CurrentDirectory'>C:\WINDOWS\system32\</Data><Data Name='User'>NT AUTHORITY\SYSTEM</Data><Data Name='LogonGuid'>{c4fe85a1-3c65-6aa3-e703-000000000000}</Data><Data Name='LogonId'>0x3e7</Data><Data Name='TerminalSessionId'>0</Data><Data Name='IntegrityLevel'>System</Data><Data Name='Hashes'>MD5=CAC872010E2ABE5E5090E7E3A0EED549,SHA256=C3848A3136ACD302B13A0D930B2C7E7A44CCC31D5D5758FD55F06C178731383B,IMPHASH=6FD201EF140EA230B8153D94C2A4D885</Data><Data Name='ParentProcessGuid'>{c4fe85a1-3ce3-6aa3-cc00-000000000b00}</Data><Data Name='ParentProcessId'>10516</Data><Data Name='ParentImage'>C:\Windows\System32\svchost.exe</Data><Data Name='ParentCommandLine'>C:\WINDOWS\system32\svchost.exe -k netsvcs -p -s UsoSvc</Data><Data Name='ParentUser'>NT AUTHORITY\SYSTEM</Data></EventData></Event>
