<Event xmlns='http://schemas.microsoft.com/win/2004/08/events/event'><System><Provider Name='Microsoft-Windows-Sysmon' Guid='{5770385f-c22a-43e0-bf4c-06f5698ffbd9}'/><EventID>11</EventID><Version>2</Version><Level>4</Level><Task>11</Task><Opcode>0</Opcode><Keywords>0x8000000000000000</Keywords><TimeCreated SystemTime='2026-09-10T23:19:59.4612426Z'/><EventRecordID>73</EventRecordID><Correlation/><Execution ProcessID='8800' ThreadID='7548'/><Channel>Microsoft-Windows-Sysmon/Operational</Channel><Computer>Abraham</Computer><Security UserID='S-1-5-18'/></System><EventData><Data Name='RuleName'>-</Data><Data Name='UtcTime'>2026-09-10 23:19:59.460</Data><Data Name='ProcessGuid'>{c4fe85a1-3b1f-6aa3-3d03-000000000a00}</Data><Data Name='ProcessId'>9044</Data><Data Name='Image'>C:\Windows\System32\WindowsPowerShell\v1.0\powershell.exe</Data><Data Name='TargetFilename'>C:\Users\lab\AppData\Local\Temp\__PSScriptPolicyTest_hniw1orn.hyj.ps1</Data><Data Name='CreationUtcTime'>2026-09-10 23:19:59.460</Data><Data Name='User'>Abraham\lab</Data></EventData></Event>
<Event xmlns='http://schemas.microsoft.com/win/2004/08/events/event'><System><Provider Name='Microsoft-Windows-Sysmon' Guid='{5770385f-c22a-43e0-bf4c-06f5698ffbd9}'/><EventID>1</EventID><Version>5</Version><Level>4</Level><Task>1</Task><Opcode>0</Opcode><Keywords>0x8000000000000000</Keywords><TimeCreated SystemTime='2026-09-10T23:19:59.2968958Z'/><EventRecordID>72</EventRecordID><Correlation/><Execution ProcessID='8800' ThreadID='7548'/><Channel>Microsoft-Windows-Sysmon/Operational</Channel><Computer>Abraham</Computer><Security UserID='S-1-5-18'/></System><EventData><Data Name='RuleName'>-</Data><Data Name='UtcTime'>2026-09-10 23:19:59.295</Data><Data Name='ProcessGuid'>{c4fe85a1-3b1f-6aa3-3d03-000000000a00}</Data><Data Name='ProcessId'>9044</Data><Data Name='Image'>C:\Windows\System32\WindowsPowerShell\v1.0\powershell.exe</Data><Data Name='FileVersion'>10.0.26100.9278 (WinBuild.160101.0800)</Data><Data Name='Description'>Windows PowerShell</Data><Data Name='Product'>Microsoft® Windows® Operating System</Data><Data Name='Company'>Microsoft Corporation</Data><Data Name='OriginalFileName'>PowerShell.EXE</Data><Data Name='CommandLine'>"C:\Windows\System32\WindowsPowerShell\v1.0\powershell.exe" "-NoProfile" "-ExecutionPolicy" "Bypass" "-File" "C:\Users\Public\abraham-export.ps1" </Data><Data Name='CurrentDirectory'>C:\WINDOWS\system32\</Data><Data Name='User'>Abraham\lab</Data><Data Name='LogonGuid'>{c4fe85a1-3b1f-6aa3-c5a7-5d0000000000}</Data><Data Name='LogonId'>0x5da7c5</Data><Data Name='TerminalSessionId'>0</Data><Data Name='IntegrityLevel'>High</Data><Data Name='Hashes'>MD5=61F649A6FDC374A6BF36C860519E017C,SHA256=8BB6FA8C283B4D92120B1EF249A9B311B0F804D4CABBE9981159976C8BE76A5E,IMPHASH=2F87CE4617F593D7148B739BBF06D059</Data><Data Name='ParentProcessGuid'>{c4fe85a1-264f-6aa3-4200-000000000a00}</Data><Data Name='ParentProcessId'>3320</Data><Data Name='ParentImage'>C:\Program Files\VMware\VMware Tools\vmtoolsd.exe</Data><Data Name='ParentCommandLine'>"C:\Program Files\VMware\VMware Tools\vmtoolsd.exe"</Data><Data Name='ParentUser'>NT AUTHORITY\SYSTEM</Data></EventData></Event>
<Event xmlns='http://schemas.microsoft.com/win/2004/08/events/event'><System><Provider Name='Microsoft-Windows-Sysmon' Guid='{5770385f-c22a-43e0-bf4c-06f5698ffbd9}'/><EventID>11</EventID><Version>2</Version><Level>4</Level><Task>11</Task><Opcode>0</Opcode><Keywords>0x8000000000000000</Keywords><TimeCreated SystemTime='2026-09-10T23:19:58.6117655Z'/><EventRecordID>71</EventRecordID><Correlation/><Execution ProcessID='8800' ThreadID='7548'/><Channel>Microsoft-Windows-Sysmon/Operational</Channel><Computer>Abraham</Computer><Security UserID='S-1-5-18'/></System><EventData><Data Name='RuleName'>-</Data><Data Name='UtcTime'>2026-09-10 23:19:58.609</Data><Data Name='ProcessGuid'>{c4fe85a1-264f-6aa3-4200-000000000a00}</Data><Data Name='ProcessId'>3320</Data><Data Name='Image'>C:\Program Files\VMware\VMware Tools\vmtoolsd.exe</Data><Data Name='TargetFilename'>C:\Users\Public\abraham-export.ps1</Data><Data Name='CreationUtcTime'>2026-09-10 23:19:21.509</Data><Data Name='User'>NT AUTHORITY\SYSTEM</Data></EventData></Event>
<Event xmlns='http://schemas.microsoft.com/win/2004/08/events/event'><System><Provider Name='Microsoft-Windows-Sysmon' Guid='{5770385f-c22a-43e0-bf4c-06f5698ffbd9}'/><EventID>1</EventID><Version>5</Version><Level>4</Level><Task>1</Task><Opcode>0</Opcode><Keywords>0x8000000000000000</Keywords><TimeCreated SystemTime='2026-09-10T23:19:38.3355643Z'/><EventRecordID>70</EventRecordID><Correlation/><Execution ProcessID='8800' ThreadID='7548'/><Channel>Microsoft-Windows-Sysmon/Operational</Channel><Computer>Abraham</Computer><Security UserID='S-1-5-18'/></System><EventData><Data Name='RuleName'>-</Data><Data Name='UtcTime'>2026-09-10 23:19:38.331</Data><Data Name='ProcessGuid'>{c4fe85a1-3b0a-6aa3-3c03-000000000a00}</Data><Data Name='ProcessId'>8772</Data><Data Name='Image'>C:\Windows\System32\wevtutil.exe</Data><Data Name='FileVersion'>10.0.26100.9444 (WinBuild.160101.0800)</Data><Data Name='Description'>Windows Event Log Utility</Data><Data Name='Product'>Microsoft® Windows® Operating System</Data><Data Name='Company'>Microsoft Corporation</Data><Data Name='OriginalFileName'>wevtutil.exe</Data><Data Name='CommandLine'>"C:\WINDOWS\system32\wevtutil.exe" e Microsoft-Windows-Sysmon/Operational C:\Users\Public\abraham-sysmon.evtx</Data><Data Name='CurrentDirectory'>C:\WINDOWS\system32\</Data><Data Name='User'>Abraham\lab</Data><Data Name='LogonGuid'>{c4fe85a1-3b09-6aa3-f042-5d0000000000}</Data><Data Name='LogonId'>0x5d42f0</Data><Data Name='TerminalSessionId'>0</Data><Data Name='IntegrityLevel'>High</Data><Data Name='Hashes'>MD5=F8DF0C7532F536B3683F29EFD9272E10,SHA256=C3D9616F7224BF8E9EFEA95780632DC5229D51C16C1DA74CEB37F7C125C9FAAC,IMPHASH=D0C77550F931D496F0A0F8F1F12495AE</Data><Data Name='ParentProcessGuid'>{c4fe85a1-3b09-6aa3-3803-000000000a00}</Data><Data Name='ParentProcessId'>6628</Data><Data Name='ParentImage'>C:\Windows\System32\WindowsPowerShell\v1.0\powershell.exe</Data><Data Name='ParentCommandLine'>"C:\Windows\System32\WindowsPowerShell\v1.0\powershell.exe" "-NoProfile" "-ExecutionPolicy" "Bypass" "-File" "C:\Users\Public\abraham-export.ps1" </Data><Data Name='ParentUser'>Abraham\lab</Data></EventData></Event>
<Event xmlns='http://schemas.microsoft.com/win/2004/08/events/event'><System><Provider Name='Microsoft-Windows-Sysmon' Guid='{5770385f-c22a-43e0-bf4c-06f5698ffbd9}'/><EventID>1</EventID><Version>5</Version><Level>4</Level><Task>1</Task><Opcode>0</Opcode><Keywords>0x8000000000000000</Keywords><TimeCreated SystemTime='2026-09-10T23:19:38.1870518Z'/><EventRecordID>69</EventRecordID><Correlation/><Execution ProcessID='8800' ThreadID='7548'/><Channel>Microsoft-Windows-Sysmon/Operational</Channel><Computer>Abraham</Computer><Security UserID='S-1-5-18'/></System><EventData><Data Name='RuleName'>-</Data><Data Name='UtcTime'>2026-09-10 23:19:38.183</Data><Data Name='ProcessGuid'>{c4fe85a1-3b0a-6aa3-3b03-000000000a00}</Data><Data Name='ProcessId'>4992</Data><Data Name='Image'>C:\Windows\System32\wevtutil.exe</Data><Data Name='FileVersion'>10.0.26100.9444 (WinBuild.160101.0800)</Data><Data Name='Description'>Windows Event Log Utility</Data><Data Name='Product'>Microsoft® Windows® Operating System</Data><Data Name='Company'>Microsoft Corporation</Data><Data Name='OriginalFileName'>wevtutil.exe</Data><Data Name='CommandLine'>"C:\WINDOWS\system32\wevtutil.exe" e Microsoft-Windows-Sysmon/Operational /c:1</Data><Data Name='CurrentDirectory'>C:\WINDOWS\system32\</Data><Data Name='User'>Abraham\lab</Data><Data Name='LogonGuid'>{c4fe85a1-3b09-6aa3-f042-5d0000000000}</Data><Data Name='LogonId'>0x5d42f0</Data><Data Name='TerminalSessionId'>0</Data><Data Name='IntegrityLevel'>High</Data><Data Name='Hashes'>MD5=F8DF0C7532F536B3683F29EFD9272E10,SHA256=C3D9616F7224BF8E9EFEA95780632DC5229D51C16C1DA74CEB37F7C125C9FAAC,IMPHASH=D0C77550F931D496F0A0F8F1F12495AE</Data><Data Name='ParentProcessGuid'>{c4fe85a1-3b09-6aa3-3803-000000000a00}</Data><Data Name='ParentProcessId'>6628</Data><Data Name='ParentImage'>C:\Windows\System32\WindowsPowerShell\v1.0\powershell.exe</Data><Data Name='ParentCommandLine'>"C:\Windows\System32\WindowsPowerShell\v1.0\powershell.exe" "-NoProfile" "-ExecutionPolicy" "Bypass" "-File" "C:\Users\Public\abraham-export.ps1" </Data><Data Name='ParentUser'>Abraham\lab</Data></EventData></Event>
<Event xmlns='http://schemas.microsoft.com/win/2004/08/events/event'><System><Provider Name='Microsoft-Windows-Sysmon' Guid='{5770385f-c22a-43e0-bf4c-06f5698ffbd9}'/><EventID>1</EventID><Version>5</Version><Level>4</Level><Task>1</Task><Opcode>0</Opcode><Keywords>0x8000000000000000</Keywords><TimeCreated SystemTime='2026-09-10T23:19:38.1074736Z'/><EventRecordID>68</EventRecordID><Correlation/><Execution ProcessID='8800' ThreadID='7548'/><Channel>Microsoft-Windows-Sysmon/Operational</Channel><Computer>Abraham</Computer><Security UserID='S-1-5-18'/></System><EventData><Data Name='RuleName'>-</Data><Data Name='UtcTime'>2026-09-10 23:19:38.102</Data><Data Name='ProcessGuid'>{c4fe85a1-3b0a-6aa3-3a03-000000000a00}</Data><Data Name='ProcessId'>9028</Data><Data Name='Image'>C:\Windows\System32\wevtutil.exe</Data><Data Name='FileVersion'>10.0.26100.9444 (WinBuild.160101.0800)</Data><Data Name='Description'>Windows Event Log Utility</Data><Data Name='Product'>Microsoft® Windows® Operating System</Data><Data Name='Company'>Microsoft Corporation</Data><Data Name='OriginalFileName'>wevtutil.exe</Data><Data Name='CommandLine'>"C:\WINDOWS\system32\wevtutil.exe" gli Microsoft-Windows-Sysmon/Operational</Data><Data Name='CurrentDirectory'>C:\WINDOWS\system32\</Data><Data Name='User'>Abraham\lab</Data><Data Name='LogonGuid'>{c4fe85a1-3b09-6aa3-f042-5d0000000000}</Data><Data Name='LogonId'>0x5d42f0</Data><Data Name='TerminalSessionId'>0</Data><Data Name='IntegrityLevel'>High</Data><Data Name='Hashes'>MD5=F8DF0C7532F536B3683F29EFD9272E10,SHA256=C3D9616F7224BF8E9EFEA95780632DC5229D51C16C1DA74CEB37F7C125C9FAAC,IMPHASH=D0C77550F931D496F0A0F8F1F12495AE</Data><Data Name='ParentProcessGuid'>{c4fe85a1-3b09-6aa3-3803-000000000a00}</Data><Data Name='ParentProcessId'>6628</Data><Data Name='ParentImage'>C:\Windows\System32\WindowsPowerShell\v1.0\powershell.exe</Data><Data Name='ParentCommandLine'>"C:\Windows\System32\WindowsPowerShell\v1.0\powershell.exe" "-NoProfile" "-ExecutionPolicy" "Bypass" "-File" "C:\Users\Public\abraham-export.ps1" </Data><Data Name='ParentUser'>Abraham\lab</Data></EventData></Event>
<Event xmlns='http://schemas.microsoft.com/win/2004/08/events/event'><System><Provider Name='Microsoft-Windows-Sysmon' Guid='{5770385f-c22a-43e0-bf4c-06f5698ffbd9}'/><EventID>11</EventID><Version>2</Version><Level>4</Level><Task>11</Task><Opcode>0</Opcode><Keywords>0x8000000000000000</Keywords><TimeCreated SystemTime='2026-09-10T23:19:37.2972287Z'/><EventRecordID>67</EventRecordID><Correlation/><Execution ProcessID='8800' ThreadID='7548'/><Channel>Microsoft-Windows-Sysmon/Operational</Channel><Computer>Abraham</Computer><Security UserID='S-1-5-18'/></System><EventData><Data Name='RuleName'>-</Data><Data Name='UtcTime'>2026-09-10 23:19:37.294</Data><Data Name='ProcessGuid'>{c4fe85a1-3b09-6aa3-3803-000000000a00}</Data><Data Name='ProcessId'>6628</Data><Data Name='Image'>C:\Windows\System32\WindowsPowerShell\v1.0\powershell.exe</Data><Data Name='TargetFilename'>C:\Users\lab\AppData\Local\Temp\__PSScriptPolicyTest_lv0muvw0.r33.ps1</Data><Data Name='CreationUtcTime'>2026-09-10 23:19:37.294</Data><Data Name='User'>Abraham\lab</Data></EventData></Event>
<Event xmlns='http://schemas.microsoft.com/win/2004/08/events/event'><System><Provider Name='Microsoft-Windows-Sysmon' Guid='{5770385f-c22a-43e0-bf4c-06f5698ffbd9}'/><EventID>1</EventID><Version>5</Version><Level>4</Level><Task>1</Task><Opcode>0</Opcode><Keywords>0x8000000000000000</Keywords><TimeCreated SystemTime='2026-09-10T23:19:37.1239199Z'/><EventRecordID>66</EventRecordID><Correlation/><Execution ProcessID='8800' ThreadID='7548'/><Channel>Microsoft-Windows-Sysmon/Operational</Channel><Computer>Abraham</Computer><Security UserID='S-1-5-18'/></System><EventData><Data Name='RuleName'>-</Data><Data Name='UtcTime'>2026-09-10 23:19:37.121</Data><Data Name='ProcessGuid'>{c4fe85a1-3b09-6aa3-3803-000000000a00}</Data><Data Name='ProcessId'>6628</Data><Data Name='Image'>C:\Windows\System32\WindowsPowerShell\v1.0\powershell.exe</Data><Data Name='FileVersion'>10.0.26100.9278 (WinBuild.160101.0800)</Data><Data Name='Description'>Windows PowerShell</Data><Data Name='Product'>Microsoft® Windows® Operating System</Data><Data Name='Company'>Microsoft Corporation</Data><Data Name='OriginalFileName'>PowerShell.EXE</Data><Data Name='CommandLine'>"C:\Windows\System32\WindowsPowerShell\v1.0\powershell.exe" "-NoProfile" "-ExecutionPolicy" "Bypass" "-File" "C:\Users\Public\abraham-export.ps1" </Data><Data Name='CurrentDirectory'>C:\WINDOWS\system32\</Data><Data Name='User'>Abraham\lab</Data><Data Name='LogonGuid'>{c4fe85a1-3b09-6aa3-f042-5d0000000000}</Data><Data Name='LogonId'>0x5d42f0</Data><Data Name='TerminalSessionId'>0</Data><Data Name='IntegrityLevel'>High</Data><Data Name='Hashes'>MD5=61F649A6FDC374A6BF36C860519E017C,SHA256=8BB6FA8C283B4D92120B1EF249A9B311B0F804D4CABBE9981159976C8BE76A5E,IMPHASH=2F87CE4617F593D7148B739BBF06D059</Data><Data Name='ParentProcessGuid'>{c4fe85a1-264f-6aa3-4200-000000000a00}</Data><Data Name='ParentProcessId'>3320</Data><Data Name='ParentImage'>C:\Program Files\VMware\VMware Tools\vmtoolsd.exe</Data><Data Name='ParentCommandLine'>"C:\Program Files\VMware\VMware Tools\vmtoolsd.exe"</Data><Data Name='ParentUser'>NT AUTHORITY\SYSTEM</Data></EventData></Event>
<Event xmlns='http://schemas.microsoft.com/win/2004/08/events/event'><System><Provider Name='Microsoft-Windows-Sysmon' Guid='{5770385f-c22a-43e0-bf4c-06f5698ffbd9}'/><EventID>11</EventID><Version>2</Version><Level>4</Level><Task>11</Task><Opcode>0</Opcode><Keywords>0x8000000000000000</Keywords><TimeCreated SystemTime='2026-09-10T23:19:36.3654181Z'/><EventRecordID>65</EventRecordID><Correlation/><Execution ProcessID='8800' ThreadID='7548'/><Channel>Microsoft-Windows-Sysmon/Operational</Channel><Computer>Abraham</Computer><Security UserID='S-1-5-18'/></System><EventData><Data Name='RuleName'>-</Data><Data Name='UtcTime'>2026-09-10 23:19:36.365</Data><Data Name='ProcessGuid'>{c4fe85a1-264f-6aa3-4200-000000000a00}</Data><Data Name='ProcessId'>3320</Data><Data Name='Image'>C:\Program Files\VMware\VMware Tools\vmtoolsd.exe</Data><Data Name='TargetFilename'>C:\Users\Public\abraham-export.ps1</Data><Data Name='CreationUtcTime'>2026-09-10 23:18:39.946</Data><Data Name='User'>NT AUTHORITY\SYSTEM</Data></EventData></Event>
<Event xmlns='http://schemas.microsoft.com/win/2004/08/events/event'><System><Provider Name='Microsoft-Windows-Sysmon' Guid='{5770385f-c22a-43e0-bf4c-06f5698ffbd9}'/><EventID>3</EventID><Version>5</Version><Level>4</Level><Task>3</Task><Opcode>0</Opcode><Keywords>0x8000000000000000</Keywords><TimeCreated SystemTime='2026-09-10T23:19:26.1044585Z'/><EventRecordID>64</EventRecordID><Correlation/><Execution ProcessID='8800' ThreadID='2868'/><Channel>Microsoft-Windows-Sysmon/Operational</Channel><Computer>Abraham</Computer><Security UserID='S-1-5-18'/></System><EventData><Data Name='RuleName'>Usermode</Data><Data Name='UtcTime'>2026-09-10 23:19:23.947</Data><Data Name='ProcessGuid'>{c4fe85a1-2a71-6aa3-0602-000000000a00}</Data><Data Name='ProcessId'>9508</Data><Data Name='Image'>C:\Users\antho\AppData\Local\Microsoft\OneDrive\OneDrive.exe</Data><Data Name='User'>Abraham\antho</Data><Data Name='Protocol'>tcp</Data><Data Name='Initiated'>true</Data><Data Name='SourceIsIpv6'>false</Data><Data Name='SourceIp'>192.168.162.128</Data><Data Name='SourceHostname'>Abraham.localdomain</Data><Data Name='SourcePort'>60286</Data><Data Name='SourcePortName'>-</Data><Data Name='DestinationIsIpv6'>false</Data><Data Name='DestinationIp'>20.52.64.200</Data><Data Name='DestinationHostname'>-</Data><Data Name='DestinationPort'>443</Data><Data Name='DestinationPortName'>https</Data></EventData></Event>
<Event xmlns='http://schemas.microsoft.com/win/2004/08/events/event'><System><Provider Name='Microsoft-Windows-Sysmon' Guid='{5770385f-c22a-43e0-bf4c-06f5698ffbd9}'/><EventID>1</EventID><Version>5</Version><Level>4</Level><Task>1</Task><Opcode>0</Opcode><Keywords>0x8000000000000000</Keywords><TimeCreated SystemTime='2026-09-10T23:18:51.0472983Z'/><EventRecordID>63</EventRecordID><Correlation/><Execution ProcessID='8800' ThreadID='7548'/><Channel>Microsoft-Windows-Sysmon/Operational</Channel><Computer>Abraham</Computer><Security UserID='S-1-5-18'/></System><EventData><Data Name='RuleName'>-</Data><Data Name='UtcTime'>2026-09-10 23:18:51.042</Data><Data Name='ProcessGuid'>{c4fe85a1-3adb-6aa3-3703-000000000a00}</Data><Data Name='ProcessId'>3384</Data><Data Name='Image'>C:\Windows\System32\wevtutil.exe</Data><Data Name='FileVersion'>10.0.26100.9444 (WinBuild.160101.0800)</Data><Data Name='Description'>Windows Event Log Utility</Data><Data Name='Product'>Microsoft® Windows® Operating System</Data><Data Name='Company'>Microsoft Corporation</Data><Data Name='OriginalFileName'>wevtutil.exe</Data><Data Name='CommandLine'>"C:\WINDOWS\system32\wevtutil.exe" e Microsoft-Windows-Sysmon/Operational C:\Users\Public\abraham-sysmon.evtx</Data><Data Name='CurrentDirectory'>C:\WINDOWS\system32\</Data><Data Name='User'>Abraham\lab</Data><Data Name='LogonGuid'>{c4fe85a1-3ada-6aa3-42d8-5c0000000000}</Data><Data Name='LogonId'>0x5cd842</Data><Data Name='TerminalSessionId'>0</Data><Data Name='IntegrityLevel'>High</Data><Data Name='Hashes'>MD5=F8DF0C7532F536B3683F29EFD9272E10,SHA256=C3D9616F7224BF8E9EFEA95780632DC5229D51C16C1DA74CEB37F7C125C9FAAC,IMPHASH=D0C77550F931D496F0A0F8F1F12495AE</Data><Data Name='ParentProcessGuid'>{c4fe85a1-3ada-6aa3-3403-000000000a00}</Data><Data Name='ParentProcessId'>7196</Data><Data Name='ParentImage'>C:\Windows\System32\WindowsPowerShell\v1.0\powershell.exe</Data><Data Name='ParentCommandLine'>"C:\Windows\System32\WindowsPowerShell\v1.0\powershell.exe" "-NoProfile" "-ExecutionPolicy" "Bypass" "-File" "C:\Users\Public\abraham-export.ps1" </Data><Data Name='ParentUser'>Abraham\lab</Data></EventData></Event>
<Event xmlns='http://schemas.microsoft.com/win/2004/08/events/event'><System><Provider Name='Microsoft-Windows-Sysmon' Guid='{5770385f-c22a-43e0-bf4c-06f5698ffbd9}'/><EventID>1</EventID><Version>5</Version><Level>4</Level><Task>1</Task><Opcode>0</Opcode><Keywords>0x8000000000000000</Keywords><TimeCreated SystemTime='2026-09-10T23:18:51.0224914Z'/><EventRecordID>62</EventRecordID><Correlation/><Execution ProcessID='8800' ThreadID='7548'/><Channel>Microsoft-Windows-Sysmon/Operational</Channel><Computer>Abraham</Computer><Security UserID='S-1-5-18'/></System><EventData><Data Name='RuleName'>-</Data><Data Name='UtcTime'>2026-09-10 23:18:51.017</Data><Data Name='ProcessGuid'>{c4fe85a1-3adb-6aa3-3603-000000000a00}</Data><Data Name='ProcessId'>6372</Data><Data Name='Image'>C:\Windows\System32\wevtutil.exe</Data><Data Name='FileVersion'>10.0.26100.9444 (WinBuild.160101.0800)</Data><Data Name='Description'>Windows Event Log Utility</Data><Data Name='Product'>Microsoft® Windows® Operating System</Data><Data Name='Company'>Microsoft Corporation</Data><Data Name='OriginalFileName'>wevtutil.exe</Data><Data Name='CommandLine'>"C:\WINDOWS\system32\wevtutil.exe" e Microsoft-Windows-Sysmon/Operational C:\Users\Public\abraham-sysmon.evtx /ow:true</Data><Data Name='CurrentDirectory'>C:\WINDOWS\system32\</Data><Data Name='User'>Abraham\lab</Data><Data Name='LogonGuid'>{c4fe85a1-3ada-6aa3-42d8-5c0000000000}</Data><Data Name='LogonId'>0x5cd842</Data><Data Name='TerminalSessionId'>0</Data><Data Name='IntegrityLevel'>High</Data><Data Name='Hashes'>MD5=F8DF0C7532F536B3683F29EFD9272E10,SHA256=C3D9616F7224BF8E9EFEA95780632DC5229D51C16C1DA74CEB37F7C125C9FAAC,IMPHASH=D0C77550F931D496F0A0F8F1F12495AE</Data><Data Name='ParentProcessGuid'>{c4fe85a1-3ada-6aa3-3403-000000000a00}</Data><Data Name='ParentProcessId'>7196</Data><Data Name='ParentImage'>C:\Windows\System32\WindowsPowerShell\v1.0\powershell.exe</Data><Data Name='ParentCommandLine'>"C:\Windows\System32\WindowsPowerShell\v1.0\powershell.exe" "-NoProfile" "-ExecutionPolicy" "Bypass" "-File" "C:\Users\Public\abraham-export.ps1" </Data><Data Name='ParentUser'>Abraham\lab</Data></EventData></Event>
<Event xmlns='http://schemas.microsoft.com/win/2004/08/events/event'><System><Provider Name='Microsoft-Windows-Sysmon' Guid='{5770385f-c22a-43e0-bf4c-06f5698ffbd9}'/><EventID>11</EventID><Version>2</Version><Level>4</Level><Task>11</Task><Opcode>0</Opcode><Keywords>0x8000000000000000</Keywords><TimeCreated SystemTime='2026-09-10T23:18:50.2381769Z'/><EventRecordID>61</EventRecordID><Correlation/><Execution ProcessID='8800' ThreadID='7548'/><Channel>Microsoft-Windows-Sysmon/Operational</Channel><Computer>Abraham</Computer><Security UserID='S-1-5-18'/></System><EventData><Data Name='RuleName'>-</Data><Data Name='UtcTime'>2026-09-10 23:18:50.236</Data><Data Name='ProcessGuid'>{c4fe85a1-3ada-6aa3-3403-000000000a00}</Data><Data Name='ProcessId'>7196</Data><Data Name='Image'>C:\Windows\System32\WindowsPowerShell\v1.0\powershell.exe</Data><Data Name='TargetFilename'>C:\Users\lab\AppData\Local\Temp\__PSScriptPolicyTest_5eqooth5.bjz.ps1</Data><Data Name='CreationUtcTime'>2026-09-10 23:18:50.236</Data><Data Name='User'>Abraham\lab</Data></EventData></Event>
<Event xmlns='http://schemas.microsoft.com/win/2004/08/events/event'><System><Provider Name='Microsoft-Windows-Sysmon' Guid='{5770385f-c22a-43e0-bf4c-06f5698ffbd9}'/><EventID>1</EventID><Version>5</Version><Level>4</Level><Task>1</Task><Opcode>0</Opcode><Keywords>0x8000000000000000</Keywords><TimeCreated SystemTime='2026-09-10T23:18:50.0597369Z'/><EventRecordID>60</EventRecordID><Correlation/><Execution ProcessID='8800' ThreadID='7548'/><Channel>Microsoft-Windows-Sysmon/Operational</Channel><Computer>Abraham</Computer><Security UserID='S-1-5-18'/></System><EventData><Data Name='RuleName'>-</Data><Data Name='UtcTime'>2026-09-10 23:18:50.058</Data><Data Name='ProcessGuid'>{c4fe85a1-3ada-6aa3-3403-000000000a00}</Data><Data Name='ProcessId'>7196</Data><Data Name='Image'>C:\Windows\System32\WindowsPowerShell\v1.0\powershell.exe</Data><Data Name='FileVersion'>10.0.26100.9278 (WinBuild.160101.0800)</Data><Data Name='Description'>Windows PowerShell</Data><Data Name='Product'>Microsoft® Windows® Operating System</Data><Data Name='Company'>Microsoft Corporation</Data><Data Name='OriginalFileName'>PowerShell.EXE</Data><Data Name='CommandLine'>"C:\Windows\System32\WindowsPowerShell\v1.0\powershell.exe" "-NoProfile" "-ExecutionPolicy" "Bypass" "-File" "C:\Users\Public\abraham-export.ps1" </Data><Data Name='CurrentDirectory'>C:\WINDOWS\system32\</Data><Data Name='User'>Abraham\lab</Data><Data Name='LogonGuid'>{c4fe85a1-3ada-6aa3-42d8-5c0000000000}</Data><Data Name='LogonId'>0x5cd842</Data><Data Name='TerminalSessionId'>0</Data><Data Name='IntegrityLevel'>High</Data><Data Name='Hashes'>MD5=61F649A6FDC374A6BF36C860519E017C,SHA256=8BB6FA8C283B4D92120B1EF249A9B311B0F804D4CABBE9981159976C8BE76A5E,IMPHASH=2F87CE4617F593D7148B739BBF06D059</Data><Data Name='ParentProcessGuid'>{c4fe85a1-264f-6aa3-4200-000000000a00}</Data><Data Name='ParentProcessId'>3320</Data><Data Name='ParentImage'>C:\Program Files\VMware\VMware Tools\vmtoolsd.exe</Data><Data Name='ParentCommandLine'>"C:\Program Files\VMware\VMware Tools\vmtoolsd.exe"</Data><Data Name='ParentUser'>NT AUTHORITY\SYSTEM</Data></EventData></Event>
<Event xmlns='http://schemas.microsoft.com/win/2004/08/events/event'><System><Provider Name='Microsoft-Windows-Sysmon' Guid='{5770385f-c22a-43e0-bf4c-06f5698ffbd9}'/><EventID>11</EventID><Version>2</Version><Level>4</Level><Task>11</Task><Opcode>0</Opcode><Keywords>0x8000000000000000</Keywords><TimeCreated SystemTime='2026-09-10T23:18:49.3680799Z'/><EventRecordID>59</EventRecordID><Correlation/><Execution ProcessID='8800' ThreadID='7548'/><Channel>Microsoft-Windows-Sysmon/Operational</Channel><Computer>Abraham</Computer><Security UserID='S-1-5-18'/></System><EventData><Data Name='RuleName'>-</Data><Data Name='UtcTime'>2026-09-10 23:18:49.366</Data><Data Name='ProcessGuid'>{c4fe85a1-264f-6aa3-4200-000000000a00}</Data><Data Name='ProcessId'>3320</Data><Data Name='Image'>C:\Program Files\VMware\VMware Tools\vmtoolsd.exe</Data><Data Name='TargetFilename'>C:\Users\Public\abraham-export.ps1</Data><Data Name='CreationUtcTime'>2026-09-10 23:18:07.899</Data><Data Name='User'>NT AUTHORITY\SYSTEM</Data></EventData></Event>
<Event xmlns='http://schemas.microsoft.com/win/2004/08/events/event'><System><Provider Name='Microsoft-Windows-Sysmon' Guid='{5770385f-c22a-43e0-bf4c-06f5698ffbd9}'/><EventID>11</EventID><Version>2</Version><Level>4</Level><Task>11</Task><Opcode>0</Opcode><Keywords>0x8000000000000000</Keywords><TimeCreated SystemTime='2026-09-10T23:18:23.0878033Z'/><EventRecordID>58</EventRecordID><Correlation/><Execution ProcessID='8800' ThreadID='7548'/><Channel>Microsoft-Windows-Sysmon/Operational</Channel><Computer>Abraham</Computer><Security UserID='S-1-5-18'/></System><EventData><Data Name='RuleName'>-</Data><Data Name='UtcTime'>2026-09-10 23:18:23.087</Data><Data Name='ProcessGuid'>{c4fe85a1-3abe-6aa3-2f03-000000000a00}</Data><Data Name='ProcessId'>3572</Data><Data Name='Image'>C:\Windows\System32\WindowsPowerShell\v1.0\powershell.exe</Data><Data Name='TargetFilename'>C:\Users\lab\AppData\Local\Temp\__PSScriptPolicyTest_3zswbxjl.dbe.ps1</Data><Data Name='CreationUtcTime'>2026-09-10 23:18:23.087</Data><Data Name='User'>Abraham\lab</Data></EventData></Event>
<Event xmlns='http://schemas.microsoft.com/win/2004/08/events/event'><System><Provider Name='Microsoft-Windows-Sysmon' Guid='{5770385f-c22a-43e0-bf4c-06f5698ffbd9}'/><EventID>1</EventID><Version>5</Version><Level>4</Level><Task>1</Task><Opcode>0</Opcode><Keywords>0x8000000000000000</Keywords><TimeCreated SystemTime='2026-09-10T23:18:23.0210689Z'/><EventRecordID>57</EventRecordID><Correlation/><Execution ProcessID='8800' ThreadID='7548'/><Channel>Microsoft-Windows-Sysmon/Operational</Channel><Computer>Abraham</Computer><Security UserID='S-1-5-18'/></System><EventData><Data Name='RuleName'>-</Data><Data Name='UtcTime'>2026-09-10 23:18:23.016</Data><Data Name='ProcessGuid'>{c4fe85a1-3abf-6aa3-3203-000000000a00}</Data><Data Name='ProcessId'>9128</Data><Data Name='Image'>C:\Windows\System32\wevtutil.exe</Data><Data Name='FileVersion'>10.0.26100.9444 (WinBuild.160101.0800)</Data><Data Name='Description'>Windows Event Log Utility</Data><Data Name='Product'>Microsoft® Windows® Operating System</Data><Data Name='Company'>Microsoft Corporation</Data><Data Name='OriginalFileName'>wevtutil.exe</Data><Data Name='CommandLine'>"C:\WINDOWS\system32\wevtutil.exe" e Microsoft-Windows-Sysmon/Operational C:\Users\Public\abraham-sysmon.evtx /uni:true /ow:true</Data><Data Name='CurrentDirectory'>C:\WINDOWS\system32\</Data><Data Name='User'>Abraham\lab</Data><Data Name='LogonGuid'>{c4fe85a1-3abe-6aa3-b851-5c0000000000}</Data><Data Name='LogonId'>0x5c51b8</Data><Data Name='TerminalSessionId'>0</Data><Data Name='IntegrityLevel'>High</Data><Data Name='Hashes'>MD5=F8DF0C7532F536B3683F29EFD9272E10,SHA256=C3D9616F7224BF8E9EFEA95780632DC5229D51C16C1DA74CEB37F7C125C9FAAC,IMPHASH=D0C77550F931D496F0A0F8F1F12495AE</Data><Data Name='ParentProcessGuid'>{c4fe85a1-3abe-6aa3-2f03-000000000a00}</Data><Data Name='ParentProcessId'>3572</Data><Data Name='ParentImage'>C:\Windows\System32\WindowsPowerShell\v1.0\powershell.exe</Data><Data Name='ParentCommandLine'>"C:\Windows\System32\WindowsPowerShell\v1.0\powershell.exe" "-NoProfile" "-ExecutionPolicy" "Bypass" "-File" "C:\Users\Public\abraham-export.ps1" </Data><Data Name='ParentUser'>Abraham\lab</Data></EventData></Event>
<Event xmlns='http://schemas.microsoft.com/win/2004/08/events/event'><System><Provider Name='Microsoft-Windows-Sysmon' Guid='{5770385f-c22a-43e0-bf4c-06f5698ffbd9}'/><EventID>11</EventID><Version>2</Version><Level>4</Level><Task>11</Task><Opcode>0</Opcode><Keywords>0x8000000000000000</Keywords><TimeCreated SystemTime='2026-09-10T23:18:22.2155422Z'/><EventRecordID>56</EventRecordID><Correlation/><Execution ProcessID='8800' ThreadID='7548'/><Channel>Microsoft-Windows-Sysmon/Operational</Channel><Computer>Abraham</Computer><Security UserID='S-1-5-18'/></System><EventData><Data Name='RuleName'>-</Data><Data Name='UtcTime'>2026-09-10 23:18:22.213</Data><Data Name='ProcessGuid'>{c4fe85a1-3abe-6aa3-2f03-000000000a00}</Data><Data Name='ProcessId'>3572</Data><Data Name='Image'>C:\Windows\System32\WindowsPowerShell\v1.0\powershell.exe</Data><Data Name='TargetFilename'>C:\Users\lab\AppData\Local\Temp\__PSScriptPolicyTest_ua1tasgx.v2n.ps1</Data><Data Name='CreationUtcTime'>2026-09-10 23:18:22.213</Data><Data Name='User'>Abraham\lab</Data></EventData></Event>
<Event xmlns='http://schemas.microsoft.com/win/2004/08/events/event'><System><Provider Name='Microsoft-Windows-Sysmon' Guid='{5770385f-c22a-43e0-bf4c-06f5698ffbd9}'/><EventID>1</EventID><Version>5</Version><Level>4</Level><Task>1</Task><Opcode>0</Opcode><Keywords>0x8000000000000000</Keywords><TimeCreated SystemTime='2026-09-10T23:18:22.0453224Z'/><EventRecordID>55</EventRecordID><Correlation/><Execution ProcessID='8800' ThreadID='7548'/><Channel>Microsoft-Windows-Sysmon/Operational</Channel><Computer>Abraham</Computer><Security UserID='S-1-5-18'/></System><EventData><Data Name='RuleName'>-</Data><Data Name='UtcTime'>2026-09-10 23:18:22.037</Data><Data Name='ProcessGuid'>{c4fe85a1-3abe-6aa3-2f03-000000000a00}</Data><Data Name='ProcessId'>3572</Data><Data Name='Image'>C:\Windows\System32\WindowsPowerShell\v1.0\powershell.exe</Data><Data Name='FileVersion'>10.0.26100.9278 (WinBuild.160101.0800)</Data><Data Name='Description'>Windows PowerShell</Data><Data Name='Product'>Microsoft® Windows® Operating System</Data><Data Name='Company'>Microsoft Corporation</Data><Data Name='OriginalFileName'>PowerShell.EXE</Data><Data Name='CommandLine'>"C:\Windows\System32\WindowsPowerShell\v1.0\powershell.exe" "-NoProfile" "-ExecutionPolicy" "Bypass" "-File" "C:\Users\Public\abraham-export.ps1" </Data><Data Name='CurrentDirectory'>C:\WINDOWS\system32\</Data><Data Name='User'>Abraham\lab</Data><Data Name='LogonGuid'>{c4fe85a1-3abe-6aa3-b851-5c0000000000}</Data><Data Name='LogonId'>0x5c51b8</Data><Data Name='TerminalSessionId'>0</Data><Data Name='IntegrityLevel'>High</Data><Data Name='Hashes'>MD5=61F649A6FDC374A6BF36C860519E017C,SHA256=8BB6FA8C283B4D92120B1EF249A9B311B0F804D4CABBE9981159976C8BE76A5E,IMPHASH=2F87CE4617F593D7148B739BBF06D059</Data><Data Name='ParentProcessGuid'>{c4fe85a1-264f-6aa3-4200-000000000a00}</Data><Data Name='ParentProcessId'>3320</Data><Data Name='ParentImage'>C:\Program Files\VMware\VMware Tools\vmtoolsd.exe</Data><Data Name='ParentCommandLine'>"C:\Program Files\VMware\VMware Tools\vmtoolsd.exe"</Data><Data Name='ParentUser'>NT AUTHORITY\SYSTEM</Data></EventData></Event>
<Event xmlns='http://schemas.microsoft.com/win/2004/08/events/event'><System><Provider Name='Microsoft-Windows-Sysmon' Guid='{5770385f-c22a-43e0-bf4c-06f5698ffbd9}'/><EventID>11</EventID><Version>2</Version><Level>4</Level><Task>11</Task><Opcode>0</Opcode><Keywords>0x8000000000000000</Keywords><TimeCreated SystemTime='2026-09-10T23:18:21.3577700Z'/><EventRecordID>54</EventRecordID><Correlation/><Execution ProcessID='8800' ThreadID='7548'/><Channel>Microsoft-Windows-Sysmon/Operational</Channel><Computer>Abraham</Computer><Security UserID='S-1-5-18'/></System><EventData><Data Name='RuleName'>-</Data><Data Name='UtcTime'>2026-09-10 23:18:21.356</Data><Data Name='ProcessGuid'>{c4fe85a1-264f-6aa3-4200-000000000a00}</Data><Data Name='ProcessId'>3320</Data><Data Name='Image'>C:\Program Files\VMware\VMware Tools\vmtoolsd.exe</Data><Data Name='TargetFilename'>C:\Users\Public\abraham-export.ps1</Data><Data Name='CreationUtcTime'>2026-09-10 23:18:21.356</Data><Data Name='User'>NT AUTHORITY\SYSTEM</Data></EventData></Event>
<Event xmlns='http://schemas.microsoft.com/win/2004/08/events/event'><System><Provider Name='Microsoft-Windows-Sysmon' Guid='{5770385f-c22a-43e0-bf4c-06f5698ffbd9}'/><EventID>1</EventID><Version>5</Version><Level>4</Level><Task>1</Task><Opcode>0</Opcode><Keywords>0x8000000000000000</Keywords><TimeCreated SystemTime='2026-09-10T23:17:31.8242661Z'/><EventRecordID>53</EventRecordID><Correlation/><Execution ProcessID='8800' ThreadID='7548'/><Channel>Microsoft-Windows-Sysmon/Operational</Channel><Computer>Abraham</Computer><Security UserID='S-1-5-18'/></System><EventData><Data Name='RuleName'>-</Data><Data Name='UtcTime'>2026-09-10 23:17:31.815</Data><Data Name='ProcessGuid'>{c4fe85a1-3a8b-6aa3-2e03-000000000a00}</Data><Data Name='ProcessId'>6008</Data><Data Name='Image'>C:\Windows\System32\rundll32.exe</Data><Data Name='FileVersion'>10.0.26100.9278 (WinBuild.160101.0800)</Data><Data Name='Description'>Windows host process (Rundll32)</Data><Data Name='Product'>Microsoft® Windows® Operating System</Data><Data Name='Company'>Microsoft Corporation</Data><Data Name='OriginalFileName'>RUNDLL32.EXE</Data><Data Name='CommandLine'>"C:\WINDOWS\system32\rundll32.exe" C:\WINDOWS\system32\AppxDeploymentClient.dll,AppxPreStageCleanupRunTask</Data><Data Name='CurrentDirectory'>C:\WINDOWS\system32\</Data><Data Name='User'>NT AUTHORITY\SYSTEM</Data><Data Name='LogonGuid'>{c4fe85a1-264c-6aa3-e703-000000000000}</Data><Data Name='LogonId'>0x3e7</Data><Data Name='TerminalSessionId'>0</Data><Data Name='IntegrityLevel'>System</Data><Data Name='Hashes'>MD5=0AE8896B13D785C56A75A5DAC3809036,SHA256=F3E73F8A59B991FA8CDB91D4B37E11110C33A9EABDB25AF8AC8AB5CCF9E3BBF5,IMPHASH=C8B70D465C35D895C4171BAF042BB63A</Data><Data Name='ParentProcessGuid'>{c4fe85a1-264e-6aa3-1b00-000000000a00}</Data><Data Name='ParentProcessId'>1520</Data><Data Name='ParentImage'>C:\Windows\System32\svchost.exe</Data><Data Name='ParentCommandLine'>C:\WINDOWS\system32\svchost.exe -k netsvcs -p -s Schedule</Data><Data Name='ParentUser'>NT AUTHORITY\SYSTEM</Data></EventData></Event>
<Event xmlns='http://schemas.microsoft.com/win/2004/08/events/event'><System><Provider Name='Microsoft-Windows-Sysmon' Guid='{5770385f-c22a-43e0-bf4c-06f5698ffbd9}'/><EventID>22</EventID><Version>5</Version><Level>4</Level><Task>22</Task><Opcode>0</Opcode><Keywords>0x8000000000000000</Keywords><TimeCreated SystemTime='2026-09-10T23:17:08.5873072Z'/><EventRecordID>52</EventRecordID><Correlation/><Execution ProcessID='8800' ThreadID='5644'/><Channel>Microsoft-Windows-Sysmon/Operational</Channel><Computer>Abraham</Computer><Security UserID='S-1-5-18'/></System><EventData><Data Name='RuleName'>-</Data><Data Name='UtcTime'>2026-09-10 23:17:07.394</Data><Data Name='ProcessGuid'>{c4fe85a1-264e-6aa3-2e00-000000000a00}</Data><Data Name='ProcessId'>2272</Data><Data Name='QueryName'>Abraham</Data><Data Name='QueryStatus'>1460</Data><Data Name='QueryResults'>-</Data><Data Name='Image'>C:\WINDOWS\system32\svchost.exe</Data><Data Name='User'>NT AUTHORITY\NETWORK SERVICE</Data></EventData></Event>
<Event xmlns='http://schemas.microsoft.com/win/2004/08/events/event'><System><Provider Name='Microsoft-Windows-Sysmon' Guid='{5770385f-c22a-43e0-bf4c-06f5698ffbd9}'/><EventID>1</EventID><Version>5</Version><Level>4</Level><Task>1</Task><Opcode>0</Opcode><Keywords>0x8000000000000000</Keywords><TimeCreated SystemTime='2026-09-10T23:14:22.2263650Z'/><EventRecordID>51</EventRecordID><Correlation/><Execution ProcessID='8800' ThreadID='7548'/><Channel>Microsoft-Windows-Sysmon/Operational</Channel><Computer>Abraham</Computer><Security UserID='S-1-5-18'/></System><EventData><Data Name='RuleName'>-</Data><Data Name='UtcTime'>2026-09-10 23:14:22.218</Data><Data Name='ProcessGuid'>{c4fe85a1-39ce-6aa3-2c03-000000000a00}</Data><Data Name='ProcessId'>8936</Data><Data Name='Image'>C:\Windows\System32\cmd.exe</Data><Data Name='FileVersion'>10.0.26100.9278 (WinBuild.160101.0800)</Data><Data Name='Description'>Windows Command Processor</Data><Data Name='Product'>Microsoft® Windows® Operating System</Data><Data Name='Company'>Microsoft Corporation</Data><Data Name='OriginalFileName'>Cmd.Exe</Data><Data Name='CommandLine'>"cmd.exe"  "C:\Users\lab\AppData\Local\Temp\vixScript0"</Data><Data Name='CurrentDirectory'>C:\WINDOWS\system32\</Data><Data Name='User'>Abraham\lab</Data><Data Name='LogonGuid'>{c4fe85a1-39ce-6aa3-707a-5b0000000000}</Data><Data Name='LogonId'>0x5b7a70</Data><Data Name='TerminalSessionId'>0</Data><Data Name='IntegrityLevel'>High</Data><Data Name='Hashes'>MD5=CE396564392FAFAAD5C07A5E2DADE4E6,SHA256=97AC98B1A92C286054CCE55239CFCCDFC23A5517BD07FE693072C9CA96C7DABB,IMPHASH=010B165E4C37F484601D3DBD700C9423</Data><Data Name='ParentProcessGuid'>{c4fe85a1-264f-6aa3-4200-000000000a00}</Data><Data Name='ParentProcessId'>3320</Data><Data Name='ParentImage'>C:\Program Files\VMware\VMware Tools\vmtoolsd.exe</Data><Data Name='ParentCommandLine'>"C:\Program Files\VMware\VMware Tools\vmtoolsd.exe"</Data><Data Name='ParentUser'>NT AUTHORITY\SYSTEM</Data></EventData></Event>
<Event xmlns='http://schemas.microsoft.com/win/2004/08/events/event'><System><Provider Name='Microsoft-Windows-Sysmon' Guid='{5770385f-c22a-43e0-bf4c-06f5698ffbd9}'/><EventID>1</EventID><Version>5</Version><Level>4</Level><Task>1</Task><Opcode>0</Opcode><Keywords>0x8000000000000000</Keywords><TimeCreated SystemTime='2026-09-10T23:13:52.5719737Z'/><EventRecordID>50</EventRecordID><Correlation/><Execution ProcessID='8800' ThreadID='7548'/><Channel>Microsoft-Windows-Sysmon/Operational</Channel><Computer>Abraham</Computer><Security UserID='S-1-5-18'/></System><EventData><Data Name='RuleName'>-</Data><Data Name='UtcTime'>2026-09-10 23:13:52.570</Data><Data Name='ProcessGuid'>{c4fe85a1-39b0-6aa3-2a03-000000000a00}</Data><Data Name='ProcessId'>9600</Data><Data Name='Image'>C:\Windows\System32\wevtutil.exe</Data><Data Name='FileVersion'>10.0.26100.9444 (WinBuild.160101.0800)</Data><Data Name='Description'>Windows Event Log Utility</Data><Data Name='Product'>Microsoft® Windows® Operating System</Data><Data Name='Company'>Microsoft Corporation</Data><Data Name='OriginalFileName'>wevtutil.exe</Data><Data Name='CommandLine'>"C:\Windows\System32\wevtutil.exe" "e" "Microsoft-Windows-Sysmon/Operational" "C:UsersPublicabraham-sysmon.evtx" "/uni:true" "/ow:true" </Data><Data Name='CurrentDirectory'>C:\WINDOWS\system32\</Data><Data Name='User'>Abraham\lab</Data><Data Name='LogonGuid'>{c4fe85a1-39b0-6aa3-934e-5b0000000000}</Data><Data Name='LogonId'>0x5b4e93</Data><Data Name='TerminalSessionId'>0</Data><Data Name='IntegrityLevel'>High</Data><Data Name='Hashes'>MD5=F8DF0C7532F536B3683F29EFD9272E10,SHA256=C3D9616F7224BF8E9EFEA95780632DC5229D51C16C1DA74CEB37F7C125C9FAAC,IMPHASH=D0C77550F931D496F0A0F8F1F12495AE</Data><Data Name='ParentProcessGuid'>{c4fe85a1-264f-6aa3-4200-000000000a00}</Data><Data Name='ParentProcessId'>3320</Data><Data Name='ParentImage'>C:\Program Files\VMware\VMware Tools\vmtoolsd.exe</Data><Data Name='ParentCommandLine'>"C:\Program Files\VMware\VMware Tools\vmtoolsd.exe"</Data><Data Name='ParentUser'>NT AUTHORITY\SYSTEM</Data></EventData></Event>
<Event xmlns='http://schemas.microsoft.com/win/2004/08/events/event'><System><Provider Name='Microsoft-Windows-Sysmon' Guid='{5770385f-c22a-43e0-bf4c-06f5698ffbd9}'/><EventID>1</EventID><Version>5</Version><Level>4</Level><Task>1</Task><Opcode>0</Opcode><Keywords>0x8000000000000000</Keywords><TimeCreated SystemTime='2026-09-10T23:13:36.6446542Z'/><EventRecordID>49</EventRecordID><Correlation/><Execution ProcessID='8800' ThreadID='7548'/><Channel>Microsoft-Windows-Sysmon/Operational</Channel><Computer>Abraham</Computer><Security UserID='S-1-5-18'/></System><EventData><Data Name='RuleName'>-</Data><Data Name='UtcTime'>2026-09-10 23:13:36.643</Data><Data Name='ProcessGuid'>{c4fe85a1-39a0-6aa3-2903-000000000a00}</Data><Data Name='ProcessId'>10244</Data><Data Name='Image'>C:\Windows\System32\taskhostw.exe</Data><Data Name='FileVersion'>10.0.26100.8328 (WinBuild.160101.0800)</Data><Data Name='Description'>Host Process for Windows Tasks</Data><Data Name='Product'>Microsoft® Windows® Operating System</Data><Data Name='Company'>Microsoft Corporation</Data><Data Name='OriginalFileName'>taskhostw.exe</Data><Data Name='CommandLine'>taskhostw.exe</Data><Data Name='CurrentDirectory'>C:\WINDOWS\system32\</Data><Data Name='User'>NT AUTHORITY\SYSTEM</Data><Data Name='LogonGuid'>{c4fe85a1-264c-6aa3-e703-000000000000}</Data><Data Name='LogonId'>0x3e7</Data><Data Name='TerminalSessionId'>0</Data><Data Name='IntegrityLevel'>System</Data><Data Name='Hashes'>MD5=9E9370331B9D14ABBA21091FFFCD1D1E,SHA256=EA8D441DF237FB3D3B7A27A95FDE186E19C94D58A618F5C29ED5FC13CB155E96,IMPHASH=2196268E7A2880E3ADC74481297D0C4B</Data><Data Name='ParentProcessGuid'>{c4fe85a1-264e-6aa3-1b00-000000000a00}</Data><Data Name='ParentProcessId'>1520</Data><Data Name='ParentImage'>C:\Windows\System32\svchost.exe</Data><Data Name='ParentCommandLine'>C:\WINDOWS\system32\svchost.exe -k netsvcs -p -s Schedule</Data><Data Name='ParentUser'>NT AUTHORITY\SYSTEM</Data></EventData></Event>
<Event xmlns='http://schemas.microsoft.com/win/2004/08/events/event'><System><Provider Name='Microsoft-Windows-Sysmon' Guid='{5770385f-c22a-43e0-bf4c-06f5698ffbd9}'/><EventID>22</EventID><Version>5</Version><Level>4</Level><Task>22</Task><Opcode>0</Opcode><Keywords>0x8000000000000000</Keywords><TimeCreated SystemTime='2026-09-10T23:13:34.5773260Z'/><EventRecordID>48</EventRecordID><Correlation/><Execution ProcessID='8800' ThreadID='5644'/><Channel>Microsoft-Windows-Sysmon/Operational</Channel><Computer>Abraham</Computer><Security UserID='S-1-5-18'/></System><EventData><Data Name='RuleName'>-</Data><Data Name='UtcTime'>2026-09-10 23:13:32.778</Data><Data Name='ProcessGuid'>{c4fe85a1-264e-6aa3-3400-000000000a00}</Data><Data Name='ProcessId'>2688</Data><Data Name='QueryName'>wpad</Data><Data Name='QueryStatus'>9003</Data><Data Name='QueryResults'>-</Data><Data Name='Image'>C:\Windows\System32\svchost.exe</Data><Data Name='User'>NT AUTHORITY\LOCAL SERVICE</Data></EventData></Event>
<Event xmlns='http://schemas.microsoft.com/win/2004/08/events/event'><System><Provider Name='Microsoft-Windows-Sysmon' Guid='{5770385f-c22a-43e0-bf4c-06f5698ffbd9}'/><EventID>22</EventID><Version>5</Version><Level>4</Level><Task>22</Task><Opcode>0</Opcode><Keywords>0x8000000000000000</Keywords><TimeCreated SystemTime='2026-09-10T23:13:34.5772893Z'/><EventRecordID>47</EventRecordID><Correlation/><Execution ProcessID='8800' ThreadID='5644'/><Channel>Microsoft-Windows-Sysmon/Operational</Channel><Computer>Abraham</Computer><Security UserID='S-1-5-18'/></System><EventData><Data Name='RuleName'>-</Data><Data Name='UtcTime'>2026-09-10 23:13:32.778</Data><Data Name='ProcessGuid'>{c4fe85a1-264e-6aa3-3400-000000000a00}</Data><Data Name='ProcessId'>2688</Data><Data Name='QueryName'>wpad</Data><Data Name='QueryStatus'>9003</Data><Data Name='QueryResults'>-</Data><Data Name='Image'>C:\WINDOWS\system32\svchost.exe</Data><Data Name='User'>NT AUTHORITY\LOCAL SERVICE</Data></EventData></Event>
<Event xmlns='http://schemas.microsoft.com/win/2004/08/events/event'><System><Provider Name='Microsoft-Windows-Sysmon' Guid='{5770385f-c22a-43e0-bf4c-06f5698ffbd9}'/><EventID>1</EventID><Version>5</Version><Level>4</Level><Task>1</Task><Opcode>0</Opcode><Keywords>0x8000000000000000</Keywords><TimeCreated SystemTime='2026-09-10T23:13:28.6698993Z'/><EventRecordID>46</EventRecordID><Correlation/><Execution ProcessID='8800' ThreadID='7548'/><Channel>Microsoft-Windows-Sysmon/Operational</Channel><Computer>Abraham</Computer><Security UserID='S-1-5-18'/></System><EventData><Data Name='RuleName'>-</Data><Data Name='UtcTime'>2026-09-10 23:13:28.663</Data><Data Name='ProcessGuid'>{c4fe85a1-3998-6aa3-2603-000000000a00}</Data><Data Name='ProcessId'>10944</Data><Data Name='Image'>C:\Windows\System32\wevtutil.exe</Data><Data Name='FileVersion'>10.0.26100.9444 (WinBuild.160101.0800)</Data><Data Name='Description'>Windows Event Log Utility</Data><Data Name='Product'>Microsoft® Windows® Operating System</Data><Data Name='Company'>Microsoft Corporation</Data><Data Name='OriginalFileName'>wevtutil.exe</Data><Data Name='CommandLine'>"C:\Windows\System32\wevtutil.exe" "e" "Microsoft-Windows-Sysmon/Operational" "C:UsersPublicabraham-sysmon.evtx" "/uni:true" "/ow:true" </Data><Data Name='CurrentDirectory'>C:\WINDOWS\system32\</Data><Data Name='User'>Abraham\lab</Data><Data Name='LogonGuid'>{c4fe85a1-3998-6aa3-7d26-5b0000000000}</Data><Data Name='LogonId'>0x5b267d</Data><Data Name='TerminalSessionId'>0</Data><Data Name='IntegrityLevel'>High</Data><Data Name='Hashes'>MD5=F8DF0C7532F536B3683F29EFD9272E10,SHA256=C3D9616F7224BF8E9EFEA95780632DC5229D51C16C1DA74CEB37F7C125C9FAAC,IMPHASH=D0C77550F931D496F0A0F8F1F12495AE</Data><Data Name='ParentProcessGuid'>{c4fe85a1-264f-6aa3-4200-000000000a00}</Data><Data Name='ParentProcessId'>3320</Data><Data Name='ParentImage'>C:\Program Files\VMware\VMware Tools\vmtoolsd.exe</Data><Data Name='ParentCommandLine'>"C:\Program Files\VMware\VMware Tools\vmtoolsd.exe"</Data><Data Name='ParentUser'>NT AUTHORITY\SYSTEM</Data></EventData></Event>
<Event xmlns='http://schemas.microsoft.com/win/2004/08/events/event'><System><Provider Name='Microsoft-Windows-Sysmon' Guid='{5770385f-c22a-43e0-bf4c-06f5698ffbd9}'/><EventID>1</EventID><Version>5</Version><Level>4</Level><Task>1</Task><Opcode>0</Opcode><Keywords>0x8000000000000000</Keywords><TimeCreated SystemTime='2026-09-10T23:13:01.5920196Z'/><EventRecordID>45</EventRecordID><Correlation/><Execution ProcessID='8800' ThreadID='7548'/><Channel>Microsoft-Windows-Sysmon/Operational</Channel><Computer>Abraham</Computer><Security UserID='S-1-5-18'/></System><EventData><Data Name='RuleName'>-</Data><Data Name='UtcTime'>2026-09-10 23:13:01.583</Data><Data Name='ProcessGuid'>{c4fe85a1-397d-6aa3-2503-000000000a00}</Data><Data Name='ProcessId'>7652</Data><Data Name='Image'>C:\Windows\SystemApps\MicrosoftWindows.Client.CBS_cw5n1h2txyewy\SoftLandingTask\SoftLandingTask.exe</Data><Data Name='FileVersion'>2607.28001.0.0</Data><Data Name='Description'>-</Data><Data Name='Product'>Microsoft® Windows® Operating System</Data><Data Name='Company'>Microsoft Corporation</Data><Data Name='OriginalFileName'>SoftLandingTask.exe</Data><Data Name='CommandLine'>"C:\WINDOWS\SystemApps\MicrosoftWindows.Client.CBS_cw5n1h2txyewy\SoftLandingTask\SoftLandingTask.exe" -Embedding</Data><Data Name='CurrentDirectory'>C:\WINDOWS\system32\</Data><Data Name='User'>Abraham\antho</Data><Data Name='LogonGuid'>{c4fe85a1-2a66-6aa3-5cf0-210000000000}</Data><Data Name='LogonId'>0x21f05c</Data><Data Name='TerminalSessionId'>1</Data><Data Name='IntegrityLevel'>Medium</Data><Data Name='Hashes'>MD5=235D97F0DF60D31200718D19C8AC476E,SHA256=92205264CEDDAA7F2120049EB0B34B4FB732FCE80BBE93016CCE3C0422135931,IMPHASH=41FAA649D6771CE7D2A185A37249990B</Data><Data Name='ParentProcessGuid'>{c4fe85a1-264d-6aa3-0d00-000000000a00}</Data><Data Name='ParentProcessId'>372</Data><Data Name='ParentImage'>C:\Windows\System32\svchost.exe</Data><Data Name='ParentCommandLine'>C:\WINDOWS\system32\svchost.exe -k DcomLaunch -p</Data><Data Name='ParentUser'>NT AUTHORITY\SYSTEM</Data></EventData></Event>
<Event xmlns='http://schemas.microsoft.com/win/2004/08/events/event'><System><Provider Name='Microsoft-Windows-Sysmon' Guid='{5770385f-c22a-43e0-bf4c-06f5698ffbd9}'/><EventID>1</EventID><Version>5</Version><Level>4</Level><Task>1</Task><Opcode>0</Opcode><Keywords>0x8000000000000000</Keywords><TimeCreated SystemTime='2026-09-10T23:13:01.5502944Z'/><EventRecordID>44</EventRecordID><Correlation/><Execution ProcessID='8800' ThreadID='7548'/><Channel>Microsoft-Windows-Sysmon/Operational</Channel><Computer>Abraham</Computer><Security UserID='S-1-5-18'/></System><EventData><Data Name='RuleName'>-</Data><Data Name='UtcTime'>2026-09-10 23:13:01.548</Data><Data Name='ProcessGuid'>{c4fe85a1-397d-6aa3-2403-000000000a00}</Data><Data Name='ProcessId'>3428</Data><Data Name='Image'>C:\Windows\System32\taskhostw.exe</Data><Data Name='FileVersion'>10.0.26100.8328 (WinBuild.160101.0800)</Data><Data Name='Description'>Host Process for Windows Tasks</Data><Data Name='Product'>Microsoft® Windows® Operating System</Data><Data Name='Company'>Microsoft Corporation</Data><Data Name='OriginalFileName'>taskhostw.exe</Data><Data Name='CommandLine'>taskhostw.exe CreativeId:18=128000000001615609;CourtesyOverrideRuleName:4=none;</Data><Data Name='CurrentDirectory'>C:\WINDOWS\system32\</Data><Data Name='User'>Abraham\antho</Data><Data Name='LogonGuid'>{c4fe85a1-2a66-6aa3-5cf0-210000000000}</Data><Data Name='LogonId'>0x21f05c</Data><Data Name='TerminalSessionId'>1</Data><Data Name='IntegrityLevel'>Medium</Data><Data Name='Hashes'>MD5=9E9370331B9D14ABBA21091FFFCD1D1E,SHA256=EA8D441DF237FB3D3B7A27A95FDE186E19C94D58A618F5C29ED5FC13CB155E96,IMPHASH=2196268E7A2880E3ADC74481297D0C4B</Data><Data Name='ParentProcessGuid'>{c4fe85a1-264e-6aa3-1b00-000000000a00}</Data><Data Name='ParentProcessId'>1520</Data><Data Name='ParentImage'>C:\Windows\System32\svchost.exe</Data><Data Name='ParentCommandLine'>C:\WINDOWS\system32\svchost.exe -k netsvcs -p -s Schedule</Data><Data Name='ParentUser'>NT AUTHORITY\SYSTEM</Data></EventData></Event>
